{"devicePlatform":"","logFolder":"C:\\Users\\Hector\\Documents\\HRInternetConsulting\\Clients\\FHCRC\\Tachyon\\src\\RegressionTests\\Katalon\\OptidesTests\\Reports\\OptidesLabkeyTests\\20180215_143818","runData":{"hostName":"Hector - 140.107.11.14","hostAddress":"140.107.11.14","os":"Windows 8.1 64bit","katalonVersion":"5.1.0.2"},"type":"TEST_SUITE","name":"OptidesLabkeyTests","id":"Test Suites/OptidesLabkeyTests","source":"","message":"Test Cases/InSilicoAssay Weekly Cron Test FAILED because (of) Unable to open browser with url: \u0027https://optides-dev-lk1.fhcrc.org\u0027 (Root cause: org.openqa.selenium.WebDriverException: Cannot find firefox binary in PATH. Make sure firefox is installed. OS appears to be: WIN8_1\nBuild info: version: \u00273.7.1\u0027, revision: \u00278a0099a\u0027, time: \u00272017-11-06T21:07:36.161Z\u0027\nSystem info: host: \u0027HRPC03\u0027, ip: \u0027140.107.11.14\u0027, os.name: \u0027Windows 8.1\u0027, os.arch: \u0027amd64\u0027, os.version: \u00276.3\u0027, java.version: \u00271.8.0_102\u0027\nDriver info: driver.version: unknown)","description":"","startTime":1518734301302,"endTime":1518734303980,"childRecords":[{"isOptional":false,"type":"TEST_CASE","name":"Test Cases/InSilicoAssay Weekly Cron Test","id":"Test Cases/InSilicoAssay Weekly Cron Test","source":"C:\\\\Users\\\\Hector\\\\Documents\\\\HRInternetConsulting\\\\Clients\\\\FHCRC\\\\Tachyon\\\\src\\\\RegressionTests\\\\Katalon\\\\OptidesTestsTest Cases\\\\InSilicoAssay Weekly Cron Test.tc","message":"Test Cases/InSilicoAssay Weekly Cron Test FAILED because (of) Unable to open browser with url: \u0027https://optides-dev-lk1.fhcrc.org\u0027 (Root cause: org.openqa.selenium.WebDriverException: Cannot find firefox binary in PATH. Make sure firefox is installed. OS appears to be: WIN8_1\nBuild info: version: \u00273.7.1\u0027, revision: \u00278a0099a\u0027, time: \u00272017-11-06T21:07:36.161Z\u0027\nSystem info: host: \u0027HRPC03\u0027, ip: \u0027140.107.11.14\u0027, os.name: \u0027Windows 8.1\u0027, os.arch: \u0027amd64\u0027, os.version: \u00276.3\u0027, java.version: \u00271.8.0_102\u0027\nDriver info: driver.version: unknown)","description":"","startTime":1518734301782,"endTime":1518734303835,"childRecords":[{"testStatus":{"stackTrace":"","statusValue":"INFO"},"type":"MESSAGE","name":"","message":"Evaluating variables for test case","startTime":1518734302040,"endTime":0,"childRecords":[],"interuppted":false},{"index":1,"isIgnoredIfFailed":false,"type":"TEST_STEP","name":"callTestCase","message":"Unable to call Test Case with id \u0027Test Cases/OpenAndLogIn\u0027 (Root cause: Call Test Case \u0027Test Cases/OpenAndLogIn\u0027 failed)","description":"use global script for log in with credentials and BASE_URL set there","startTime":1518734302691,"endTime":1518734303822,"childRecords":[{"isOptional":false,"type":"TEST_CASE","name":"Test Cases/OpenAndLogIn","id":"Test Cases/OpenAndLogIn","source":"C:\\\\Users\\\\Hector\\\\Documents\\\\HRInternetConsulting\\\\Clients\\\\FHCRC\\\\Tachyon\\\\src\\\\RegressionTests\\\\Katalon\\\\OptidesTestsTest Cases\\\\OpenAndLogIn.tc","message":"Test Cases/OpenAndLogIn FAILED because (of) Unable to open browser with url: \u0027https://optides-dev-lk1.fhcrc.org\u0027 (Root cause: org.openqa.selenium.WebDriverException: Cannot find firefox binary in PATH. Make sure firefox is installed. OS appears to be: WIN8_1\nBuild info: version: \u00273.7.1\u0027, revision: \u00278a0099a\u0027, time: \u00272017-11-06T21:07:36.161Z\u0027\nSystem info: host: \u0027HRPC03\u0027, ip: \u0027140.107.11.14\u0027, os.name: \u0027Windows 8.1\u0027, os.arch: \u0027amd64\u0027, os.version: \u00276.3\u0027, java.version: \u00271.8.0_102\u0027\nDriver info: driver.version: unknown)","description":"log in to optides","startTime":1518734302837,"endTime":1518734303802,"childRecords":[{"testStatus":{"stackTrace":"","statusValue":"INFO"},"type":"MESSAGE","name":"","message":"Evaluating variables for test case","startTime":1518734302859,"endTime":0,"childRecords":[],"interuppted":false},{"index":1,"isIgnoredIfFailed":false,"type":"TEST_STEP","name":"openBrowser","message":"Unable to open browser with url: \u0027https://optides-dev-lk1.fhcrc.org\u0027 (Root cause: org.openqa.selenium.WebDriverException: Cannot find firefox binary in PATH. Make sure firefox is installed. OS appears to be: WIN8_1\nBuild info: version: \u00273.7.1\u0027, revision: \u00278a0099a\u0027, time: \u00272017-11-06T21:07:36.161Z\u0027\nSystem info: host: \u0027HRPC03\u0027, ip: \u0027140.107.11.14\u0027, os.name: \u0027Windows 8.1\u0027, os.arch: \u0027amd64\u0027, os.version: \u00276.3\u0027, java.version: \u00271.8.0_102\u0027\nDriver info: driver.version: unknown)","description":"","startTime":1518734303109,"endTime":1518734303796,"childRecords":[{"testStatus":{"stackTrace":"","statusValue":"FAILED"},"type":"MESSAGE","name":"","message":"Unable to open browser with url: \u0027https://optides-dev-lk1.fhcrc.org\u0027 (Root cause: org.openqa.selenium.WebDriverException: Cannot find firefox binary in PATH. Make sure firefox is installed. OS appears to be: WIN8_1\nBuild info: version: \u00273.7.1\u0027, revision: \u00278a0099a\u0027, time: \u00272017-11-06T21:07:36.161Z\u0027\nSystem info: host: \u0027HRPC03\u0027, ip: \u0027140.107.11.14\u0027, os.name: \u0027Windows 8.1\u0027, os.arch: \u0027amd64\u0027, os.version: \u00276.3\u0027, java.version: \u00271.8.0_102\u0027\nDriver info: driver.version: unknown)","startTime":1518734303793,"endTime":0,"childRecords":[],"interuppted":false}],"interuppted":false},{"testStatus":{"stackTrace":"","statusValue":"FAILED"},"type":"MESSAGE","name":"","message":"Test Cases/OpenAndLogIn FAILED because (of) Unable to open browser with url: \u0027https://optides-dev-lk1.fhcrc.org\u0027 (Root cause: org.openqa.selenium.WebDriverException: Cannot find firefox binary in PATH. Make sure firefox is installed. OS appears to be: WIN8_1\nBuild info: version: \u00273.7.1\u0027, revision: \u00278a0099a\u0027, time: \u00272017-11-06T21:07:36.161Z\u0027\nSystem info: host: \u0027HRPC03\u0027, ip: \u0027140.107.11.14\u0027, os.name: \u0027Windows 8.1\u0027, os.arch: \u0027amd64\u0027, os.version: \u00276.3\u0027, java.version: \u00271.8.0_102\u0027\nDriver info: driver.version: unknown)","startTime":1518734303802,"endTime":0,"childRecords":[],"interuppted":false}],"interuppted":false},{"testStatus":{"stackTrace":"","statusValue":"FAILED"},"type":"MESSAGE","name":"","message":"Unable to call Test Case with id \u0027Test Cases/OpenAndLogIn\u0027 (Root cause: Call Test Case \u0027Test Cases/OpenAndLogIn\u0027 failed)","startTime":1518734303822,"endTime":0,"childRecords":[],"interuppted":false}],"interuppted":false},{"testStatus":{"stackTrace":"","statusValue":"FAILED"},"type":"MESSAGE","name":"","message":"Test Cases/InSilicoAssay Weekly Cron Test FAILED because (of) Unable to open browser with url: \u0027https://optides-dev-lk1.fhcrc.org\u0027 (Root cause: org.openqa.selenium.WebDriverException: Cannot find firefox binary in PATH. Make sure firefox is installed. OS appears to be: WIN8_1\nBuild info: version: \u00273.7.1\u0027, revision: \u00278a0099a\u0027, time: \u00272017-11-06T21:07:36.161Z\u0027\nSystem info: host: \u0027HRPC03\u0027, ip: \u0027140.107.11.14\u0027, os.name: \u0027Windows 8.1\u0027, os.arch: \u0027amd64\u0027, os.version: \u00276.3\u0027, java.version: \u00271.8.0_102\u0027\nDriver info: driver.version: unknown)","startTime":1518734303822,"endTime":0,"childRecords":[],"interuppted":false}],"interuppted":false}],"interuppted":false}