<?xml version="1.0" encoding="UTF-8"?>
<testsuites name="OptidesLabkeyTests" time="63" tests="0" failures="1" errors="0">
   <testsuite name="OptidesLabkeyTests" tests="0" failures="1" errors="0" time="63" timestamp="2018-03-27 14:17:14" hostname="Hector - 140.107.11.187" id="Test Suites/OptidesLabkeyTests">
      <properties>
         <property name="deviceName" value=""/>
         <property name="devicePlatform" value=""/>
         <property name="logFolder" value="C:\\Users\\Hector\\Documents\\HRInternetConsulting\\Clients\\FHCRC\\Tachyon\\src\\RegressionTests\\Katalon\\OptidesTests\\Reports\\OptidesLabkeyTests\\20180327_141711"/>
         <property name="logFiles" value="C:\\Users\\Hector\\Documents\\HRInternetConsulting\\Clients\\FHCRC\\Tachyon\\src\\RegressionTests\\Katalon\\OptidesTests\\Reports\\OptidesLabkeyTests\\20180327_141711\\execution0.log"/>
         <property name="attachments" value="C:\\Users\\Hector\\Documents\\HRInternetConsulting\\Clients\\FHCRC\\Tachyon\\src\\RegressionTests\\Katalon\\OptidesTests\\Reports\\OptidesLabkeyTests\\20180327_141711\\1522185497153.png"/>
         <property name="hostName" value="Hector - 140.107.11.187"/>
         <property name="os" value="Windows 8.1 64bit"/>
         <property name="katalonVersion" value="5.3.1.1"/>
         <property name="browser" value="Chrome 65.0.3325.181"/>
         <property name="hostAddress" value="140.107.11.187"/>
         <property name="sessionId" value="3c4e5306cc3da23b564bd90794602010"/>
         <property name="seleniumVersion" value="3.7.1"/>
         <property name="proxyInformation" value="ProxyInformation{proxyOption=NO_PROXY, proxyServerType=HTTP, password=, proxyServerAddress=, proxyServerPort=0}"/>
         <property name="platform" value="Windows 8.1"/>
      </properties>
      <testcase name="Test Cases/HPLC Image Assay Pipeline" classname="Test Cases/HPLC Image Assay Pipeline" status="FAILED">
         <failure type="FAILED" message="Unable to click on object 'Object Repository/Page_Assay Dashboard HTProduction/link_Assays' (Root cause: com.kms.katalon.core.webui.exception.WebElementNotFoundException: Web element with id: 'Object Repository/Page_Assay Dashboard HTProduction/link_Assays' located by 'By.xpath: //div/div/div/div/a[count(. | //a[(contains(text(), 'Assays') or contains(., 'Assays')) and @href = '/project/Optides/HTProduction/Assays/begin.view?']) = count(//a[(contains(text(), 'Assays') or contains(., 'Assays')) and @href = '/project/Optides/HTProduction/Assays/begin.view?'])]' not found)"/>
         <system-out><![CDATA[2018-03-27 14:17:14 - [TEST_CASE][FAILED] - Test Cases/HPLC Image Assay Pipeline: Test Cases/HPLC Image Assay Pipeline FAILED because (of) Unable to click on object 'Object Repository/Page_Assay Dashboard HTProduction/link_Assays' (Root cause: com.kms.katalon.core.webui.exception.WebElementNotFoundException: Web element with id: 'Object Repository/Page_Assay Dashboard HTProduction/link_Assays' located by 'By.xpath: //div/div/div/div/a[count(. | //a[(contains(text(), 'Assays') or contains(., 'Assays')) and @href = '/project/Optides/HTProduction/Assays/begin.view?']) = count(//a[(contains(text(), 'Assays') or contains(., 'Assays')) and @href = '/project/Optides/HTProduction/Assays/begin.view?'])]' not found)

2018-03-27 14:17:15 - [TEST_STEP][PASSED] - callTestCase: Call Test Case 'Test Cases/OpenAndLogIn' successfully

2018-03-27 14:17:15 - [TEST_CASE][PASSED] - Test Cases/OpenAndLogIn: Test Cases/OpenAndLogIn

2018-03-27 14:17:15 - [TEST_STEP][PASSED] - openBrowser: Browser is opened with url: 'https://optides-stage.fhcrc.org'

2018-03-27 14:17:19 - [MESSAGE][PASSED] - Browser is opened with url: 'https://optides-stage.fhcrc.org'

2018-03-27 14:17:19 - [TEST_STEP][PASSED] - setViewPortSize: Viewport is set to new size with width = 2000 and height = 1500

2018-03-27 14:17:20 - [MESSAGE][PASSED] - Viewport is set to new size with width = 2000 and height = 1500

2018-03-27 14:17:20 - [TEST_STEP][PASSED] - click: Object: 'Object Repository/LSC_objects/Page_Optide Dev Server home/a_SignIn' is clicked on

2018-03-27 14:17:22 - [MESSAGE][PASSED] - Object: 'Object Repository/LSC_objects/Page_Optide Dev Server home/a_SignIn' is clicked on

2018-03-27 14:17:22 - [TEST_STEP][PASSED] - setText: Text 'hramos@fhcrc.org' is set on object 'Object Repository/LSC_objects/Page_Sign In/input_email'

2018-03-27 14:17:22 - [MESSAGE][PASSED] - Text 'hramos@fhcrc.org' is set on object 'Object Repository/LSC_objects/Page_Sign In/input_email'

2018-03-27 14:17:22 - [TEST_STEP][PASSED] - setText: Text 'One1Two2' is set on object 'Object Repository/LSC_objects/Page_Sign In/input_password'

2018-03-27 14:17:22 - [MESSAGE][PASSED] - Text 'One1Two2' is set on object 'Object Repository/LSC_objects/Page_Sign In/input_password'

2018-03-27 14:17:22 - [TEST_STEP][PASSED] - click: Object: 'Object Repository/LSC_objects/Page_Sign In/span_Sign In' is clicked on

2018-03-27 14:17:22 - [MESSAGE][PASSED] - Object: 'Object Repository/LSC_objects/Page_Sign In/span_Sign In' is clicked on

2018-03-27 14:17:22 - [TEST_STEP][PASSED] - click: Object: 'Object Repository/LSC_objects/Page_Optide Dev Server home/span_Optides' is clicked on

2018-03-27 14:17:25 - [MESSAGE][PASSED] - Object: 'Object Repository/LSC_objects/Page_Optide Dev Server home/span_Optides' is clicked on

2018-03-27 14:17:25 - [MESSAGE][PASSED] - Call Test Case 'Test Cases/OpenAndLogIn' successfully

2018-03-27 14:17:25 - [TEST_STEP][PASSED] - mouseOver: Object: 'Object Repository/Page_Start Page Optides/menu_HTProduction' is hovered

2018-03-27 14:17:26 - [MESSAGE][PASSED] - Object: 'Object Repository/Page_Start Page Optides/menu_HTProduction' is hovered

2018-03-27 14:17:26 - [TEST_STEP][PASSED] - waitForElementVisible: Object 'Object Repository/Page_Start Page Optides/a_Assays' is visible

2018-03-27 14:17:26 - [MESSAGE][WARNING] - Timeout '0' is invalid. Using default page load timeout: '30'

2018-03-27 14:17:26 - [MESSAGE][PASSED] - Object 'Object Repository/Page_Start Page Optides/a_Assays' is visible

2018-03-27 14:17:26 - [TEST_STEP][PASSED] - click: Object: 'Object Repository/Page_Start Page Optides/a_Assays' is clicked on

2018-03-27 14:17:28 - [MESSAGE][PASSED] - Object: 'Object Repository/Page_Start Page Optides/a_Assays' is clicked on

2018-03-27 14:17:28 - [TEST_STEP][PASSED] - refresh: Refresh successfully

2018-03-27 14:17:29 - [MESSAGE][PASSED] - Refresh successfully

2018-03-27 14:17:29 - [TEST_STEP][PASSED] - delay: Delayed 3 second(s)

2018-03-27 14:17:32 - [MESSAGE][PASSED] - Delayed 3 second(s)

2018-03-27 14:17:32 - [TEST_STEP][PASSED] - doubleClick: Object: 'Object Repository/Page_Assay Dashboard HTProduction/file_HPLC_Assay_Images' is double clicked on

2018-03-27 14:17:33 - [MESSAGE][PASSED] - Object: 'Object Repository/Page_Assay Dashboard HTProduction/file_HPLC_Assay_Images' is double clicked on

2018-03-27 14:17:33 - [TEST_STEP][PASSED] - waitForElementPresent: Object 'Object Repository/Page_Assay Dashboard HTProduction/file_HT0102' is present

2018-03-27 14:17:33 - [MESSAGE][WARNING] - Timeout '0' is invalid. Using default page load timeout: '30'

2018-03-27 14:17:33 - [MESSAGE][PASSED] - Object 'Object Repository/Page_Assay Dashboard HTProduction/file_HT0102' is present

2018-03-27 14:17:33 - [TEST_STEP][PASSED] - doubleClick: Object: 'Object Repository/Page_Assay Dashboard HTProduction/file_HT0102' is double clicked on

2018-03-27 14:17:33 - [MESSAGE][PASSED] - Object: 'Object Repository/Page_Assay Dashboard HTProduction/file_HT0102' is double clicked on

2018-03-27 14:17:33 - [TEST_STEP][PASSED] - waitForElementPresent: Object 'Object Repository/Page_Assay Dashboard HTProduction/file_HT01021A01_Perfect_etc' is present

2018-03-27 14:17:33 - [MESSAGE][WARNING] - Timeout '0' is invalid. Using default page load timeout: '30'

2018-03-27 14:17:36 - [MESSAGE][PASSED] - Object 'Object Repository/Page_Assay Dashboard HTProduction/file_HT01021A01_Perfect_etc' is present

2018-03-27 14:17:36 - [TEST_STEP][PASSED] - click: Object: 'Object Repository/Page_Assay Dashboard HTProduction/file_HT01021A01_Perfect_etc' is clicked on

2018-03-27 14:17:36 - [MESSAGE][PASSED] - Object: 'Object Repository/Page_Assay Dashboard HTProduction/file_HT01021A01_Perfect_etc' is clicked on

2018-03-27 14:17:36 - [TEST_STEP][PASSED] - click: Object: 'Object Repository/Page_Assay Dashboard HTProduction/file_HT01021A02_Complex_etc' is clicked on

2018-03-27 14:17:36 - [MESSAGE][PASSED] - Object: 'Object Repository/Page_Assay Dashboard HTProduction/file_HT01021A02_Complex_etc' is clicked on

2018-03-27 14:17:36 - [TEST_STEP][PASSED] - click: Object: 'Object Repository/Page_Assay Dashboard HTProduction/file_HT01021A03_Simple_etc' is clicked on

2018-03-27 14:17:37 - [MESSAGE][PASSED] - Object: 'Object Repository/Page_Assay Dashboard HTProduction/file_HT01021A03_Simple_etc' is clicked on

2018-03-27 14:17:37 - [TEST_STEP][PASSED] - click: Object: 'Object Repository/Page_Assay Dashboard HTProduction/file_HT01021A04_Perfect_523.58_6.53.jpg' is clicked on

2018-03-27 14:17:37 - [MESSAGE][PASSED] - Object: 'Object Repository/Page_Assay Dashboard HTProduction/file_HT01021A04_Perfect_523.58_6.53.jpg' is clicked on

2018-03-27 14:17:37 - [TEST_STEP][PASSED] - click: Object: 'Object Repository/Page_Assay Dashboard HTProduction/file_HT01021A05' is clicked on

2018-03-27 14:17:37 - [MESSAGE][PASSED] - Object: 'Object Repository/Page_Assay Dashboard HTProduction/file_HT01021A05' is clicked on

2018-03-27 14:17:37 - [TEST_STEP][PASSED] - click: Object: 'Object Repository/Page_Assay Dashboard OptidesCompoun/span_Import Data' is clicked on

2018-03-27 14:17:37 - [MESSAGE][PASSED] - Object: 'Object Repository/Page_Assay Dashboard OptidesCompoun/span_Import Data' is clicked on

2018-03-27 14:17:37 - [TEST_STEP][PASSED] - click: Object: 'Object Repository/Page_Assay Dashboard HTProduction/radioBtn_Update HPLC Assay' is clicked on

2018-03-27 14:17:37 - [MESSAGE][PASSED] - Object: 'Object Repository/Page_Assay Dashboard HTProduction/radioBtn_Update HPLC Assay' is clicked on

2018-03-27 14:17:37 - [TEST_STEP][PASSED] - click: Object: 'Object Repository/Page_Assay Dashboard OptidesCompoun/button_Import' is clicked on

2018-03-27 14:17:38 - [MESSAGE][PASSED] - Object: 'Object Repository/Page_Assay Dashboard OptidesCompoun/button_Import' is clicked on

2018-03-27 14:17:38 - [TEST_STEP][PASSED] - waitForElementVisible: Object 'Object Repository/Page_Upload_HT_Delivery_Info/a_submitButton' is visible

2018-03-27 14:17:38 - [MESSAGE][WARNING] - Timeout '0' is invalid. Using default page load timeout: '30'

2018-03-27 14:17:39 - [MESSAGE][PASSED] - Object 'Object Repository/Page_Upload_HT_Delivery_Info/a_submitButton' is visible

2018-03-27 14:17:39 - [TEST_STEP][PASSED] - Statement - If (com.kms.katalon.core.webui.keyword.WebUiBuiltInKeywords.verifyElementVisible(com.kms.katalon.core.testobject.ObjectRepository.findTestObject(input_ProtocolName), CONTINUE_ON_FAILURE)): Text 'TEST -Assay Image Import01' is set on object 'Object Repository/input_ProtocolName'

2018-03-27 14:17:39 - [MESSAGE][PASSED] - Object 'Object Repository/input_ProtocolName' is visible

2018-03-27 14:17:39 - [TEST_STEP][PASSED] - setText: Text 'TEST -Assay Image Import01' is set on object 'Object Repository/input_ProtocolName'

2018-03-27 14:17:39 - [MESSAGE][PASSED] - Text 'TEST -Assay Image Import01' is set on object 'Object Repository/input_ProtocolName'

2018-03-27 14:17:39 - [TEST_STEP][PASSED] - click: Object: 'Object Repository/Page_Upload_HT_Delivery_Info/a_submitButton' is clicked on

2018-03-27 14:17:39 - [MESSAGE][PASSED] - Object: 'Object Repository/Page_Upload_HT_Delivery_Info/a_submitButton' is clicked on

2018-03-27 14:17:39 - [TEST_STEP][PASSED] - delay: Delayed 2 second(s)

2018-03-27 14:17:41 - [MESSAGE][PASSED] - Delayed 2 second(s)

2018-03-27 14:17:41 - [TEST_STEP][PASSED] - Statement - url = com.kms.katalon.core.webui.keyword.WebUiBuiltInKeywords.getUrl(): Current window's url is: 'https://optides-stage.fhcrc.org/project/Optides/HTProduction/Assays/begin.view?'

2018-03-27 14:17:41 - [MESSAGE][PASSED] - Current window's url is: 'https://optides-stage.fhcrc.org/project/Optides/HTProduction/Assays/begin.view?'

2018-03-27 14:17:41 - [TEST_STEP][PASSED] - navigateToUrl: Navigate to 'https://optides-stage.fhcrc.org/project/Optides/HTProduction/Assays/begin.view?pageId=Pipeline' successfully

2018-03-27 14:17:42 - [MESSAGE][PASSED] - Navigate to 'https://optides-stage.fhcrc.org/project/Optides/HTProduction/Assays/begin.view?pageId=Pipeline' successfully

2018-03-27 14:17:42 - [TEST_STEP][PASSED] - click: Object: 'Object Repository/Page_Data Pipeline - CompoundsRegistry/a_All' is clicked on

2018-03-27 14:17:43 - [MESSAGE][PASSED] - Object: 'Object Repository/Page_Data Pipeline - CompoundsRegistry/a_All' is clicked on

2018-03-27 14:17:43 - [TEST_STEP][PASSED] - Statement - pipelineStatus = com.kms.katalon.core.webui.keyword.WebUiBuiltInKeywords.getAttribute(com.kms.katalon.core.testobject.ObjectRepository.findTestObject(Page_Data Pipeline - CompoundsRegistry/a_PipelineStatus), "text"): Attribute 'text' of object 'Object Repository/Page_Data Pipeline - CompoundsRegistry/a_PipelineStatus' is: 'COMPLETE'

2018-03-27 14:17:43 - [MESSAGE][PASSED] - Attribute 'text' of object 'Object Repository/Page_Data Pipeline - CompoundsRegistry/a_PipelineStatus' is: 'COMPLETE'

2018-03-27 14:17:43 - [TEST_STEP][PASSED] - Statement - While (pipelineStatus == "insert_jpegs RUNNING" || pipelineStatus == "insert_jpegs WAITING"): null

2018-03-27 14:17:43 - [TEST_STEP][PASSED] - Statement - assert pipelineStatus == "COMPLETE": null

2018-03-27 14:17:43 - [TEST_STEP][PASSED] - click: Object: 'Object Repository/Page_Data Pipeline - CompoundsRegistry/input_Toggle' is clicked on

2018-03-27 14:17:43 - [MESSAGE][PASSED] - Object: 'Object Repository/Page_Data Pipeline - CompoundsRegistry/input_Toggle' is clicked on

2018-03-27 14:17:43 - [TEST_STEP][PASSED] - click: Object: 'Object Repository/Page_Data Pipeline - CompoundsRegistry/btn_Delete' is clicked on

2018-03-27 14:17:44 - [MESSAGE][PASSED] - Object: 'Object Repository/Page_Data Pipeline - CompoundsRegistry/btn_Delete' is clicked on

2018-03-27 14:17:44 - [TEST_STEP][PASSED] - click: Object: 'Object Repository/Page_Data Pipeline - CompoundsRegistry/btn_ConfirmDelete' is clicked on

2018-03-27 14:17:45 - [MESSAGE][PASSED] - Object: 'Object Repository/Page_Data Pipeline - CompoundsRegistry/btn_ConfirmDelete' is clicked on

2018-03-27 14:17:45 - [TEST_STEP][FAILED] - click: Unable to click on object 'Object Repository/Page_Assay Dashboard HTProduction/link_Assays' (Root cause: com.kms.katalon.core.webui.exception.WebElementNotFoundException: Web element with id: 'Object Repository/Page_Assay Dashboard HTProduction/link_Assays' located by 'By.xpath: //div/div/div/div/a[count(. | //a[(contains(text(), 'Assays') or contains(., 'Assays')) and @href = '/project/Optides/HTProduction/Assays/begin.view?']) = count(//a[(contains(text(), 'Assays') or contains(., 'Assays')) and @href = '/project/Optides/HTProduction/Assays/begin.view?'])]' not found)

2018-03-27 14:18:17 - [MESSAGE][FAILED] - Unable to click on object 'Object Repository/Page_Assay Dashboard HTProduction/link_Assays' (Root cause: com.kms.katalon.core.webui.exception.WebElementNotFoundException: Web element with id: 'Object Repository/Page_Assay Dashboard HTProduction/link_Assays' located by 'By.xpath: //div/div/div/div/a[count(. | //a[(contains(text(), 'Assays') or contains(., 'Assays')) and @href = '/project/Optides/HTProduction/Assays/begin.view?']) = count(//a[(contains(text(), 'Assays') or contains(., 'Assays')) and @href = '/project/Optides/HTProduction/Assays/begin.view?'])]' not found)
[[ATTACHMENT|C:\\Users\\Hector\\Documents\\HRInternetConsulting\\Clients\\FHCRC\\Tachyon\\src\\RegressionTests\\Katalon\\OptidesTests\\Reports\\OptidesLabkeyTests\\20180327_141711\\1522185497153.png]]]]></system-out>
         <system-err><![CDATA[2018-03-27 14:17:14 - [TEST_CASE][FAILED] - Test Cases/HPLC Image Assay Pipeline: Test Cases/HPLC Image Assay Pipeline FAILED because (of) Unable to click on object 'Object Repository/Page_Assay Dashboard HTProduction/link_Assays' (Root cause: com.kms.katalon.core.webui.exception.WebElementNotFoundException: Web element with id: 'Object Repository/Page_Assay Dashboard HTProduction/link_Assays' located by 'By.xpath: //div/div/div/div/a[count(. | //a[(contains(text(), 'Assays') or contains(., 'Assays')) and @href = '/project/Optides/HTProduction/Assays/begin.view?']) = count(//a[(contains(text(), 'Assays') or contains(., 'Assays')) and @href = '/project/Optides/HTProduction/Assays/begin.view?'])]' not found)]]></system-err>
      </testcase>
      <system-out><![CDATA[2018-03-27 14:17:14 - [TEST_SUITE][FAILED] - OptidesLabkeyTests: Test Cases/HPLC Image Assay Pipeline FAILED because (of) Unable to click on object 'Object Repository/Page_Assay Dashboard HTProduction/link_Assays' (Root cause: com.kms.katalon.core.webui.exception.WebElementNotFoundException: Web element with id: 'Object Repository/Page_Assay Dashboard HTProduction/link_Assays' located by 'By.xpath: //div/div/div/div/a[count(. | //a[(contains(text(), 'Assays') or contains(., 'Assays')) and @href = '/project/Optides/HTProduction/Assays/begin.view?']) = count(//a[(contains(text(), 'Assays') or contains(., 'Assays')) and @href = '/project/Optides/HTProduction/Assays/begin.view?'])]' not found)]]></system-out>
      <system-err><![CDATA[2018-03-27 14:17:14 - [TEST_SUITE][FAILED] - OptidesLabkeyTests: Test Cases/HPLC Image Assay Pipeline FAILED because (of) Unable to click on object 'Object Repository/Page_Assay Dashboard HTProduction/link_Assays' (Root cause: com.kms.katalon.core.webui.exception.WebElementNotFoundException: Web element with id: 'Object Repository/Page_Assay Dashboard HTProduction/link_Assays' located by 'By.xpath: //div/div/div/div/a[count(. | //a[(contains(text(), 'Assays') or contains(., 'Assays')) and @href = '/project/Optides/HTProduction/Assays/begin.view?']) = count(//a[(contains(text(), 'Assays') or contains(., 'Assays')) and @href = '/project/Optides/HTProduction/Assays/begin.view?'])]' not found)]]></system-err>
   </testsuite>
</testsuites>
