<?xml version="1.0" encoding="UTF-8"?>
<testsuites name="OptidesLabkeyTests" time="61" tests="0" failures="1" errors="0">
   <testsuite name="OptidesLabkeyTests" tests="0" failures="1" errors="0" time="61" timestamp="2018-02-15 14:52:28" hostname="Hector - 140.107.11.14" id="Test Suites/OptidesLabkeyTests">
      <properties>
         <property name="deviceName" value=""/>
         <property name="devicePlatform" value=""/>
         <property name="logFolder" value="C:\\Users\\Hector\\Documents\\HRInternetConsulting\\Clients\\FHCRC\\Tachyon\\src\\RegressionTests\\Katalon\\OptidesTests\\Reports\\OptidesLabkeyTests\\20180215_145226"/>
         <property name="logFiles" value="C:\\Users\\Hector\\Documents\\HRInternetConsulting\\Clients\\FHCRC\\Tachyon\\src\\RegressionTests\\Katalon\\OptidesTests\\Reports\\OptidesLabkeyTests\\20180215_145226\\execution0.log"/>
         <property name="attachments" value="C:\\Users\\Hector\\Documents\\HRInternetConsulting\\Clients\\FHCRC\\Tachyon\\src\\RegressionTests\\Katalon\\OptidesTests\\Reports\\OptidesLabkeyTests\\20180215_145226\\1518735208203.png"/>
         <property name="hostName" value="Hector - 140.107.11.14"/>
         <property name="os" value="Windows 8.1 64bit"/>
         <property name="katalonVersion" value="5.1.0.2"/>
         <property name="browser" value="Chrome 64.0.3282.167"/>
         <property name="hostAddress" value="140.107.11.14"/>
         <property name="sessionId" value="054e29eb5eb0341765f43434fbeeda28"/>
         <property name="seleniumVersion" value="3.7.1"/>
         <property name="proxyInformation" value="ProxyInformation{proxyOption=NO_PROXY, proxyServerType=HTTP, password=, proxyServerAddress=, proxyServerPort=0}"/>
         <property name="platform" value="Windows 8.1"/>
      </properties>
      <testcase name="Test Cases/HT_DNA Delivery.R" classname="Test Cases/HT_DNA Delivery.R" status="FAILED">
         <failure type="FAILED" message="Unable to click on object 'Object Repository/Page_Assay Dashboard OptidesCompoun/span_test_GenScript_HT_DNA_DeliveryFile.xlsx' (Root cause: com.kms.katalon.core.webui.exception.WebElementNotFoundException: Web element with id: 'Object Repository/Page_Assay Dashboard OptidesCompoun/span_test_GenScript_HT_DNA_DeliveryFile.xlsx' located by 'By.xpath: //span[count(. | //*[contains(.,'test_GenScript_HT_DNA_DeliveryFile.xlsx')]) = count(//*[contains(.,'test_GenScript_HT_DNA_DeliveryFile.xlsx')])]' not found)"/>
         <system-out><![CDATA[2018-02-15 14:52:28 - [TEST_CASE][FAILED] - Test Cases/HT_DNA Delivery.R: Test Cases/HT_DNA Delivery.R FAILED because (of) Unable to click on object 'Object Repository/Page_Assay Dashboard OptidesCompoun/span_test_GenScript_HT_DNA_DeliveryFile.xlsx' (Root cause: com.kms.katalon.core.webui.exception.WebElementNotFoundException: Web element with id: 'Object Repository/Page_Assay Dashboard OptidesCompoun/span_test_GenScript_HT_DNA_DeliveryFile.xlsx' located by 'By.xpath: //span[count(. | //*[contains(.,'test_GenScript_HT_DNA_DeliveryFile.xlsx')]) = count(//*[contains(.,'test_GenScript_HT_DNA_DeliveryFile.xlsx')])]' not found)

2018-02-15 14:52:29 - [TEST_STEP][PASSED] - callTestCase: Call Test Case 'Test Cases/OpenAndLogIn' successfully

2018-02-15 14:52:29 - [TEST_CASE][PASSED] - Test Cases/OpenAndLogIn: Test Cases/OpenAndLogIn

2018-02-15 14:52:29 - [TEST_STEP][PASSED] - openBrowser: Browser is opened with url: 'https://optides-dev-lk1.fhcrc.org'

2018-02-15 14:52:38 - [MESSAGE][PASSED] - Browser is opened with url: 'https://optides-dev-lk1.fhcrc.org'

2018-02-15 14:52:38 - [TEST_STEP][PASSED] - setViewPortSize: Viewport is set to new size with width = 2000 and height = 1500

2018-02-15 14:52:39 - [MESSAGE][PASSED] - Viewport is set to new size with width = 2000 and height = 1500

2018-02-15 14:52:39 - [TEST_STEP][PASSED] - click: Object: 'Object Repository/LSC_objects/Page_Optide Dev Server home/a_SignIn' is clicked on

2018-02-15 14:52:40 - [MESSAGE][PASSED] - Object: 'Object Repository/LSC_objects/Page_Optide Dev Server home/a_SignIn' is clicked on

2018-02-15 14:52:40 - [TEST_STEP][PASSED] - setText: Text 'hramos@fhcrc.org' is set on object 'Object Repository/LSC_objects/Page_Sign In/input_email'

2018-02-15 14:52:41 - [MESSAGE][PASSED] - Text 'hramos@fhcrc.org' is set on object 'Object Repository/LSC_objects/Page_Sign In/input_email'

2018-02-15 14:52:41 - [TEST_STEP][PASSED] - setText: Text 'One1Two2' is set on object 'Object Repository/LSC_objects/Page_Sign In/input_password'

2018-02-15 14:52:41 - [MESSAGE][PASSED] - Text 'One1Two2' is set on object 'Object Repository/LSC_objects/Page_Sign In/input_password'

2018-02-15 14:52:41 - [TEST_STEP][PASSED] - click: Object: 'Object Repository/LSC_objects/Page_Sign In/span_Sign In' is clicked on

2018-02-15 14:52:41 - [MESSAGE][PASSED] - Object: 'Object Repository/LSC_objects/Page_Sign In/span_Sign In' is clicked on

2018-02-15 14:52:41 - [TEST_STEP][PASSED] - click: Object: 'Object Repository/LSC_objects/Page_Optide Dev Server home/span_Optides' is clicked on

2018-02-15 14:52:43 - [MESSAGE][PASSED] - Object: 'Object Repository/LSC_objects/Page_Optide Dev Server home/span_Optides' is clicked on

2018-02-15 14:52:43 - [MESSAGE][PASSED] - Call Test Case 'Test Cases/OpenAndLogIn' successfully

2018-02-15 14:52:43 - [TEST_STEP][PASSED] - mouseOver: Object: 'Object Repository/Page_Start Page Optides/a_CompoundsRegistry' is hovered

2018-02-15 14:52:45 - [MESSAGE][PASSED] - Object: 'Object Repository/Page_Start Page Optides/a_CompoundsRegistry' is hovered

2018-02-15 14:52:45 - [TEST_STEP][PASSED] - waitForElementVisible: Object 'Object Repository/Page_Start Page Optides/a_Samples_CompReg' is visible

2018-02-15 14:52:45 - [MESSAGE][WARNING] - Timeout '0' is invalid. Using default page load timeout: '30'

2018-02-15 14:52:48 - [MESSAGE][PASSED] - Object 'Object Repository/Page_Start Page Optides/a_Samples_CompReg' is visible

2018-02-15 14:52:48 - [TEST_STEP][PASSED] - click: Object: 'Object Repository/Page_Start Page Optides/a_Samples_CompReg' is clicked on

2018-02-15 14:52:50 - [MESSAGE][PASSED] - Object: 'Object Repository/Page_Start Page Optides/a_Samples_CompReg' is clicked on

2018-02-15 14:52:50 - [TEST_STEP][FAILED] - click: Unable to click on object 'Object Repository/Page_Assay Dashboard OptidesCompoun/span_test_GenScript_HT_DNA_DeliveryFile.xlsx' (Root cause: com.kms.katalon.core.webui.exception.WebElementNotFoundException: Web element with id: 'Object Repository/Page_Assay Dashboard OptidesCompoun/span_test_GenScript_HT_DNA_DeliveryFile.xlsx' located by 'By.xpath: //span[count(. | //*[contains(.,'test_GenScript_HT_DNA_DeliveryFile.xlsx')]) = count(//*[contains(.,'test_GenScript_HT_DNA_DeliveryFile.xlsx')])]' not found)

2018-02-15 14:53:28 - [MESSAGE][FAILED] - Unable to click on object 'Object Repository/Page_Assay Dashboard OptidesCompoun/span_test_GenScript_HT_DNA_DeliveryFile.xlsx' (Root cause: com.kms.katalon.core.webui.exception.WebElementNotFoundException: Web element with id: 'Object Repository/Page_Assay Dashboard OptidesCompoun/span_test_GenScript_HT_DNA_DeliveryFile.xlsx' located by 'By.xpath: //span[count(. | //*[contains(.,'test_GenScript_HT_DNA_DeliveryFile.xlsx')]) = count(//*[contains(.,'test_GenScript_HT_DNA_DeliveryFile.xlsx')])]' not found)
[[ATTACHMENT|C:\\Users\\Hector\\Documents\\HRInternetConsulting\\Clients\\FHCRC\\Tachyon\\src\\RegressionTests\\Katalon\\OptidesTests\\Reports\\OptidesLabkeyTests\\20180215_145226\\1518735208203.png]]]]></system-out>
         <system-err><![CDATA[2018-02-15 14:52:28 - [TEST_CASE][FAILED] - Test Cases/HT_DNA Delivery.R: Test Cases/HT_DNA Delivery.R FAILED because (of) Unable to click on object 'Object Repository/Page_Assay Dashboard OptidesCompoun/span_test_GenScript_HT_DNA_DeliveryFile.xlsx' (Root cause: com.kms.katalon.core.webui.exception.WebElementNotFoundException: Web element with id: 'Object Repository/Page_Assay Dashboard OptidesCompoun/span_test_GenScript_HT_DNA_DeliveryFile.xlsx' located by 'By.xpath: //span[count(. | //*[contains(.,'test_GenScript_HT_DNA_DeliveryFile.xlsx')]) = count(//*[contains(.,'test_GenScript_HT_DNA_DeliveryFile.xlsx')])]' not found)]]></system-err>
      </testcase>
      <system-out><![CDATA[2018-02-15 14:52:28 - [TEST_SUITE][FAILED] - OptidesLabkeyTests: Test Cases/HT_DNA Delivery.R FAILED because (of) Unable to click on object 'Object Repository/Page_Assay Dashboard OptidesCompoun/span_test_GenScript_HT_DNA_DeliveryFile.xlsx' (Root cause: com.kms.katalon.core.webui.exception.WebElementNotFoundException: Web element with id: 'Object Repository/Page_Assay Dashboard OptidesCompoun/span_test_GenScript_HT_DNA_DeliveryFile.xlsx' located by 'By.xpath: //span[count(. | //*[contains(.,'test_GenScript_HT_DNA_DeliveryFile.xlsx')]) = count(//*[contains(.,'test_GenScript_HT_DNA_DeliveryFile.xlsx')])]' not found)]]></system-out>
      <system-err><![CDATA[2018-02-15 14:52:28 - [TEST_SUITE][FAILED] - OptidesLabkeyTests: Test Cases/HT_DNA Delivery.R FAILED because (of) Unable to click on object 'Object Repository/Page_Assay Dashboard OptidesCompoun/span_test_GenScript_HT_DNA_DeliveryFile.xlsx' (Root cause: com.kms.katalon.core.webui.exception.WebElementNotFoundException: Web element with id: 'Object Repository/Page_Assay Dashboard OptidesCompoun/span_test_GenScript_HT_DNA_DeliveryFile.xlsx' located by 'By.xpath: //span[count(. | //*[contains(.,'test_GenScript_HT_DNA_DeliveryFile.xlsx')]) = count(//*[contains(.,'test_GenScript_HT_DNA_DeliveryFile.xlsx')])]' not found)]]></system-err>
   </testsuite>
</testsuites>
