<?xml version="1.0" encoding="UTF-8"?>
<testsuites name="OptidesLabkeyTests" time="44" tests="0" failures="1" errors="0">
   <testsuite name="OptidesLabkeyTests" tests="0" failures="1" errors="0" time="44" timestamp="2017-11-29 21:45:27" hostname="Hector - 140.107.11.142" id="Test Suites/OptidesLabkeyTests">
      <properties>
         <property name="deviceName" value=""/>
         <property name="devicePlatform" value=""/>
         <property name="logFolder" value="C:\\Users\\Hector\\Documents\\HRInternetConsulting\\Clients\\FHCRC\\Tachyon\\src\\RegressionTests\\Katalon\\OptidesTests\\Reports\\OptidesLabkeyTests\\20171129_214524"/>
         <property name="logFiles" value="C:\\Users\\Hector\\Documents\\HRInternetConsulting\\Clients\\FHCRC\\Tachyon\\src\\RegressionTests\\Katalon\\OptidesTests\\Reports\\OptidesLabkeyTests\\20171129_214524\\execution0.log"/>
         <property name="attachments" value="C:\\Users\\Hector\\Documents\\HRInternetConsulting\\Clients\\FHCRC\\Tachyon\\src\\RegressionTests\\Katalon\\OptidesTests\\Reports\\OptidesLabkeyTests\\20171129_214524\\1512020770320.png"/>
         <property name="hostName" value="Hector - 140.107.11.142"/>
         <property name="os" value="Windows 8.1 64bit"/>
         <property name="katalonVersion" value="5.1.0.2"/>
         <property name="browser" value="Chrome 62.0.3202.94"/>
         <property name="hostAddress" value="140.107.11.142"/>
         <property name="sessionId" value="1507e1f04b97a422b5596830e4c41bdf"/>
         <property name="seleniumVersion" value="3.7.1"/>
         <property name="proxyInformation" value="ProxyInformation{proxyOption=NO_PROXY, proxyServerType=HTTP, password=, proxyServerAddress=, proxyServerPort=0}"/>
         <property name="platform" value="Windows 8.1"/>
      </properties>
      <testcase name="Test Cases/postTest-RemoveTestConstructs" classname="Test Cases/postTest-RemoveTestConstructs" status="FAILED">
         <failure type="FAILED" message="Unable to click on object 'Object Repository/Page_Sample Set Construct OptidesCo/span_Delete' (Root cause: org.openqa.selenium.WebDriverException: unknown error: Element &lt;a class=&quot;labkey-button primary icon-only&quot; onclick=&quot;if(this.className.indexOf(&amp;quot;labkey-disabled-button&amp;quot;) != -1){return false;}this.form=document.getElementById(&amp;quot;c2a28697-b7bb-1035-956b-54d229f96da0&amp;quot;).form;if(isTrueOrUndefined(function(){return verifySelected(this.form, &amp;quot;/experiment/Optides/CompoundsRegistry/Samples/deleteMaterialByRowId.view?returnUrl=%2Fexperiment%2FOptides%2FCompoundsRegistry%2FSamples%2FshowMaterialSource.view%3FrowId%3D100%26Material.ConstructID%257Econtains%3DTST&amp;quot;, &amp;quot;post&amp;quot;, &amp;quot;rows&amp;quot;)}.call(this))){submitForm(document.getElementById(&amp;quot;c2a28697-b7bb-1035-956b-54d229f96da0&amp;quot;).form);return false;}&quot; labkey-requires-selection=&quot;Material&quot; data-tt=&quot;tooltip&quot; data-placement=&quot;top&quot; title=&quot;&quot; data-original-title=&quot;Delete&quot;>...&lt;/a> is not clickable at point (253, 395). Other element would receive the click: &lt;div class=&quot;lk-region-context-action selectable&quot; data-tt=&quot;tooltip&quot; data-placement=&quot;top&quot; title=&quot;&quot; onclick=&quot;LABKEY.DataRegions['Material']._openFilter('ConstructID', arguments[0]); return false;&quot; data-original-title=&quot;ConstructID CONTAINS TST&quot;>...&lt;/div>
  (Session info: chrome=62.0.3202.94)
  (Driver info: chromedriver=2.33.506120 (e3e53437346286c0bc2d2dc9aa4915ba81d9023f),platform=Windows NT 6.3.9600 x86_64) (WARNING: The server did not provide any stacktrace information)
Command duration or timeout: 0 milliseconds
Build info: version: '3.7.1', revision: '8a0099a', time: '2017-11-06T21:07:36.161Z'
System info: host: 'HRPC03', ip: '140.107.11.142', os.name: 'Windows 8.1', os.arch: 'amd64', os.version: '6.3', java.version: '1.8.0_102'
Driver info: com.kms.katalon.selenium.driver.CChromeDriver
Capabilities {acceptSslCerts: true, applicationCacheEnabled: false, browserConnectionEnabled: false, browserName: chrome, chrome: {chromedriverVersion: 2.33.506120 (e3e53437346286..., userDataDir: C:\Users\Hector\AppData\Loc...}, cssSelectorsEnabled: true, databaseEnabled: false, handlesAlerts: true, hasTouchScreen: false, javascriptEnabled: true, locationContextEnabled: true, mobileEmulationEnabled: false, nativeEvents: true, networkConnectionEnabled: false, pageLoadStrategy: normal, platform: XP, platformName: XP, rotatable: false, setWindowRect: true, takesHeapSnapshot: true, takesScreenshot: true, unexpectedAlertBehaviour: , unhandledPromptBehavior: , version: 62.0.3202.94, webStorageEnabled: true}
Session ID: 1507e1f04b97a422b5596830e4c41bdf)"/>
         <system-out><![CDATA[2017-11-29 21:45:27 - [TEST_CASE][FAILED] - Test Cases/postTest-RemoveTestConstructs: Test Cases/postTest-RemoveTestConstructs FAILED because (of) Unable to click on object 'Object Repository/Page_Sample Set Construct OptidesCo/span_Delete' (Root cause: org.openqa.selenium.WebDriverException: unknown error: Element <a class="labkey-button primary icon-only" onclick="if(this.className.indexOf(&quot;labkey-disabled-button&quot;) != -1){return false;}this.form=document.getElementById(&quot;c2a28697-b7bb-1035-956b-54d229f96da0&quot;).form;if(isTrueOrUndefined(function(){return verifySelected(this.form, &quot;/experiment/Optides/CompoundsRegistry/Samples/deleteMaterialByRowId.view?returnUrl=%2Fexperiment%2FOptides%2FCompoundsRegistry%2FSamples%2FshowMaterialSource.view%3FrowId%3D100%26Material.ConstructID%257Econtains%3DTST&quot;, &quot;post&quot;, &quot;rows&quot;)}.call(this))){submitForm(document.getElementById(&quot;c2a28697-b7bb-1035-956b-54d229f96da0&quot;).form);return false;}" labkey-requires-selection="Material" data-tt="tooltip" data-placement="top" title="" data-original-title="Delete">...</a> is not clickable at point (253, 395). Other element would receive the click: <div class="lk-region-context-action selectable" data-tt="tooltip" data-placement="top" title="" onclick="LABKEY.DataRegions['Material']._openFilter('ConstructID', arguments[0]); return false;" data-original-title="ConstructID CONTAINS TST">...</div>
  (Session info: chrome=62.0.3202.94)
  (Driver info: chromedriver=2.33.506120 (e3e53437346286c0bc2d2dc9aa4915ba81d9023f),platform=Windows NT 6.3.9600 x86_64) (WARNING: The server did not provide any stacktrace information)
Command duration or timeout: 0 milliseconds
Build info: version: '3.7.1', revision: '8a0099a', time: '2017-11-06T21:07:36.161Z'
System info: host: 'HRPC03', ip: '140.107.11.142', os.name: 'Windows 8.1', os.arch: 'amd64', os.version: '6.3', java.version: '1.8.0_102'
Driver info: com.kms.katalon.selenium.driver.CChromeDriver
Capabilities {acceptSslCerts: true, applicationCacheEnabled: false, browserConnectionEnabled: false, browserName: chrome, chrome: {chromedriverVersion: 2.33.506120 (e3e53437346286..., userDataDir: C:\Users\Hector\AppData\Loc...}, cssSelectorsEnabled: true, databaseEnabled: false, handlesAlerts: true, hasTouchScreen: false, javascriptEnabled: true, locationContextEnabled: true, mobileEmulationEnabled: false, nativeEvents: true, networkConnectionEnabled: false, pageLoadStrategy: normal, platform: XP, platformName: XP, rotatable: false, setWindowRect: true, takesHeapSnapshot: true, takesScreenshot: true, unexpectedAlertBehaviour: , unhandledPromptBehavior: , version: 62.0.3202.94, webStorageEnabled: true}
Session ID: 1507e1f04b97a422b5596830e4c41bdf)

2017-11-29 21:45:28 - [TEST_STEP][PASSED] - callTestCase: Call Test Case 'Test Cases/OpenAndLogIn' successfully

2017-11-29 21:45:28 - [TEST_CASE][PASSED] - Test Cases/OpenAndLogIn: Test Cases/OpenAndLogIn

2017-11-29 21:45:28 - [TEST_STEP][PASSED] - openBrowser: Browser is opened with url: 'https://optides-dev-lk1.fhcrc.org'

2017-11-29 21:45:39 - [MESSAGE][PASSED] - Browser is opened with url: 'https://optides-dev-lk1.fhcrc.org'

2017-11-29 21:45:39 - [TEST_STEP][PASSED] - setViewPortSize: Viewport is set to new size with width = 2000 and height = 1500

2017-11-29 21:45:40 - [MESSAGE][PASSED] - Viewport is set to new size with width = 2000 and height = 1500

2017-11-29 21:45:40 - [TEST_STEP][PASSED] - click: Object: 'Object Repository/LSC_objects/Page_Optide Dev Server home/a_SignIn' is clicked on

2017-11-29 21:45:41 - [MESSAGE][PASSED] - Object: 'Object Repository/LSC_objects/Page_Optide Dev Server home/a_SignIn' is clicked on

2017-11-29 21:45:41 - [TEST_STEP][PASSED] - setText: Text 'hramos@fhcrc.org' is set on object 'Object Repository/LSC_objects/Page_Sign In/input_email'

2017-11-29 21:45:41 - [MESSAGE][PASSED] - Text 'hramos@fhcrc.org' is set on object 'Object Repository/LSC_objects/Page_Sign In/input_email'

2017-11-29 21:45:41 - [TEST_STEP][PASSED] - setText: Text 'One1Two2' is set on object 'Object Repository/LSC_objects/Page_Sign In/input_password'

2017-11-29 21:45:41 - [MESSAGE][PASSED] - Text 'One1Two2' is set on object 'Object Repository/LSC_objects/Page_Sign In/input_password'

2017-11-29 21:45:41 - [TEST_STEP][PASSED] - click: Object: 'Object Repository/LSC_objects/Page_Sign In/span_Sign In' is clicked on

2017-11-29 21:45:41 - [MESSAGE][PASSED] - Object: 'Object Repository/LSC_objects/Page_Sign In/span_Sign In' is clicked on

2017-11-29 21:45:41 - [TEST_STEP][PASSED] - click: Object: 'Object Repository/LSC_objects/Page_Optide Dev Server home/span_Optides' is clicked on

2017-11-29 21:45:47 - [MESSAGE][PASSED] - Object: 'Object Repository/LSC_objects/Page_Optide Dev Server home/span_Optides' is clicked on

2017-11-29 21:45:47 - [MESSAGE][PASSED] - Call Test Case 'Test Cases/OpenAndLogIn' successfully

2017-11-29 21:45:47 - [TEST_STEP][PASSED] - mouseOver: Object: 'Object Repository/Page_Start Page Optides/a_CompoundsRegistry' is hovered

2017-11-29 21:45:49 - [MESSAGE][PASSED] - Object: 'Object Repository/Page_Start Page Optides/a_CompoundsRegistry' is hovered

2017-11-29 21:45:49 - [TEST_STEP][PASSED] - waitForElementVisible: Object 'Object Repository/Page_Start Page Optides/a_Samples_CompReg' is visible

2017-11-29 21:45:49 - [MESSAGE][WARNING] - Timeout '0' is invalid. Using default page load timeout: '30'

2017-11-29 21:45:54 - [MESSAGE][PASSED] - Object 'Object Repository/Page_Start Page Optides/a_Samples_CompReg' is visible

2017-11-29 21:45:54 - [TEST_STEP][PASSED] - click: Object: 'Object Repository/Page_Start Page Optides/a_Samples_CompReg' is clicked on

2017-11-29 21:45:56 - [MESSAGE][PASSED] - Object: 'Object Repository/Page_Start Page Optides/a_Samples_CompReg' is clicked on

2017-11-29 21:45:56 - [TEST_STEP][PASSED] - click: Object: 'Object Repository/Page_Assay Dashboard OptidesCompoun/a_HT_DNA' is clicked on

2017-11-29 21:46:00 - [MESSAGE][PASSED] - Object: 'Object Repository/Page_Assay Dashboard OptidesCompoun/a_HT_DNA' is clicked on

2017-11-29 21:46:00 - [TEST_STEP][PASSED] - executeJavaScript: Execute JavaScript 'LABKEY.DataRegions['Material']._openFilter('ConstructID')' successfully

2017-11-29 21:46:00 - [MESSAGE][PASSED] - Execute JavaScript 'LABKEY.DataRegions['Material']._openFilter('ConstructID')' successfully

2017-11-29 21:46:00 - [TEST_STEP][PASSED] - setText: Text 'TST' is set on object 'Object Repository/Page_Sample Set Construct OptidesCo/input_value_1'

2017-11-29 21:46:03 - [MESSAGE][PASSED] - Text 'TST' is set on object 'Object Repository/Page_Sample Set Construct OptidesCo/input_value_1'

2017-11-29 21:46:03 - [TEST_STEP][PASSED] - click: Object: 'Object Repository/Page_Sample Set Construct OptidesCo/button_OK' is clicked on

2017-11-29 21:46:06 - [MESSAGE][PASSED] - Object: 'Object Repository/Page_Sample Set Construct OptidesCo/button_OK' is clicked on

2017-11-29 21:46:06 - [TEST_STEP][PASSED] - click: Object: 'Object Repository/Page_Sample Set Construct OptidesCo/input_.toggle' is clicked on

2017-11-29 21:46:07 - [MESSAGE][PASSED] - Object: 'Object Repository/Page_Sample Set Construct OptidesCo/input_.toggle' is clicked on

2017-11-29 21:46:07 - [TEST_STEP][FAILED] - click: Unable to click on object 'Object Repository/Page_Sample Set Construct OptidesCo/span_Delete' (Root cause: org.openqa.selenium.WebDriverException: unknown error: Element <a class="labkey-button primary icon-only" onclick="if(this.className.indexOf(&quot;labkey-disabled-button&quot;) != -1){return false;}this.form=document.getElementById(&quot;c2a28697-b7bb-1035-956b-54d229f96da0&quot;).form;if(isTrueOrUndefined(function(){return verifySelected(this.form, &quot;/experiment/Optides/CompoundsRegistry/Samples/deleteMaterialByRowId.view?returnUrl=%2Fexperiment%2FOptides%2FCompoundsRegistry%2FSamples%2FshowMaterialSource.view%3FrowId%3D100%26Material.ConstructID%257Econtains%3DTST&quot;, &quot;post&quot;, &quot;rows&quot;)}.call(this))){submitForm(document.getElementById(&quot;c2a28697-b7bb-1035-956b-54d229f96da0&quot;).form);return false;}" labkey-requires-selection="Material" data-tt="tooltip" data-placement="top" title="" data-original-title="Delete">...</a> is not clickable at point (253, 395). Other element would receive the click: <div class="lk-region-context-action selectable" data-tt="tooltip" data-placement="top" title="" onclick="LABKEY.DataRegions['Material']._openFilter('ConstructID', arguments[0]); return false;" data-original-title="ConstructID CONTAINS TST">...</div>
  (Session info: chrome=62.0.3202.94)
  (Driver info: chromedriver=2.33.506120 (e3e53437346286c0bc2d2dc9aa4915ba81d9023f),platform=Windows NT 6.3.9600 x86_64) (WARNING: The server did not provide any stacktrace information)
Command duration or timeout: 0 milliseconds
Build info: version: '3.7.1', revision: '8a0099a', time: '2017-11-06T21:07:36.161Z'
System info: host: 'HRPC03', ip: '140.107.11.142', os.name: 'Windows 8.1', os.arch: 'amd64', os.version: '6.3', java.version: '1.8.0_102'
Driver info: com.kms.katalon.selenium.driver.CChromeDriver
Capabilities {acceptSslCerts: true, applicationCacheEnabled: false, browserConnectionEnabled: false, browserName: chrome, chrome: {chromedriverVersion: 2.33.506120 (e3e53437346286..., userDataDir: C:\Users\Hector\AppData\Loc...}, cssSelectorsEnabled: true, databaseEnabled: false, handlesAlerts: true, hasTouchScreen: false, javascriptEnabled: true, locationContextEnabled: true, mobileEmulationEnabled: false, nativeEvents: true, networkConnectionEnabled: false, pageLoadStrategy: normal, platform: XP, platformName: XP, rotatable: false, setWindowRect: true, takesHeapSnapshot: true, takesScreenshot: true, unexpectedAlertBehaviour: , unhandledPromptBehavior: , version: 62.0.3202.94, webStorageEnabled: true}
Session ID: 1507e1f04b97a422b5596830e4c41bdf)

2017-11-29 21:46:10 - [MESSAGE][FAILED] - Unable to click on object 'Object Repository/Page_Sample Set Construct OptidesCo/span_Delete' (Root cause: org.openqa.selenium.WebDriverException: unknown error: Element <a class="labkey-button primary icon-only" onclick="if(this.className.indexOf(&quot;labkey-disabled-button&quot;) != -1){return false;}this.form=document.getElementById(&quot;c2a28697-b7bb-1035-956b-54d229f96da0&quot;).form;if(isTrueOrUndefined(function(){return verifySelected(this.form, &quot;/experiment/Optides/CompoundsRegistry/Samples/deleteMaterialByRowId.view?returnUrl=%2Fexperiment%2FOptides%2FCompoundsRegistry%2FSamples%2FshowMaterialSource.view%3FrowId%3D100%26Material.ConstructID%257Econtains%3DTST&quot;, &quot;post&quot;, &quot;rows&quot;)}.call(this))){submitForm(document.getElementById(&quot;c2a28697-b7bb-1035-956b-54d229f96da0&quot;).form);return false;}" labkey-requires-selection="Material" data-tt="tooltip" data-placement="top" title="" data-original-title="Delete">...</a> is not clickable at point (253, 395). Other element would receive the click: <div class="lk-region-context-action selectable" data-tt="tooltip" data-placement="top" title="" onclick="LABKEY.DataRegions['Material']._openFilter('ConstructID', arguments[0]); return false;" data-original-title="ConstructID CONTAINS TST">...</div>
  (Session info: chrome=62.0.3202.94)
  (Driver info: chromedriver=2.33.506120 (e3e53437346286c0bc2d2dc9aa4915ba81d9023f),platform=Windows NT 6.3.9600 x86_64) (WARNING: The server did not provide any stacktrace information)
Command duration or timeout: 0 milliseconds
Build info: version: '3.7.1', revision: '8a0099a', time: '2017-11-06T21:07:36.161Z'
System info: host: 'HRPC03', ip: '140.107.11.142', os.name: 'Windows 8.1', os.arch: 'amd64', os.version: '6.3', java.version: '1.8.0_102'
Driver info: com.kms.katalon.selenium.driver.CChromeDriver
Capabilities {acceptSslCerts: true, applicationCacheEnabled: false, browserConnectionEnabled: false, browserName: chrome, chrome: {chromedriverVersion: 2.33.506120 (e3e53437346286..., userDataDir: C:\Users\Hector\AppData\Loc...}, cssSelectorsEnabled: true, databaseEnabled: false, handlesAlerts: true, hasTouchScreen: false, javascriptEnabled: true, locationContextEnabled: true, mobileEmulationEnabled: false, nativeEvents: true, networkConnectionEnabled: false, pageLoadStrategy: normal, platform: XP, platformName: XP, rotatable: false, setWindowRect: true, takesHeapSnapshot: true, takesScreenshot: true, unexpectedAlertBehaviour: , unhandledPromptBehavior: , version: 62.0.3202.94, webStorageEnabled: true}
Session ID: 1507e1f04b97a422b5596830e4c41bdf)
[[ATTACHMENT|C:\\Users\\Hector\\Documents\\HRInternetConsulting\\Clients\\FHCRC\\Tachyon\\src\\RegressionTests\\Katalon\\OptidesTests\\Reports\\OptidesLabkeyTests\\20171129_214524\\1512020770320.png]]]]></system-out>
         <system-err><![CDATA[2017-11-29 21:45:27 - [TEST_CASE][FAILED] - Test Cases/postTest-RemoveTestConstructs: Test Cases/postTest-RemoveTestConstructs FAILED because (of) Unable to click on object 'Object Repository/Page_Sample Set Construct OptidesCo/span_Delete' (Root cause: org.openqa.selenium.WebDriverException: unknown error: Element <a class="labkey-button primary icon-only" onclick="if(this.className.indexOf(&quot;labkey-disabled-button&quot;) != -1){return false;}this.form=document.getElementById(&quot;c2a28697-b7bb-1035-956b-54d229f96da0&quot;).form;if(isTrueOrUndefined(function(){return verifySelected(this.form, &quot;/experiment/Optides/CompoundsRegistry/Samples/deleteMaterialByRowId.view?returnUrl=%2Fexperiment%2FOptides%2FCompoundsRegistry%2FSamples%2FshowMaterialSource.view%3FrowId%3D100%26Material.ConstructID%257Econtains%3DTST&quot;, &quot;post&quot;, &quot;rows&quot;)}.call(this))){submitForm(document.getElementById(&quot;c2a28697-b7bb-1035-956b-54d229f96da0&quot;).form);return false;}" labkey-requires-selection="Material" data-tt="tooltip" data-placement="top" title="" data-original-title="Delete">...</a> is not clickable at point (253, 395). Other element would receive the click: <div class="lk-region-context-action selectable" data-tt="tooltip" data-placement="top" title="" onclick="LABKEY.DataRegions['Material']._openFilter('ConstructID', arguments[0]); return false;" data-original-title="ConstructID CONTAINS TST">...</div>
  (Session info: chrome=62.0.3202.94)
  (Driver info: chromedriver=2.33.506120 (e3e53437346286c0bc2d2dc9aa4915ba81d9023f),platform=Windows NT 6.3.9600 x86_64) (WARNING: The server did not provide any stacktrace information)
Command duration or timeout: 0 milliseconds
Build info: version: '3.7.1', revision: '8a0099a', time: '2017-11-06T21:07:36.161Z'
System info: host: 'HRPC03', ip: '140.107.11.142', os.name: 'Windows 8.1', os.arch: 'amd64', os.version: '6.3', java.version: '1.8.0_102'
Driver info: com.kms.katalon.selenium.driver.CChromeDriver
Capabilities {acceptSslCerts: true, applicationCacheEnabled: false, browserConnectionEnabled: false, browserName: chrome, chrome: {chromedriverVersion: 2.33.506120 (e3e53437346286..., userDataDir: C:\Users\Hector\AppData\Loc...}, cssSelectorsEnabled: true, databaseEnabled: false, handlesAlerts: true, hasTouchScreen: false, javascriptEnabled: true, locationContextEnabled: true, mobileEmulationEnabled: false, nativeEvents: true, networkConnectionEnabled: false, pageLoadStrategy: normal, platform: XP, platformName: XP, rotatable: false, setWindowRect: true, takesHeapSnapshot: true, takesScreenshot: true, unexpectedAlertBehaviour: , unhandledPromptBehavior: , version: 62.0.3202.94, webStorageEnabled: true}
Session ID: 1507e1f04b97a422b5596830e4c41bdf)]]></system-err>
      </testcase>
      <system-out><![CDATA[2017-11-29 21:45:27 - [TEST_SUITE][FAILED] - OptidesLabkeyTests: Test Cases/postTest-RemoveTestConstructs FAILED because (of) Unable to click on object 'Object Repository/Page_Sample Set Construct OptidesCo/span_Delete' (Root cause: org.openqa.selenium.WebDriverException: unknown error: Element <a class="labkey-button primary icon-only" onclick="if(this.className.indexOf(&quot;labkey-disabled-button&quot;) != -1){return false;}this.form=document.getElementById(&quot;c2a28697-b7bb-1035-956b-54d229f96da0&quot;).form;if(isTrueOrUndefined(function(){return verifySelected(this.form, &quot;/experiment/Optides/CompoundsRegistry/Samples/deleteMaterialByRowId.view?returnUrl=%2Fexperiment%2FOptides%2FCompoundsRegistry%2FSamples%2FshowMaterialSource.view%3FrowId%3D100%26Material.ConstructID%257Econtains%3DTST&quot;, &quot;post&quot;, &quot;rows&quot;)}.call(this))){submitForm(document.getElementById(&quot;c2a28697-b7bb-1035-956b-54d229f96da0&quot;).form);return false;}" labkey-requires-selection="Material" data-tt="tooltip" data-placement="top" title="" data-original-title="Delete">...</a> is not clickable at point (253, 395). Other element would receive the click: <div class="lk-region-context-action selectable" data-tt="tooltip" data-placement="top" title="" onclick="LABKEY.DataRegions['Material']._openFilter('ConstructID', arguments[0]); return false;" data-original-title="ConstructID CONTAINS TST">...</div>
  (Session info: chrome=62.0.3202.94)
  (Driver info: chromedriver=2.33.506120 (e3e53437346286c0bc2d2dc9aa4915ba81d9023f),platform=Windows NT 6.3.9600 x86_64) (WARNING: The server did not provide any stacktrace information)
Command duration or timeout: 0 milliseconds
Build info: version: '3.7.1', revision: '8a0099a', time: '2017-11-06T21:07:36.161Z'
System info: host: 'HRPC03', ip: '140.107.11.142', os.name: 'Windows 8.1', os.arch: 'amd64', os.version: '6.3', java.version: '1.8.0_102'
Driver info: com.kms.katalon.selenium.driver.CChromeDriver
Capabilities {acceptSslCerts: true, applicationCacheEnabled: false, browserConnectionEnabled: false, browserName: chrome, chrome: {chromedriverVersion: 2.33.506120 (e3e53437346286..., userDataDir: C:\Users\Hector\AppData\Loc...}, cssSelectorsEnabled: true, databaseEnabled: false, handlesAlerts: true, hasTouchScreen: false, javascriptEnabled: true, locationContextEnabled: true, mobileEmulationEnabled: false, nativeEvents: true, networkConnectionEnabled: false, pageLoadStrategy: normal, platform: XP, platformName: XP, rotatable: false, setWindowRect: true, takesHeapSnapshot: true, takesScreenshot: true, unexpectedAlertBehaviour: , unhandledPromptBehavior: , version: 62.0.3202.94, webStorageEnabled: true}
Session ID: 1507e1f04b97a422b5596830e4c41bdf)]]></system-out>
      <system-err><![CDATA[2017-11-29 21:45:27 - [TEST_SUITE][FAILED] - OptidesLabkeyTests: Test Cases/postTest-RemoveTestConstructs FAILED because (of) Unable to click on object 'Object Repository/Page_Sample Set Construct OptidesCo/span_Delete' (Root cause: org.openqa.selenium.WebDriverException: unknown error: Element <a class="labkey-button primary icon-only" onclick="if(this.className.indexOf(&quot;labkey-disabled-button&quot;) != -1){return false;}this.form=document.getElementById(&quot;c2a28697-b7bb-1035-956b-54d229f96da0&quot;).form;if(isTrueOrUndefined(function(){return verifySelected(this.form, &quot;/experiment/Optides/CompoundsRegistry/Samples/deleteMaterialByRowId.view?returnUrl=%2Fexperiment%2FOptides%2FCompoundsRegistry%2FSamples%2FshowMaterialSource.view%3FrowId%3D100%26Material.ConstructID%257Econtains%3DTST&quot;, &quot;post&quot;, &quot;rows&quot;)}.call(this))){submitForm(document.getElementById(&quot;c2a28697-b7bb-1035-956b-54d229f96da0&quot;).form);return false;}" labkey-requires-selection="Material" data-tt="tooltip" data-placement="top" title="" data-original-title="Delete">...</a> is not clickable at point (253, 395). Other element would receive the click: <div class="lk-region-context-action selectable" data-tt="tooltip" data-placement="top" title="" onclick="LABKEY.DataRegions['Material']._openFilter('ConstructID', arguments[0]); return false;" data-original-title="ConstructID CONTAINS TST">...</div>
  (Session info: chrome=62.0.3202.94)
  (Driver info: chromedriver=2.33.506120 (e3e53437346286c0bc2d2dc9aa4915ba81d9023f),platform=Windows NT 6.3.9600 x86_64) (WARNING: The server did not provide any stacktrace information)
Command duration or timeout: 0 milliseconds
Build info: version: '3.7.1', revision: '8a0099a', time: '2017-11-06T21:07:36.161Z'
System info: host: 'HRPC03', ip: '140.107.11.142', os.name: 'Windows 8.1', os.arch: 'amd64', os.version: '6.3', java.version: '1.8.0_102'
Driver info: com.kms.katalon.selenium.driver.CChromeDriver
Capabilities {acceptSslCerts: true, applicationCacheEnabled: false, browserConnectionEnabled: false, browserName: chrome, chrome: {chromedriverVersion: 2.33.506120 (e3e53437346286..., userDataDir: C:\Users\Hector\AppData\Loc...}, cssSelectorsEnabled: true, databaseEnabled: false, handlesAlerts: true, hasTouchScreen: false, javascriptEnabled: true, locationContextEnabled: true, mobileEmulationEnabled: false, nativeEvents: true, networkConnectionEnabled: false, pageLoadStrategy: normal, platform: XP, platformName: XP, rotatable: false, setWindowRect: true, takesHeapSnapshot: true, takesScreenshot: true, unexpectedAlertBehaviour: , unhandledPromptBehavior: , version: 62.0.3202.94, webStorageEnabled: true}
Session ID: 1507e1f04b97a422b5596830e4c41bdf)]]></system-err>
   </testsuite>
</testsuites>
