<?xml version="1.0" encoding="UTF-8"?>
<testsuites name="OptidesLabkeyTests" time="880" tests="0" failures="9" errors="0">
   <testsuite name="OptidesLabkeyTests" tests="0" failures="9" errors="0" time="880" timestamp="2017-10-30 17:50:35" hostname="Hector - 140.107.11.113" id="Test Suites/OptidesLabkeyTests">
      <properties>
         <property name="deviceName" value=""/>
         <property name="devicePlatform" value=""/>
         <property name="logFolder" value="C:\\Users\\Hector\\Documents\\HRInternetConsulting\\Clients\\FHCRC\\Tachyon\\src\\RegressionTests\\Katalon\\OptidesTests\\Reports\\OptidesLabkeyTests\\20171030_175033"/>
         <property name="logFiles" value="C:\\Users\\Hector\\Documents\\HRInternetConsulting\\Clients\\FHCRC\\Tachyon\\src\\RegressionTests\\Katalon\\OptidesTests\\Reports\\OptidesLabkeyTests\\20171030_175033\\execution0.log"/>
         <property name="attachments" value="C:\\Users\\Hector\\Documents\\HRInternetConsulting\\Clients\\FHCRC\\Tachyon\\src\\RegressionTests\\Katalon\\OptidesTests\\Reports\\OptidesLabkeyTests\\20171030_175033\\1509411121145.png, C:\\Users\\Hector\\Documents\\HRInternetConsulting\\Clients\\FHCRC\\Tachyon\\src\\RegressionTests\\Katalon\\OptidesTests\\Reports\\OptidesLabkeyTests\\20171030_175033\\1509411460712.png, C:\\Users\\Hector\\Documents\\HRInternetConsulting\\Clients\\FHCRC\\Tachyon\\src\\RegressionTests\\Katalon\\OptidesTests\\Reports\\OptidesLabkeyTests\\20171030_175033\\1509411849047.png"/>
         <property name="hostName" value="Hector - 140.107.11.113"/>
         <property name="os" value="Windows 8.1 64bit"/>
         <property name="katalonVersion" value="5.0.0.1"/>
         <property name="browser" value="Chrome 61.0.3163.100"/>
         <property name="hostAddress" value="140.107.11.113"/>
         <property name="sessionId" value="62e8051d20dd9cd56a95da6a3e2a05a4"/>
         <property name="seleniumVersion" value="2.53.0"/>
         <property name="proxyInformation" value="ProxyInformation{proxyOption=NO_PROXY, proxyServerType=HTTP, password=, proxyServerAddress=, proxyServerPort=0}"/>
         <property name="platform" value="Windows 8.1"/>
      </properties>
      <testcase name="Test Cases/LSCActivityCalcTest" classname="Test Cases/LSCActivityCalcTest" status="FAILED">
         <failure type="FAILED" message="Unable to set text 'TEST0001' of object 'Object Repository/LSC_objects/Page_Data Import Run Properties and/input_name' (Root cause: com.kms.katalon.core.webui.exception.WebElementNotFoundException: Web element with id: 'Object Repository/LSC_objects/Page_Data Import Run Properties and/input_name' located by 'By.xpath: //input[count(. | //*[@name = 'name']) = count(//*[@name = 'name'])][count(. | //*[@type = 'text']) = count(//*[@type = 'text'])]' not found)"/>
         <system-out><![CDATA[2017-10-30 17:50:35 - [TEST_CASE][FAILED] - Test Cases/LSCActivityCalcTest: Test Cases/LSCActivityCalcTest FAILED because (of) Unable to set text 'TEST0001' of object 'Object Repository/LSC_objects/Page_Data Import Run Properties and/input_name' (Root cause: com.kms.katalon.core.webui.exception.WebElementNotFoundException: Web element with id: 'Object Repository/LSC_objects/Page_Data Import Run Properties and/input_name' located by 'By.xpath: //input[count(. | //*[@name = 'name']) = count(//*[@name = 'name'])][count(. | //*[@type = 'text']) = count(//*[@type = 'text'])]' not found)

2017-10-30 17:50:36 - [TEST_STEP][PASSED] - callTestCase: Call Test Case 'Test Cases/OpenAndLogIn' successfully

2017-10-30 17:50:36 - [TEST_CASE][PASSED] - Test Cases/OpenAndLogIn: Test Cases/OpenAndLogIn

2017-10-30 17:50:37 - [TEST_STEP][PASSED] - openBrowser: Browser is opened with url: 'https://optides-stage.fhcrc.org'

2017-10-30 17:50:48 - [MESSAGE][PASSED] - Browser is opened with url: 'https://optides-stage.fhcrc.org'

2017-10-30 17:50:48 - [TEST_STEP][PASSED] - setViewPortSize: Viewport is set to new size with width = 2000 and height = 1500

2017-10-30 17:50:50 - [MESSAGE][PASSED] - Viewport is set to new size with width = 2000 and height = 1500

2017-10-30 17:50:50 - [TEST_STEP][PASSED] - click: Object: 'Object Repository/LSC_objects/Page_Optide Dev Server home/a_SignIn' is clicked on

2017-10-30 17:50:53 - [MESSAGE][PASSED] - Object: 'Object Repository/LSC_objects/Page_Optide Dev Server home/a_SignIn' is clicked on

2017-10-30 17:50:53 - [TEST_STEP][PASSED] - setText: Text 'hramos@fhcrc.org' is set on object 'Object Repository/LSC_objects/Page_Sign In/input_email'

2017-10-30 17:50:58 - [MESSAGE][PASSED] - Text 'hramos@fhcrc.org' is set on object 'Object Repository/LSC_objects/Page_Sign In/input_email'

2017-10-30 17:50:58 - [TEST_STEP][PASSED] - setText: Text 'One1Two2' is set on object 'Object Repository/LSC_objects/Page_Sign In/input_password'

2017-10-30 17:51:02 - [MESSAGE][PASSED] - Text 'One1Two2' is set on object 'Object Repository/LSC_objects/Page_Sign In/input_password'

2017-10-30 17:51:02 - [TEST_STEP][PASSED] - click: Object: 'Object Repository/LSC_objects/Page_Sign In/span_Sign In' is clicked on

2017-10-30 17:51:04 - [MESSAGE][PASSED] - Object: 'Object Repository/LSC_objects/Page_Sign In/span_Sign In' is clicked on

2017-10-30 17:51:04 - [TEST_STEP][PASSED] - click: Object: 'Object Repository/LSC_objects/Page_Optide Dev Server home/span_Optides' is clicked on

2017-10-30 17:51:10 - [MESSAGE][PASSED] - Object: 'Object Repository/LSC_objects/Page_Optide Dev Server home/span_Optides' is clicked on

2017-10-30 17:51:10 - [MESSAGE][PASSED] - Call Test Case 'Test Cases/OpenAndLogIn' successfully

2017-10-30 17:51:10 - [TEST_STEP][PASSED] - mouseOver: Object: 'Object Repository/LSC_objects/Page_Start Page Optides/a_VIVOAssay' is hovered

2017-10-30 17:51:13 - [MESSAGE][PASSED] - Object: 'Object Repository/LSC_objects/Page_Start Page Optides/a_VIVOAssay' is hovered

2017-10-30 17:51:13 - [TEST_STEP][PASSED] - waitForElementVisible: Object 'Object Repository/LSC_objects/Page_Start Page Optides/a_Sample' is visible

2017-10-30 17:51:13 - [MESSAGE][WARNING] - Timeout '0' is invalid. Using default page load timeout: '30'

2017-10-30 17:51:15 - [MESSAGE][PASSED] - Object 'Object Repository/LSC_objects/Page_Start Page Optides/a_Sample' is visible

2017-10-30 17:51:15 - [TEST_STEP][PASSED] - click: Object: 'Object Repository/LSC_objects/Page_Start Page Optides/a_Sample' is clicked on

2017-10-30 17:51:18 - [MESSAGE][PASSED] - Object: 'Object Repository/LSC_objects/Page_Start Page Optides/a_Sample' is clicked on

2017-10-30 17:51:18 - [TEST_STEP][PASSED] - click: Object: 'Object Repository/LSC_objects/Page_Assay Dashboard OptidesVIVOAss/a_LSC' is clicked on

2017-10-30 17:51:21 - [MESSAGE][PASSED] - Object: 'Object Repository/LSC_objects/Page_Assay Dashboard OptidesVIVOAss/a_LSC' is clicked on

2017-10-30 17:51:21 - [TEST_STEP][PASSED] - click: Object: 'Object Repository/LSC_objects/Page_LSC Runs OptidesVIVOAssaySampl/span_Import Data' is clicked on

2017-10-30 17:51:28 - [MESSAGE][PASSED] - Object: 'Object Repository/LSC_objects/Page_LSC Runs OptidesVIVOAssaySampl/span_Import Data' is clicked on

2017-10-30 17:51:28 - [TEST_STEP][PASSED] - click: Object: 'Object Repository/LSC_objects/Page_Data Import Batch Properties O/span_Next' is clicked on

2017-10-30 17:51:30 - [MESSAGE][PASSED] - Object: 'Object Repository/LSC_objects/Page_Data Import Batch Properties O/span_Next' is clicked on

2017-10-30 17:51:30 - [TEST_STEP][FAILED] - setText: Unable to set text 'TEST0001' of object 'Object Repository/LSC_objects/Page_Data Import Run Properties and/input_name' (Root cause: com.kms.katalon.core.webui.exception.WebElementNotFoundException: Web element with id: 'Object Repository/LSC_objects/Page_Data Import Run Properties and/input_name' located by 'By.xpath: //input[count(. | //*[@name = 'name']) = count(//*[@name = 'name'])][count(. | //*[@type = 'text']) = count(//*[@type = 'text'])]' not found)

2017-10-30 17:52:02 - [MESSAGE][FAILED] - Unable to set text 'TEST0001' of object 'Object Repository/LSC_objects/Page_Data Import Run Properties and/input_name' (Root cause: com.kms.katalon.core.webui.exception.WebElementNotFoundException: Web element with id: 'Object Repository/LSC_objects/Page_Data Import Run Properties and/input_name' located by 'By.xpath: //input[count(. | //*[@name = 'name']) = count(//*[@name = 'name'])][count(. | //*[@type = 'text']) = count(//*[@type = 'text'])]' not found)
[[ATTACHMENT|C:\\Users\\Hector\\Documents\\HRInternetConsulting\\Clients\\FHCRC\\Tachyon\\src\\RegressionTests\\Katalon\\OptidesTests\\Reports\\OptidesLabkeyTests\\20171030_175033\\1509411121145.png]]]]></system-out>
         <system-err><![CDATA[2017-10-30 17:50:35 - [TEST_CASE][FAILED] - Test Cases/LSCActivityCalcTest: Test Cases/LSCActivityCalcTest FAILED because (of) Unable to set text 'TEST0001' of object 'Object Repository/LSC_objects/Page_Data Import Run Properties and/input_name' (Root cause: com.kms.katalon.core.webui.exception.WebElementNotFoundException: Web element with id: 'Object Repository/LSC_objects/Page_Data Import Run Properties and/input_name' located by 'By.xpath: //input[count(. | //*[@name = 'name']) = count(//*[@name = 'name'])][count(. | //*[@type = 'text']) = count(//*[@type = 'text'])]' not found)]]></system-err>
      </testcase>
      <testcase name="Test Cases/HT_DNA HTProduction Pipeline Test" classname="Test Cases/HT_DNA HTProduction Pipeline Test" status="FAILED">
         <failure type="FAILED" message="org.codehaus.groovy.runtime.powerassert.PowerAssertionError: assert pipelineStatus == 'COMPLETE'
       |              |
       ERROR          false"/>
         <system-out><![CDATA[2017-10-30 17:52:02 - [TEST_CASE][FAILED] - Test Cases/HT_DNA HTProduction Pipeline Test: Test Cases/HT_DNA HTProduction Pipeline Test FAILED because (of) org.codehaus.groovy.runtime.powerassert.PowerAssertionError: assert pipelineStatus == 'COMPLETE'
       |              |
       ERROR          false

2017-10-30 17:52:03 - [TEST_STEP][PASSED] - callTestCase: Call Test Case 'Test Cases/OpenAndLogIn' successfully

2017-10-30 17:52:03 - [TEST_CASE][PASSED] - Test Cases/OpenAndLogIn: Test Cases/OpenAndLogIn

2017-10-30 17:52:03 - [TEST_STEP][PASSED] - openBrowser: Browser is opened with url: 'https://optides-stage.fhcrc.org'

2017-10-30 17:52:03 - [MESSAGE][WARNING] - A browser is already opened. Closing browser and opening a new one

2017-10-30 17:52:13 - [MESSAGE][PASSED] - Browser is opened with url: 'https://optides-stage.fhcrc.org'

2017-10-30 17:52:13 - [TEST_STEP][PASSED] - setViewPortSize: Viewport is set to new size with width = 2000 and height = 1500

2017-10-30 17:52:16 - [MESSAGE][PASSED] - Viewport is set to new size with width = 2000 and height = 1500

2017-10-30 17:52:16 - [TEST_STEP][PASSED] - click: Object: 'Object Repository/LSC_objects/Page_Optide Dev Server home/a_SignIn' is clicked on

2017-10-30 17:52:19 - [MESSAGE][PASSED] - Object: 'Object Repository/LSC_objects/Page_Optide Dev Server home/a_SignIn' is clicked on

2017-10-30 17:52:19 - [TEST_STEP][PASSED] - setText: Text 'hramos@fhcrc.org' is set on object 'Object Repository/LSC_objects/Page_Sign In/input_email'

2017-10-30 17:52:23 - [MESSAGE][PASSED] - Text 'hramos@fhcrc.org' is set on object 'Object Repository/LSC_objects/Page_Sign In/input_email'

2017-10-30 17:52:23 - [TEST_STEP][PASSED] - setText: Text 'One1Two2' is set on object 'Object Repository/LSC_objects/Page_Sign In/input_password'

2017-10-30 17:52:27 - [MESSAGE][PASSED] - Text 'One1Two2' is set on object 'Object Repository/LSC_objects/Page_Sign In/input_password'

2017-10-30 17:52:27 - [TEST_STEP][PASSED] - click: Object: 'Object Repository/LSC_objects/Page_Sign In/span_Sign In' is clicked on

2017-10-30 17:52:29 - [MESSAGE][PASSED] - Object: 'Object Repository/LSC_objects/Page_Sign In/span_Sign In' is clicked on

2017-10-30 17:52:29 - [TEST_STEP][PASSED] - click: Object: 'Object Repository/LSC_objects/Page_Optide Dev Server home/span_Optides' is clicked on

2017-10-30 17:52:41 - [MESSAGE][PASSED] - Object: 'Object Repository/LSC_objects/Page_Optide Dev Server home/span_Optides' is clicked on

2017-10-30 17:52:41 - [MESSAGE][PASSED] - Call Test Case 'Test Cases/OpenAndLogIn' successfully

2017-10-30 17:52:41 - [TEST_STEP][PASSED] - mouseOver: Object: 'Object Repository/Page_Start Page Optides/a_CompoundsRegistry' is hovered

2017-10-30 17:52:43 - [MESSAGE][PASSED] - Object: 'Object Repository/Page_Start Page Optides/a_CompoundsRegistry' is hovered

2017-10-30 17:52:43 - [TEST_STEP][PASSED] - waitForElementVisible: Object 'Object Repository/Page_Start Page Optides/a_Samples_CompReg' is visible

2017-10-30 17:52:43 - [MESSAGE][WARNING] - Timeout '0' is invalid. Using default page load timeout: '30'

2017-10-30 17:52:45 - [MESSAGE][PASSED] - Object 'Object Repository/Page_Start Page Optides/a_Samples_CompReg' is visible

2017-10-30 17:52:45 - [TEST_STEP][PASSED] - click: Object: 'Object Repository/Page_Start Page Optides/a_Samples_CompReg' is clicked on

2017-10-30 17:52:50 - [MESSAGE][PASSED] - Object: 'Object Repository/Page_Start Page Optides/a_Samples_CompReg' is clicked on

2017-10-30 17:52:50 - [TEST_STEP][PASSED] - click: Object: 'Object Repository/Page_Assay Dashboard OptidesCompoun/span_test_GenScript_HT_DNA_DeliveryFile.xlsx' is clicked on

2017-10-30 17:52:56 - [MESSAGE][PASSED] - Object: 'Object Repository/Page_Assay Dashboard OptidesCompoun/span_test_GenScript_HT_DNA_DeliveryFile.xlsx' is clicked on

2017-10-30 17:52:56 - [TEST_STEP][PASSED] - click: Object: 'Object Repository/Page_Assay Dashboard OptidesCompoun/span_Import Data' is clicked on

2017-10-30 17:52:59 - [MESSAGE][PASSED] - Object: 'Object Repository/Page_Assay Dashboard OptidesCompoun/span_Import Data' is clicked on

2017-10-30 17:52:59 - [TEST_STEP][PASSED] - click: Object: 'Object Repository/Page_Assay Dashboard OptidesCompoun/radioBtn_GenerateHTplates' is clicked on

2017-10-30 17:53:01 - [MESSAGE][PASSED] - Object: 'Object Repository/Page_Assay Dashboard OptidesCompoun/radioBtn_GenerateHTplates' is clicked on

2017-10-30 17:53:01 - [TEST_STEP][PASSED] - click: Object: 'Object Repository/Page_Assay Dashboard OptidesCompoun/button_Import' is clicked on

2017-10-30 17:53:05 - [MESSAGE][PASSED] - Object: 'Object Repository/Page_Assay Dashboard OptidesCompoun/button_Import' is clicked on

2017-10-30 17:53:05 - [TEST_STEP][PASSED] - setText: Text 'CNT0001396' is set on object 'Object Repository/Page_Generate HT Plate from HT Delivery File/input_toReplaceBlanks'

2017-10-30 17:53:09 - [MESSAGE][PASSED] - Text 'CNT0001396' is set on object 'Object Repository/Page_Generate HT Plate from HT Delivery File/input_toReplaceBlanks'

2017-10-30 17:53:09 - [TEST_STEP][PASSED] - click: Object: 'Object Repository/Page_Generate HT Plate from HT Delivery File/btn_GenerateHTPlate' is clicked on

2017-10-30 17:53:11 - [MESSAGE][PASSED] - Object: 'Object Repository/Page_Generate HT Plate from HT Delivery File/btn_GenerateHTPlate' is clicked on

2017-10-30 17:53:11 - [TEST_STEP][PASSED] - delay: Delayed 2 second(s)

2017-10-30 17:53:13 - [MESSAGE][PASSED] - Delayed 2 second(s)

2017-10-30 17:53:13 - [TEST_STEP][PASSED] - click: Object: 'Object Repository/Page_Assay Dashboard OptidesCompoun/a_Pipeline' is clicked on

2017-10-30 17:53:16 - [MESSAGE][PASSED] - Object: 'Object Repository/Page_Assay Dashboard OptidesCompoun/a_Pipeline' is clicked on

2017-10-30 17:53:16 - [TEST_STEP][PASSED] - click: Object: 'Object Repository/Page_Data Pipeline - CompoundsRegistry/a_All' is clicked on

2017-10-30 17:53:18 - [MESSAGE][PASSED] - Object: 'Object Repository/Page_Data Pipeline - CompoundsRegistry/a_All' is clicked on

2017-10-30 17:53:18 - [TEST_STEP][PASSED] - Statement - pipelineStatus = com.kms.katalon.core.webui.keyword.WebUiBuiltInKeywords.getAttribute(com.kms.katalon.core.testobject.ObjectRepository.findTestObject(Page_Data Pipeline - CompoundsRegistry/a_PipelineStatus), "text"): Attribute 'text' of object 'Object Repository/Page_Data Pipeline - CompoundsRegistry/a_PipelineStatus' is: 'ERROR'

2017-10-30 17:53:20 - [MESSAGE][PASSED] - Attribute 'text' of object 'Object Repository/Page_Data Pipeline - CompoundsRegistry/a_PipelineStatus' is: 'ERROR'

2017-10-30 17:53:20 - [TEST_STEP][PASSED] - Statement - While (pipelineStatus == "ht_plate_generator RUNNING" || pipelineStatus == "ht_plate_generator WAITING"): null

2017-10-30 17:53:20 - [TEST_STEP][PASSED] - Statement - assert pipelineStatus == "COMPLETE": null]]></system-out>
         <system-err><![CDATA[2017-10-30 17:52:02 - [TEST_CASE][FAILED] - Test Cases/HT_DNA HTProduction Pipeline Test: Test Cases/HT_DNA HTProduction Pipeline Test FAILED because (of) org.codehaus.groovy.runtime.powerassert.PowerAssertionError: assert pipelineStatus == 'COMPLETE'
       |              |
       ERROR          false]]></system-err>
      </testcase>
      <testcase name="Test Cases/HPLC Image Assay Pipeline" classname="Test Cases/HPLC Image Assay Pipeline" status="FAILED">
         <failure type="FAILED" message="Unable to click on object 'Object Repository/Page_Assay Dashboard OptidesCompoun/a_Pipeline' (Root cause: org.openqa.selenium.UnhandledAlertException: unexpected alert open: {Alert text : Protocol name is required.}
  (Session info: chrome=61.0.3163.100)
  (Driver info: chromedriver=2.33.506120 (e3e53437346286c0bc2d2dc9aa4915ba81d9023f),platform=Windows NT 6.3.9600 x86_64) (WARNING: The server did not provide any stacktrace information)
Command duration or timeout: 4 milliseconds: null
Build info: version: '2.53.0', revision: '35ae25b', time: '2016-03-15 17:00:58'
System info: host: 'HRPC03', ip: '140.107.11.113', os.name: 'Windows 8.1', os.arch: 'amd64', os.version: '6.3', java.version: '1.8.0_102'
Driver info: com.kms.katalon.selenium.driver.CChromeDriver
Capabilities [{applicationCacheEnabled=false, rotatable=false, mobileEmulationEnabled=false, networkConnectionEnabled=false, chrome={chromedriverVersion=2.33.506120 (e3e53437346286c0bc2d2dc9aa4915ba81d9023f), userDataDir=C:\Users\Hector\AppData\Local\Temp\scoped_dir9868_21343}, takesHeapSnapshot=true, pageLoadStrategy=normal, databaseEnabled=false, handlesAlerts=true, hasTouchScreen=false, version=61.0.3163.100, platform=WIN8_1, browserConnectionEnabled=false, nativeEvents=true, acceptSslCerts=true, locationContextEnabled=true, webStorageEnabled=true, browserName=chrome, takesScreenshot=true, javascriptEnabled=true, cssSelectorsEnabled=true, setWindowRect=true, unexpectedAlertBehaviour=}]
Session ID: e6370a1d39eb90044128bc6af7dd7183
*** Element info: {Using=xpath, value=id(&quot;PipelineTab&quot;)})"/>
         <system-out><![CDATA[2017-10-30 17:53:20 - [TEST_CASE][FAILED] - Test Cases/HPLC Image Assay Pipeline: Test Cases/HPLC Image Assay Pipeline FAILED because (of) Unable to click on object 'Object Repository/Page_Assay Dashboard OptidesCompoun/a_Pipeline' (Root cause: org.openqa.selenium.UnhandledAlertException: unexpected alert open: {Alert text : Protocol name is required.}
  (Session info: chrome=61.0.3163.100)
  (Driver info: chromedriver=2.33.506120 (e3e53437346286c0bc2d2dc9aa4915ba81d9023f),platform=Windows NT 6.3.9600 x86_64) (WARNING: The server did not provide any stacktrace information)
Command duration or timeout: 4 milliseconds: null
Build info: version: '2.53.0', revision: '35ae25b', time: '2016-03-15 17:00:58'
System info: host: 'HRPC03', ip: '140.107.11.113', os.name: 'Windows 8.1', os.arch: 'amd64', os.version: '6.3', java.version: '1.8.0_102'
Driver info: com.kms.katalon.selenium.driver.CChromeDriver
Capabilities [{applicationCacheEnabled=false, rotatable=false, mobileEmulationEnabled=false, networkConnectionEnabled=false, chrome={chromedriverVersion=2.33.506120 (e3e53437346286c0bc2d2dc9aa4915ba81d9023f), userDataDir=C:\Users\Hector\AppData\Local\Temp\scoped_dir9868_21343}, takesHeapSnapshot=true, pageLoadStrategy=normal, databaseEnabled=false, handlesAlerts=true, hasTouchScreen=false, version=61.0.3163.100, platform=WIN8_1, browserConnectionEnabled=false, nativeEvents=true, acceptSslCerts=true, locationContextEnabled=true, webStorageEnabled=true, browserName=chrome, takesScreenshot=true, javascriptEnabled=true, cssSelectorsEnabled=true, setWindowRect=true, unexpectedAlertBehaviour=}]
Session ID: e6370a1d39eb90044128bc6af7dd7183
*** Element info: {Using=xpath, value=id("PipelineTab")})

2017-10-30 17:53:21 - [TEST_STEP][PASSED] - callTestCase: Call Test Case 'Test Cases/OpenAndLogIn' successfully

2017-10-30 17:53:21 - [TEST_CASE][PASSED] - Test Cases/OpenAndLogIn: Test Cases/OpenAndLogIn

2017-10-30 17:53:21 - [TEST_STEP][PASSED] - openBrowser: Browser is opened with url: 'https://optides-stage.fhcrc.org'

2017-10-30 17:53:21 - [MESSAGE][WARNING] - A browser is already opened. Closing browser and opening a new one

2017-10-30 17:53:34 - [MESSAGE][PASSED] - Browser is opened with url: 'https://optides-stage.fhcrc.org'

2017-10-30 17:53:34 - [TEST_STEP][PASSED] - setViewPortSize: Viewport is set to new size with width = 2000 and height = 1500

2017-10-30 17:53:36 - [MESSAGE][PASSED] - Viewport is set to new size with width = 2000 and height = 1500

2017-10-30 17:53:36 - [TEST_STEP][PASSED] - click: Object: 'Object Repository/LSC_objects/Page_Optide Dev Server home/a_SignIn' is clicked on

2017-10-30 17:53:40 - [MESSAGE][PASSED] - Object: 'Object Repository/LSC_objects/Page_Optide Dev Server home/a_SignIn' is clicked on

2017-10-30 17:53:40 - [TEST_STEP][PASSED] - setText: Text 'hramos@fhcrc.org' is set on object 'Object Repository/LSC_objects/Page_Sign In/input_email'

2017-10-30 17:53:44 - [MESSAGE][PASSED] - Text 'hramos@fhcrc.org' is set on object 'Object Repository/LSC_objects/Page_Sign In/input_email'

2017-10-30 17:53:44 - [TEST_STEP][PASSED] - setText: Text 'One1Two2' is set on object 'Object Repository/LSC_objects/Page_Sign In/input_password'

2017-10-30 17:53:48 - [MESSAGE][PASSED] - Text 'One1Two2' is set on object 'Object Repository/LSC_objects/Page_Sign In/input_password'

2017-10-30 17:53:48 - [TEST_STEP][PASSED] - click: Object: 'Object Repository/LSC_objects/Page_Sign In/span_Sign In' is clicked on

2017-10-30 17:53:50 - [MESSAGE][PASSED] - Object: 'Object Repository/LSC_objects/Page_Sign In/span_Sign In' is clicked on

2017-10-30 17:53:50 - [TEST_STEP][PASSED] - click: Object: 'Object Repository/LSC_objects/Page_Optide Dev Server home/span_Optides' is clicked on

2017-10-30 17:53:59 - [MESSAGE][PASSED] - Object: 'Object Repository/LSC_objects/Page_Optide Dev Server home/span_Optides' is clicked on

2017-10-30 17:53:59 - [MESSAGE][PASSED] - Call Test Case 'Test Cases/OpenAndLogIn' successfully

2017-10-30 17:53:59 - [TEST_STEP][PASSED] - mouseOver: Object: 'Object Repository/Page_Start Page Optides/menu_HTProduction' is hovered

2017-10-30 17:54:01 - [MESSAGE][PASSED] - Object: 'Object Repository/Page_Start Page Optides/menu_HTProduction' is hovered

2017-10-30 17:54:01 - [TEST_STEP][PASSED] - waitForElementVisible: Object 'Object Repository/Page_Start Page Optides/a_Assays' is visible

2017-10-30 17:54:01 - [MESSAGE][WARNING] - Timeout '0' is invalid. Using default page load timeout: '30'

2017-10-30 17:54:04 - [MESSAGE][PASSED] - Object 'Object Repository/Page_Start Page Optides/a_Assays' is visible

2017-10-30 17:54:04 - [TEST_STEP][PASSED] - click: Object: 'Object Repository/Page_Start Page Optides/a_Assays' is clicked on

2017-10-30 17:54:07 - [MESSAGE][PASSED] - Object: 'Object Repository/Page_Start Page Optides/a_Assays' is clicked on

2017-10-30 17:54:07 - [TEST_STEP][PASSED] - refresh: Refresh successfully

2017-10-30 17:54:10 - [MESSAGE][PASSED] - Refresh successfully

2017-10-30 17:54:10 - [TEST_STEP][PASSED] - delay: Delayed 3 second(s)

2017-10-30 17:54:13 - [MESSAGE][PASSED] - Delayed 3 second(s)

2017-10-30 17:54:13 - [TEST_STEP][PASSED] - doubleClick: Object: 'Object Repository/Page_Assay Dashboard HTProduction/file_HPLC_Assay_Images' is double clicked on

2017-10-30 17:54:17 - [MESSAGE][PASSED] - Object: 'Object Repository/Page_Assay Dashboard HTProduction/file_HPLC_Assay_Images' is double clicked on

2017-10-30 17:54:17 - [TEST_STEP][PASSED] - waitForElementPresent: Object 'Object Repository/Page_Assay Dashboard HTProduction/file_HT0102' is present

2017-10-30 17:54:17 - [MESSAGE][WARNING] - Timeout '0' is invalid. Using default page load timeout: '30'

2017-10-30 17:54:18 - [MESSAGE][PASSED] - Object 'Object Repository/Page_Assay Dashboard HTProduction/file_HT0102' is present

2017-10-30 17:54:18 - [TEST_STEP][PASSED] - doubleClick: Object: 'Object Repository/Page_Assay Dashboard HTProduction/file_HT0102' is double clicked on

2017-10-30 17:54:22 - [MESSAGE][PASSED] - Object: 'Object Repository/Page_Assay Dashboard HTProduction/file_HT0102' is double clicked on

2017-10-30 17:54:22 - [TEST_STEP][PASSED] - waitForElementPresent: Object 'Object Repository/Page_Assay Dashboard HTProduction/file_HT01021A01_Perfect_etc' is present

2017-10-30 17:54:22 - [MESSAGE][WARNING] - Timeout '0' is invalid. Using default page load timeout: '30'

2017-10-30 17:54:23 - [MESSAGE][PASSED] - Object 'Object Repository/Page_Assay Dashboard HTProduction/file_HT01021A01_Perfect_etc' is present

2017-10-30 17:54:23 - [TEST_STEP][PASSED] - click: Object: 'Object Repository/Page_Assay Dashboard HTProduction/file_HT01021A01_Perfect_etc' is clicked on

2017-10-30 17:54:25 - [MESSAGE][PASSED] - Object: 'Object Repository/Page_Assay Dashboard HTProduction/file_HT01021A01_Perfect_etc' is clicked on

2017-10-30 17:54:25 - [TEST_STEP][PASSED] - click: Object: 'Object Repository/Page_Assay Dashboard HTProduction/file_HT01021A02_Complex_etc' is clicked on

2017-10-30 17:54:27 - [MESSAGE][PASSED] - Object: 'Object Repository/Page_Assay Dashboard HTProduction/file_HT01021A02_Complex_etc' is clicked on

2017-10-30 17:54:27 - [TEST_STEP][PASSED] - click: Object: 'Object Repository/Page_Assay Dashboard HTProduction/file_HT01021A03_Simple_etc' is clicked on

2017-10-30 17:54:29 - [MESSAGE][PASSED] - Object: 'Object Repository/Page_Assay Dashboard HTProduction/file_HT01021A03_Simple_etc' is clicked on

2017-10-30 17:54:29 - [TEST_STEP][PASSED] - click: Object: 'Object Repository/Page_Assay Dashboard HTProduction/file_HT01021A04_Perfect_523.58_6.53.jpg' is clicked on

2017-10-30 17:54:31 - [MESSAGE][PASSED] - Object: 'Object Repository/Page_Assay Dashboard HTProduction/file_HT01021A04_Perfect_523.58_6.53.jpg' is clicked on

2017-10-30 17:54:32 - [TEST_STEP][PASSED] - click: Object: 'Object Repository/Page_Assay Dashboard HTProduction/file_HT01021A05' is clicked on

2017-10-30 17:54:34 - [MESSAGE][PASSED] - Object: 'Object Repository/Page_Assay Dashboard HTProduction/file_HT01021A05' is clicked on

2017-10-30 17:54:34 - [TEST_STEP][PASSED] - click: Object: 'Object Repository/Page_Assay Dashboard OptidesCompoun/span_Import Data' is clicked on

2017-10-30 17:54:37 - [MESSAGE][PASSED] - Object: 'Object Repository/Page_Assay Dashboard OptidesCompoun/span_Import Data' is clicked on

2017-10-30 17:54:37 - [TEST_STEP][PASSED] - click: Object: 'Object Repository/Page_Assay Dashboard HTProduction/radioBtn_Update HPLC Assay' is clicked on

2017-10-30 17:54:39 - [MESSAGE][PASSED] - Object: 'Object Repository/Page_Assay Dashboard HTProduction/radioBtn_Update HPLC Assay' is clicked on

2017-10-30 17:54:39 - [TEST_STEP][PASSED] - click: Object: 'Object Repository/Page_Assay Dashboard OptidesCompoun/button_Import' is clicked on

2017-10-30 17:54:43 - [MESSAGE][PASSED] - Object: 'Object Repository/Page_Assay Dashboard OptidesCompoun/button_Import' is clicked on

2017-10-30 17:54:43 - [TEST_STEP][PASSED] - waitForElementVisible: Object 'Object Repository/Page_Upload_HT_Delivery_Info/a_submitButton' is visible

2017-10-30 17:54:43 - [MESSAGE][WARNING] - Timeout '0' is invalid. Using default page load timeout: '30'

2017-10-30 17:54:45 - [MESSAGE][PASSED] - Object 'Object Repository/Page_Upload_HT_Delivery_Info/a_submitButton' is visible

2017-10-30 17:54:45 - [TEST_STEP][PASSED] - click: Object: 'Object Repository/Page_Upload_HT_Delivery_Info/a_submitButton' is clicked on

2017-10-30 17:54:47 - [MESSAGE][PASSED] - Object: 'Object Repository/Page_Upload_HT_Delivery_Info/a_submitButton' is clicked on

2017-10-30 17:54:47 - [TEST_STEP][PASSED] - delay: Delayed 2 second(s)

2017-10-30 17:54:49 - [MESSAGE][PASSED] - Delayed 2 second(s)

2017-10-30 17:54:49 - [TEST_STEP][FAILED] - click: Unable to click on object 'Object Repository/Page_Assay Dashboard OptidesCompoun/a_Pipeline' (Root cause: org.openqa.selenium.UnhandledAlertException: unexpected alert open: {Alert text : Protocol name is required.}
  (Session info: chrome=61.0.3163.100)
  (Driver info: chromedriver=2.33.506120 (e3e53437346286c0bc2d2dc9aa4915ba81d9023f),platform=Windows NT 6.3.9600 x86_64) (WARNING: The server did not provide any stacktrace information)
Command duration or timeout: 4 milliseconds: null
Build info: version: '2.53.0', revision: '35ae25b', time: '2016-03-15 17:00:58'
System info: host: 'HRPC03', ip: '140.107.11.113', os.name: 'Windows 8.1', os.arch: 'amd64', os.version: '6.3', java.version: '1.8.0_102'
Driver info: com.kms.katalon.selenium.driver.CChromeDriver
Capabilities [{applicationCacheEnabled=false, rotatable=false, mobileEmulationEnabled=false, networkConnectionEnabled=false, chrome={chromedriverVersion=2.33.506120 (e3e53437346286c0bc2d2dc9aa4915ba81d9023f), userDataDir=C:\Users\Hector\AppData\Local\Temp\scoped_dir9868_21343}, takesHeapSnapshot=true, pageLoadStrategy=normal, databaseEnabled=false, handlesAlerts=true, hasTouchScreen=false, version=61.0.3163.100, platform=WIN8_1, browserConnectionEnabled=false, nativeEvents=true, acceptSslCerts=true, locationContextEnabled=true, webStorageEnabled=true, browserName=chrome, takesScreenshot=true, javascriptEnabled=true, cssSelectorsEnabled=true, setWindowRect=true, unexpectedAlertBehaviour=}]
Session ID: e6370a1d39eb90044128bc6af7dd7183
*** Element info: {Using=xpath, value=id("PipelineTab")})

2017-10-30 17:54:52 - [MESSAGE][WARNING] - Cannot take screenshot

2017-10-30 17:54:52 - [MESSAGE][FAILED] - Unable to click on object 'Object Repository/Page_Assay Dashboard OptidesCompoun/a_Pipeline' (Root cause: org.openqa.selenium.UnhandledAlertException: unexpected alert open: {Alert text : Protocol name is required.}
  (Session info: chrome=61.0.3163.100)
  (Driver info: chromedriver=2.33.506120 (e3e53437346286c0bc2d2dc9aa4915ba81d9023f),platform=Windows NT 6.3.9600 x86_64) (WARNING: The server did not provide any stacktrace information)
Command duration or timeout: 4 milliseconds: null
Build info: version: '2.53.0', revision: '35ae25b', time: '2016-03-15 17:00:58'
System info: host: 'HRPC03', ip: '140.107.11.113', os.name: 'Windows 8.1', os.arch: 'amd64', os.version: '6.3', java.version: '1.8.0_102'
Driver info: com.kms.katalon.selenium.driver.CChromeDriver
Capabilities [{applicationCacheEnabled=false, rotatable=false, mobileEmulationEnabled=false, networkConnectionEnabled=false, chrome={chromedriverVersion=2.33.506120 (e3e53437346286c0bc2d2dc9aa4915ba81d9023f), userDataDir=C:\Users\Hector\AppData\Local\Temp\scoped_dir9868_21343}, takesHeapSnapshot=true, pageLoadStrategy=normal, databaseEnabled=false, handlesAlerts=true, hasTouchScreen=false, version=61.0.3163.100, platform=WIN8_1, browserConnectionEnabled=false, nativeEvents=true, acceptSslCerts=true, locationContextEnabled=true, webStorageEnabled=true, browserName=chrome, takesScreenshot=true, javascriptEnabled=true, cssSelectorsEnabled=true, setWindowRect=true, unexpectedAlertBehaviour=}]
Session ID: e6370a1d39eb90044128bc6af7dd7183
*** Element info: {Using=xpath, value=id("PipelineTab")})]]></system-out>
         <system-err><![CDATA[2017-10-30 17:53:20 - [TEST_CASE][FAILED] - Test Cases/HPLC Image Assay Pipeline: Test Cases/HPLC Image Assay Pipeline FAILED because (of) Unable to click on object 'Object Repository/Page_Assay Dashboard OptidesCompoun/a_Pipeline' (Root cause: org.openqa.selenium.UnhandledAlertException: unexpected alert open: {Alert text : Protocol name is required.}
  (Session info: chrome=61.0.3163.100)
  (Driver info: chromedriver=2.33.506120 (e3e53437346286c0bc2d2dc9aa4915ba81d9023f),platform=Windows NT 6.3.9600 x86_64) (WARNING: The server did not provide any stacktrace information)
Command duration or timeout: 4 milliseconds: null
Build info: version: '2.53.0', revision: '35ae25b', time: '2016-03-15 17:00:58'
System info: host: 'HRPC03', ip: '140.107.11.113', os.name: 'Windows 8.1', os.arch: 'amd64', os.version: '6.3', java.version: '1.8.0_102'
Driver info: com.kms.katalon.selenium.driver.CChromeDriver
Capabilities [{applicationCacheEnabled=false, rotatable=false, mobileEmulationEnabled=false, networkConnectionEnabled=false, chrome={chromedriverVersion=2.33.506120 (e3e53437346286c0bc2d2dc9aa4915ba81d9023f), userDataDir=C:\Users\Hector\AppData\Local\Temp\scoped_dir9868_21343}, takesHeapSnapshot=true, pageLoadStrategy=normal, databaseEnabled=false, handlesAlerts=true, hasTouchScreen=false, version=61.0.3163.100, platform=WIN8_1, browserConnectionEnabled=false, nativeEvents=true, acceptSslCerts=true, locationContextEnabled=true, webStorageEnabled=true, browserName=chrome, takesScreenshot=true, javascriptEnabled=true, cssSelectorsEnabled=true, setWindowRect=true, unexpectedAlertBehaviour=}]
Session ID: e6370a1d39eb90044128bc6af7dd7183
*** Element info: {Using=xpath, value=id("PipelineTab")})]]></system-err>
      </testcase>
      <testcase name="Test Cases/Insert Constructs via Pipeline Test" classname="Test Cases/Insert Constructs via Pipeline Test" status="FAILED">
         <failure type="FAILED" message="org.codehaus.groovy.runtime.powerassert.PowerAssertionError: assert pipelineStatus == 'COMPLETE'
       |              |
       ERROR          false"/>
         <system-out><![CDATA[2017-10-30 17:54:52 - [TEST_CASE][FAILED] - Test Cases/Insert Constructs via Pipeline Test: Test Cases/Insert Constructs via Pipeline Test FAILED because (of) org.codehaus.groovy.runtime.powerassert.PowerAssertionError: assert pipelineStatus == 'COMPLETE'
       |              |
       ERROR          false

2017-10-30 17:54:52 - [TEST_STEP][PASSED] - callTestCase: Call Test Case 'Test Cases/OpenAndLogIn' successfully

2017-10-30 17:54:52 - [TEST_CASE][PASSED] - Test Cases/OpenAndLogIn: Test Cases/OpenAndLogIn

2017-10-30 17:54:52 - [TEST_STEP][PASSED] - openBrowser: Browser is opened with url: 'https://optides-stage.fhcrc.org'

2017-10-30 17:54:52 - [MESSAGE][WARNING] - A browser is already opened. Closing browser and opening a new one

2017-10-30 17:55:04 - [MESSAGE][PASSED] - Browser is opened with url: 'https://optides-stage.fhcrc.org'

2017-10-30 17:55:04 - [TEST_STEP][PASSED] - setViewPortSize: Viewport is set to new size with width = 2000 and height = 1500

2017-10-30 17:55:07 - [MESSAGE][PASSED] - Viewport is set to new size with width = 2000 and height = 1500

2017-10-30 17:55:07 - [TEST_STEP][PASSED] - click: Object: 'Object Repository/LSC_objects/Page_Optide Dev Server home/a_SignIn' is clicked on

2017-10-30 17:55:10 - [MESSAGE][PASSED] - Object: 'Object Repository/LSC_objects/Page_Optide Dev Server home/a_SignIn' is clicked on

2017-10-30 17:55:10 - [TEST_STEP][PASSED] - setText: Text 'hramos@fhcrc.org' is set on object 'Object Repository/LSC_objects/Page_Sign In/input_email'

2017-10-30 17:55:15 - [MESSAGE][PASSED] - Text 'hramos@fhcrc.org' is set on object 'Object Repository/LSC_objects/Page_Sign In/input_email'

2017-10-30 17:55:15 - [TEST_STEP][PASSED] - setText: Text 'One1Two2' is set on object 'Object Repository/LSC_objects/Page_Sign In/input_password'

2017-10-30 17:55:19 - [MESSAGE][PASSED] - Text 'One1Two2' is set on object 'Object Repository/LSC_objects/Page_Sign In/input_password'

2017-10-30 17:55:19 - [TEST_STEP][PASSED] - click: Object: 'Object Repository/LSC_objects/Page_Sign In/span_Sign In' is clicked on

2017-10-30 17:55:21 - [MESSAGE][PASSED] - Object: 'Object Repository/LSC_objects/Page_Sign In/span_Sign In' is clicked on

2017-10-30 17:55:21 - [TEST_STEP][PASSED] - click: Object: 'Object Repository/LSC_objects/Page_Optide Dev Server home/span_Optides' is clicked on

2017-10-30 17:55:27 - [MESSAGE][PASSED] - Object: 'Object Repository/LSC_objects/Page_Optide Dev Server home/span_Optides' is clicked on

2017-10-30 17:55:27 - [MESSAGE][PASSED] - Call Test Case 'Test Cases/OpenAndLogIn' successfully

2017-10-30 17:55:27 - [TEST_STEP][PASSED] - mouseOver: Object: 'Object Repository/Page_Start Page Optides/a_CompoundsRegistry' is hovered

2017-10-30 17:55:29 - [MESSAGE][PASSED] - Object: 'Object Repository/Page_Start Page Optides/a_CompoundsRegistry' is hovered

2017-10-30 17:55:29 - [TEST_STEP][PASSED] - waitForElementVisible: Object 'Object Repository/Page_Start Page Optides/a_Samples_CompReg' is visible

2017-10-30 17:55:29 - [MESSAGE][WARNING] - Timeout '0' is invalid. Using default page load timeout: '30'

2017-10-30 17:55:31 - [MESSAGE][PASSED] - Object 'Object Repository/Page_Start Page Optides/a_Samples_CompReg' is visible

2017-10-30 17:55:31 - [TEST_STEP][PASSED] - click: Object: 'Object Repository/Page_Start Page Optides/a_Samples_CompReg' is clicked on

2017-10-30 17:55:35 - [MESSAGE][PASSED] - Object: 'Object Repository/Page_Start Page Optides/a_Samples_CompReg' is clicked on

2017-10-30 17:55:35 - [TEST_STEP][PASSED] - click: Object: 'Object Repository/Page_Assay Dashboard OptidesCompoun/a_Files' is clicked on

2017-10-30 17:55:39 - [MESSAGE][PASSED] - Object: 'Object Repository/Page_Assay Dashboard OptidesCompoun/a_Files' is clicked on

2017-10-30 17:55:39 - [TEST_STEP][PASSED] - delay: Delayed 2 second(s)

2017-10-30 17:55:41 - [MESSAGE][PASSED] - Delayed 2 second(s)

2017-10-30 17:55:41 - [TEST_STEP][PASSED] - click: Object: 'Object Repository/Page_Assay Dashboard OptidesCompoun/file_TESTinsertConstructsThroughPipeline.xml' is clicked on

2017-10-30 17:55:44 - [MESSAGE][PASSED] - Object: 'Object Repository/Page_Assay Dashboard OptidesCompoun/file_TESTinsertConstructsThroughPipeline.xml' is clicked on

2017-10-30 17:55:44 - [TEST_STEP][PASSED] - click: Object: 'Object Repository/Page_Assay Dashboard OptidesCompoun/span_Import Data' is clicked on

2017-10-30 17:55:46 - [MESSAGE][PASSED] - Object: 'Object Repository/Page_Assay Dashboard OptidesCompoun/span_Import Data' is clicked on

2017-10-30 17:55:46 - [TEST_STEP][PASSED] - click: Object: 'Object Repository/Page_Assay Dashboard OptidesCompoun/label_Insert New Construct Seq' is clicked on

2017-10-30 17:55:48 - [MESSAGE][PASSED] - Object: 'Object Repository/Page_Assay Dashboard OptidesCompoun/label_Insert New Construct Seq' is clicked on

2017-10-30 17:55:48 - [TEST_STEP][PASSED] - click: Object: 'Object Repository/Page_Assay Dashboard OptidesCompoun/button_Import' is clicked on

2017-10-30 17:55:52 - [MESSAGE][PASSED] - Object: 'Object Repository/Page_Assay Dashboard OptidesCompoun/button_Import' is clicked on

2017-10-30 17:55:52 - [TEST_STEP][PASSED] - waitForElementVisible: Object 'Object Repository/Page_Upload_HT_Delivery_Info/a_submitButton' is visible

2017-10-30 17:55:52 - [MESSAGE][WARNING] - Timeout '0' is invalid. Using default page load timeout: '30'

2017-10-30 17:55:54 - [MESSAGE][PASSED] - Object 'Object Repository/Page_Upload_HT_Delivery_Info/a_submitButton' is visible

2017-10-30 17:55:54 - [TEST_STEP][PASSED] - click: Object: 'Object Repository/Page_Upload_HT_Delivery_Info/a_submitButton' is clicked on

2017-10-30 17:55:56 - [MESSAGE][PASSED] - Object: 'Object Repository/Page_Upload_HT_Delivery_Info/a_submitButton' is clicked on

2017-10-30 17:55:56 - [TEST_STEP][PASSED] - delay: Delayed 2 second(s)

2017-10-30 17:55:58 - [MESSAGE][PASSED] - Delayed 2 second(s)

2017-10-30 17:55:58 - [TEST_STEP][PASSED] - click: Object: 'Object Repository/Page_Assay Dashboard OptidesCompoun/a_Pipeline' is clicked on

2017-10-30 17:56:01 - [MESSAGE][PASSED] - Object: 'Object Repository/Page_Assay Dashboard OptidesCompoun/a_Pipeline' is clicked on

2017-10-30 17:56:01 - [TEST_STEP][PASSED] - click: Object: 'Object Repository/Page_Data Pipeline - CompoundsRegistry/a_All' is clicked on

2017-10-30 17:56:04 - [MESSAGE][PASSED] - Object: 'Object Repository/Page_Data Pipeline - CompoundsRegistry/a_All' is clicked on

2017-10-30 17:56:04 - [TEST_STEP][PASSED] - Statement - pipelineStatus = com.kms.katalon.core.webui.keyword.WebUiBuiltInKeywords.getAttribute(com.kms.katalon.core.testobject.ObjectRepository.findTestObject(Page_Data Pipeline - CompoundsRegistry/a_PipelineStatus), "text"): Attribute 'text' of object 'Object Repository/Page_Data Pipeline - CompoundsRegistry/a_PipelineStatus' is: 'ERROR'

2017-10-30 17:56:06 - [MESSAGE][PASSED] - Attribute 'text' of object 'Object Repository/Page_Data Pipeline - CompoundsRegistry/a_PipelineStatus' is: 'ERROR'

2017-10-30 17:56:06 - [TEST_STEP][PASSED] - Statement - While (pipelineStatus == "insert_constructs RUNNING" || pipelineStatus == "insert_constructs WAITING"): null

2017-10-30 17:56:06 - [TEST_STEP][PASSED] - Statement - assert pipelineStatus == "COMPLETE": null]]></system-out>
         <system-err><![CDATA[2017-10-30 17:54:52 - [TEST_CASE][FAILED] - Test Cases/Insert Constructs via Pipeline Test: Test Cases/Insert Constructs via Pipeline Test FAILED because (of) org.codehaus.groovy.runtime.powerassert.PowerAssertionError: assert pipelineStatus == 'COMPLETE'
       |              |
       ERROR          false]]></system-err>
      </testcase>
      <testcase name="Test Cases/Insert Variants via Pipeline Test" classname="Test Cases/Insert Variants via Pipeline Test" status="FAILED">
         <failure type="FAILED" message="Unable to click on object 'Object Repository/Page_Assay Dashboard OptidesCompoun/file_TEST_insertVariantsThroughPipeline.xlsx' (Root cause: com.kms.katalon.core.webui.exception.WebElementNotFoundException: Web element with id: 'Object Repository/Page_Assay Dashboard OptidesCompoun/file_TEST_insertVariantsThroughPipeline.xlsx' located by 'By.xpath: //span[count(. | //*[text() = 'TEST_insertVariantsThroughPipeline.xlsx']) = count(//*[text() = 'TEST_insertVariantsThroughPipeline.xlsx'])]' not found)"/>
         <system-out><![CDATA[2017-10-30 17:56:06 - [TEST_CASE][FAILED] - Test Cases/Insert Variants via Pipeline Test: Test Cases/Insert Variants via Pipeline Test FAILED because (of) Unable to click on object 'Object Repository/Page_Assay Dashboard OptidesCompoun/file_TEST_insertVariantsThroughPipeline.xlsx' (Root cause: com.kms.katalon.core.webui.exception.WebElementNotFoundException: Web element with id: 'Object Repository/Page_Assay Dashboard OptidesCompoun/file_TEST_insertVariantsThroughPipeline.xlsx' located by 'By.xpath: //span[count(. | //*[text() = 'TEST_insertVariantsThroughPipeline.xlsx']) = count(//*[text() = 'TEST_insertVariantsThroughPipeline.xlsx'])]' not found)

2017-10-30 17:56:06 - [TEST_STEP][PASSED] - callTestCase: Call Test Case 'Test Cases/OpenAndLogIn' successfully

2017-10-30 17:56:06 - [TEST_CASE][PASSED] - Test Cases/OpenAndLogIn: Test Cases/OpenAndLogIn

2017-10-30 17:56:06 - [TEST_STEP][PASSED] - openBrowser: Browser is opened with url: 'https://optides-stage.fhcrc.org'

2017-10-30 17:56:06 - [MESSAGE][WARNING] - A browser is already opened. Closing browser and opening a new one

2017-10-30 17:56:28 - [MESSAGE][PASSED] - Browser is opened with url: 'https://optides-stage.fhcrc.org'

2017-10-30 17:56:28 - [TEST_STEP][PASSED] - setViewPortSize: Viewport is set to new size with width = 2000 and height = 1500

2017-10-30 17:56:31 - [MESSAGE][PASSED] - Viewport is set to new size with width = 2000 and height = 1500

2017-10-30 17:56:31 - [TEST_STEP][PASSED] - click: Object: 'Object Repository/LSC_objects/Page_Optide Dev Server home/a_SignIn' is clicked on

2017-10-30 17:56:34 - [MESSAGE][PASSED] - Object: 'Object Repository/LSC_objects/Page_Optide Dev Server home/a_SignIn' is clicked on

2017-10-30 17:56:34 - [TEST_STEP][PASSED] - setText: Text 'hramos@fhcrc.org' is set on object 'Object Repository/LSC_objects/Page_Sign In/input_email'

2017-10-30 17:56:38 - [MESSAGE][PASSED] - Text 'hramos@fhcrc.org' is set on object 'Object Repository/LSC_objects/Page_Sign In/input_email'

2017-10-30 17:56:38 - [TEST_STEP][PASSED] - setText: Text 'One1Two2' is set on object 'Object Repository/LSC_objects/Page_Sign In/input_password'

2017-10-30 17:56:42 - [MESSAGE][PASSED] - Text 'One1Two2' is set on object 'Object Repository/LSC_objects/Page_Sign In/input_password'

2017-10-30 17:56:42 - [TEST_STEP][PASSED] - click: Object: 'Object Repository/LSC_objects/Page_Sign In/span_Sign In' is clicked on

2017-10-30 17:56:44 - [MESSAGE][PASSED] - Object: 'Object Repository/LSC_objects/Page_Sign In/span_Sign In' is clicked on

2017-10-30 17:56:44 - [TEST_STEP][PASSED] - click: Object: 'Object Repository/LSC_objects/Page_Optide Dev Server home/span_Optides' is clicked on

2017-10-30 17:56:50 - [MESSAGE][PASSED] - Object: 'Object Repository/LSC_objects/Page_Optide Dev Server home/span_Optides' is clicked on

2017-10-30 17:56:50 - [MESSAGE][PASSED] - Call Test Case 'Test Cases/OpenAndLogIn' successfully

2017-10-30 17:56:50 - [TEST_STEP][PASSED] - mouseOver: Object: 'Object Repository/Page_Start Page Optides/a_CompoundsRegistry' is hovered

2017-10-30 17:56:52 - [MESSAGE][PASSED] - Object: 'Object Repository/Page_Start Page Optides/a_CompoundsRegistry' is hovered

2017-10-30 17:56:52 - [TEST_STEP][PASSED] - waitForElementVisible: Object 'Object Repository/Page_Start Page Optides/a_Samples_CompReg' is visible

2017-10-30 17:56:52 - [MESSAGE][WARNING] - Timeout '0' is invalid. Using default page load timeout: '30'

2017-10-30 17:56:55 - [MESSAGE][PASSED] - Object 'Object Repository/Page_Start Page Optides/a_Samples_CompReg' is visible

2017-10-30 17:56:55 - [TEST_STEP][PASSED] - click: Object: 'Object Repository/Page_Start Page Optides/a_Samples_CompReg' is clicked on

2017-10-30 17:56:58 - [MESSAGE][PASSED] - Object: 'Object Repository/Page_Start Page Optides/a_Samples_CompReg' is clicked on

2017-10-30 17:56:58 - [TEST_STEP][PASSED] - click: Object: 'Object Repository/Page_Assay Dashboard OptidesCompoun/a_Files' is clicked on

2017-10-30 17:57:02 - [MESSAGE][PASSED] - Object: 'Object Repository/Page_Assay Dashboard OptidesCompoun/a_Files' is clicked on

2017-10-30 17:57:02 - [TEST_STEP][PASSED] - delay: Delayed 2 second(s)

2017-10-30 17:57:04 - [MESSAGE][PASSED] - Delayed 2 second(s)

2017-10-30 17:57:04 - [TEST_STEP][FAILED] - click: Unable to click on object 'Object Repository/Page_Assay Dashboard OptidesCompoun/file_TEST_insertVariantsThroughPipeline.xlsx' (Root cause: com.kms.katalon.core.webui.exception.WebElementNotFoundException: Web element with id: 'Object Repository/Page_Assay Dashboard OptidesCompoun/file_TEST_insertVariantsThroughPipeline.xlsx' located by 'By.xpath: //span[count(. | //*[text() = 'TEST_insertVariantsThroughPipeline.xlsx']) = count(//*[text() = 'TEST_insertVariantsThroughPipeline.xlsx'])]' not found)

2017-10-30 17:57:42 - [MESSAGE][FAILED] - Unable to click on object 'Object Repository/Page_Assay Dashboard OptidesCompoun/file_TEST_insertVariantsThroughPipeline.xlsx' (Root cause: com.kms.katalon.core.webui.exception.WebElementNotFoundException: Web element with id: 'Object Repository/Page_Assay Dashboard OptidesCompoun/file_TEST_insertVariantsThroughPipeline.xlsx' located by 'By.xpath: //span[count(. | //*[text() = 'TEST_insertVariantsThroughPipeline.xlsx']) = count(//*[text() = 'TEST_insertVariantsThroughPipeline.xlsx'])]' not found)
[[ATTACHMENT|C:\\Users\\Hector\\Documents\\HRInternetConsulting\\Clients\\FHCRC\\Tachyon\\src\\RegressionTests\\Katalon\\OptidesTests\\Reports\\OptidesLabkeyTests\\20171030_175033\\1509411460712.png]]]]></system-out>
         <system-err><![CDATA[2017-10-30 17:56:06 - [TEST_CASE][FAILED] - Test Cases/Insert Variants via Pipeline Test: Test Cases/Insert Variants via Pipeline Test FAILED because (of) Unable to click on object 'Object Repository/Page_Assay Dashboard OptidesCompoun/file_TEST_insertVariantsThroughPipeline.xlsx' (Root cause: com.kms.katalon.core.webui.exception.WebElementNotFoundException: Web element with id: 'Object Repository/Page_Assay Dashboard OptidesCompoun/file_TEST_insertVariantsThroughPipeline.xlsx' located by 'By.xpath: //span[count(. | //*[text() = 'TEST_insertVariantsThroughPipeline.xlsx']) = count(//*[text() = 'TEST_insertVariantsThroughPipeline.xlsx'])]' not found)]]></system-err>
      </testcase>
      <testcase name="Test Cases/Insert Homologues via Pipeline Test" classname="Test Cases/Insert Homologues via Pipeline Test" status="FAILED">
         <failure type="FAILED" message="org.codehaus.groovy.runtime.powerassert.PowerAssertionError: assert pipelineStatus == 'COMPLETE'
       |              |
       ERROR          false"/>
         <system-out><![CDATA[2017-10-30 17:57:42 - [TEST_CASE][FAILED] - Test Cases/Insert Homologues via Pipeline Test: Test Cases/Insert Homologues via Pipeline Test FAILED because (of) org.codehaus.groovy.runtime.powerassert.PowerAssertionError: assert pipelineStatus == 'COMPLETE'
       |              |
       ERROR          false

2017-10-30 17:57:42 - [TEST_STEP][PASSED] - callTestCase: Call Test Case 'Test Cases/OpenAndLogIn' successfully

2017-10-30 17:57:42 - [TEST_CASE][PASSED] - Test Cases/OpenAndLogIn: Test Cases/OpenAndLogIn

2017-10-30 17:57:42 - [TEST_STEP][PASSED] - openBrowser: Browser is opened with url: 'https://optides-stage.fhcrc.org'

2017-10-30 17:57:42 - [MESSAGE][WARNING] - A browser is already opened. Closing browser and opening a new one

2017-10-30 17:57:53 - [MESSAGE][PASSED] - Browser is opened with url: 'https://optides-stage.fhcrc.org'

2017-10-30 17:57:53 - [TEST_STEP][PASSED] - setViewPortSize: Viewport is set to new size with width = 2000 and height = 1500

2017-10-30 17:57:55 - [MESSAGE][PASSED] - Viewport is set to new size with width = 2000 and height = 1500

2017-10-30 17:57:55 - [TEST_STEP][PASSED] - click: Object: 'Object Repository/LSC_objects/Page_Optide Dev Server home/a_SignIn' is clicked on

2017-10-30 17:57:58 - [MESSAGE][PASSED] - Object: 'Object Repository/LSC_objects/Page_Optide Dev Server home/a_SignIn' is clicked on

2017-10-30 17:57:58 - [TEST_STEP][PASSED] - setText: Text 'hramos@fhcrc.org' is set on object 'Object Repository/LSC_objects/Page_Sign In/input_email'

2017-10-30 17:58:02 - [MESSAGE][PASSED] - Text 'hramos@fhcrc.org' is set on object 'Object Repository/LSC_objects/Page_Sign In/input_email'

2017-10-30 17:58:02 - [TEST_STEP][PASSED] - setText: Text 'One1Two2' is set on object 'Object Repository/LSC_objects/Page_Sign In/input_password'

2017-10-30 17:58:06 - [MESSAGE][PASSED] - Text 'One1Two2' is set on object 'Object Repository/LSC_objects/Page_Sign In/input_password'

2017-10-30 17:58:06 - [TEST_STEP][PASSED] - click: Object: 'Object Repository/LSC_objects/Page_Sign In/span_Sign In' is clicked on

2017-10-30 17:58:09 - [MESSAGE][PASSED] - Object: 'Object Repository/LSC_objects/Page_Sign In/span_Sign In' is clicked on

2017-10-30 17:58:09 - [TEST_STEP][PASSED] - click: Object: 'Object Repository/LSC_objects/Page_Optide Dev Server home/span_Optides' is clicked on

2017-10-30 17:58:13 - [MESSAGE][PASSED] - Object: 'Object Repository/LSC_objects/Page_Optide Dev Server home/span_Optides' is clicked on

2017-10-30 17:58:13 - [MESSAGE][PASSED] - Call Test Case 'Test Cases/OpenAndLogIn' successfully

2017-10-30 17:58:13 - [TEST_STEP][PASSED] - mouseOver: Object: 'Object Repository/Page_Start Page Optides/a_CompoundsRegistry' is hovered

2017-10-30 17:58:16 - [MESSAGE][PASSED] - Object: 'Object Repository/Page_Start Page Optides/a_CompoundsRegistry' is hovered

2017-10-30 17:58:16 - [TEST_STEP][PASSED] - waitForElementVisible: Object 'Object Repository/Page_Start Page Optides/a_Samples_CompReg' is visible

2017-10-30 17:58:16 - [MESSAGE][WARNING] - Timeout '0' is invalid. Using default page load timeout: '30'

2017-10-30 17:58:18 - [MESSAGE][PASSED] - Object 'Object Repository/Page_Start Page Optides/a_Samples_CompReg' is visible

2017-10-30 17:58:18 - [TEST_STEP][PASSED] - click: Object: 'Object Repository/Page_Start Page Optides/a_Samples_CompReg' is clicked on

2017-10-30 17:58:22 - [MESSAGE][PASSED] - Object: 'Object Repository/Page_Start Page Optides/a_Samples_CompReg' is clicked on

2017-10-30 17:58:22 - [TEST_STEP][PASSED] - click: Object: 'Object Repository/Page_Assay Dashboard OptidesCompoun/a_Files' is clicked on

2017-10-30 17:58:27 - [MESSAGE][PASSED] - Object: 'Object Repository/Page_Assay Dashboard OptidesCompoun/a_Files' is clicked on

2017-10-30 17:58:27 - [TEST_STEP][PASSED] - delay: Delayed 2 second(s)

2017-10-30 17:58:29 - [MESSAGE][PASSED] - Delayed 2 second(s)

2017-10-30 17:58:29 - [TEST_STEP][PASSED] - click: Object: 'Object Repository/Page_Assay Dashboard OptidesCompoun/file_TEST_insertHomologuesThroughPipeline.xlsx' is clicked on

2017-10-30 17:58:32 - [MESSAGE][PASSED] - Object: 'Object Repository/Page_Assay Dashboard OptidesCompoun/file_TEST_insertHomologuesThroughPipeline.xlsx' is clicked on

2017-10-30 17:58:32 - [TEST_STEP][PASSED] - click: Object: 'Object Repository/Page_Assay Dashboard OptidesCompoun/span_Import Data' is clicked on

2017-10-30 17:58:35 - [MESSAGE][PASSED] - Object: 'Object Repository/Page_Assay Dashboard OptidesCompoun/span_Import Data' is clicked on

2017-10-30 17:58:35 - [TEST_STEP][PASSED] - click: Object: 'Object Repository/Page_Assay Dashboard OptidesCompoun/label_Insert New Homologue Seq' is clicked on

2017-10-30 17:58:37 - [MESSAGE][PASSED] - Object: 'Object Repository/Page_Assay Dashboard OptidesCompoun/label_Insert New Homologue Seq' is clicked on

2017-10-30 17:58:37 - [TEST_STEP][PASSED] - click: Object: 'Object Repository/Page_Assay Dashboard OptidesCompoun/button_Import' is clicked on

2017-10-30 17:58:40 - [MESSAGE][PASSED] - Object: 'Object Repository/Page_Assay Dashboard OptidesCompoun/button_Import' is clicked on

2017-10-30 17:58:40 - [TEST_STEP][PASSED] - waitForElementVisible: Object 'Object Repository/Page_Upload_HT_Delivery_Info/a_submitButton' is visible

2017-10-30 17:58:40 - [MESSAGE][WARNING] - Timeout '0' is invalid. Using default page load timeout: '30'

2017-10-30 17:58:42 - [MESSAGE][PASSED] - Object 'Object Repository/Page_Upload_HT_Delivery_Info/a_submitButton' is visible

2017-10-30 17:58:42 - [TEST_STEP][PASSED] - click: Object: 'Object Repository/Page_Upload_HT_Delivery_Info/a_submitButton' is clicked on

2017-10-30 17:58:44 - [MESSAGE][PASSED] - Object: 'Object Repository/Page_Upload_HT_Delivery_Info/a_submitButton' is clicked on

2017-10-30 17:58:44 - [TEST_STEP][PASSED] - delay: Delayed 2 second(s)

2017-10-30 17:58:46 - [MESSAGE][PASSED] - Delayed 2 second(s)

2017-10-30 17:58:46 - [TEST_STEP][PASSED] - click: Object: 'Object Repository/Page_Assay Dashboard OptidesCompoun/a_Pipeline' is clicked on

2017-10-30 17:58:49 - [MESSAGE][PASSED] - Object: 'Object Repository/Page_Assay Dashboard OptidesCompoun/a_Pipeline' is clicked on

2017-10-30 17:58:49 - [TEST_STEP][PASSED] - click: Object: 'Object Repository/Page_Data Pipeline - CompoundsRegistry/a_All' is clicked on

2017-10-30 17:58:52 - [MESSAGE][PASSED] - Object: 'Object Repository/Page_Data Pipeline - CompoundsRegistry/a_All' is clicked on

2017-10-30 17:58:52 - [TEST_STEP][PASSED] - Statement - pipelineStatus = com.kms.katalon.core.webui.keyword.WebUiBuiltInKeywords.getAttribute(com.kms.katalon.core.testobject.ObjectRepository.findTestObject(Page_Data Pipeline - CompoundsRegistry/a_PipelineStatus), "text"): Attribute 'text' of object 'Object Repository/Page_Data Pipeline - CompoundsRegistry/a_PipelineStatus' is: 'ERROR'

2017-10-30 17:58:54 - [MESSAGE][PASSED] - Attribute 'text' of object 'Object Repository/Page_Data Pipeline - CompoundsRegistry/a_PipelineStatus' is: 'ERROR'

2017-10-30 17:58:54 - [TEST_STEP][PASSED] - Statement - While (pipelineStatus == "insert_homologues RUNNING" || pipelineStatus == "insert_homologues WAITING"): null

2017-10-30 17:58:54 - [TEST_STEP][PASSED] - Statement - assert pipelineStatus == "COMPLETE": null]]></system-out>
         <system-err><![CDATA[2017-10-30 17:57:42 - [TEST_CASE][FAILED] - Test Cases/Insert Homologues via Pipeline Test: Test Cases/Insert Homologues via Pipeline Test FAILED because (of) org.codehaus.groovy.runtime.powerassert.PowerAssertionError: assert pipelineStatus == 'COMPLETE'
       |              |
       ERROR          false]]></system-err>
      </testcase>
      <testcase name="Test Cases/Insert CHEMProducts via pipeline" classname="Test Cases/Insert CHEMProducts via pipeline" status="FAILED">
         <failure type="FAILED" message="org.codehaus.groovy.runtime.powerassert.PowerAssertionError: assert pipelineStatus == 'COMPLETE'
       |              |
       ERROR          false"/>
         <system-out><![CDATA[2017-10-30 17:58:54 - [TEST_CASE][FAILED] - Test Cases/Insert CHEMProducts via pipeline: Test Cases/Insert CHEMProducts via pipeline FAILED because (of) org.codehaus.groovy.runtime.powerassert.PowerAssertionError: assert pipelineStatus == 'COMPLETE'
       |              |
       ERROR          false

2017-10-30 17:58:54 - [TEST_STEP][PASSED] - callTestCase: Call Test Case 'Test Cases/OpenAndLogIn' successfully

2017-10-30 17:58:54 - [TEST_CASE][PASSED] - Test Cases/OpenAndLogIn: Test Cases/OpenAndLogIn

2017-10-30 17:58:54 - [TEST_STEP][PASSED] - openBrowser: Browser is opened with url: 'https://optides-stage.fhcrc.org'

2017-10-30 17:58:54 - [MESSAGE][WARNING] - A browser is already opened. Closing browser and opening a new one

2017-10-30 17:59:06 - [MESSAGE][PASSED] - Browser is opened with url: 'https://optides-stage.fhcrc.org'

2017-10-30 17:59:06 - [TEST_STEP][PASSED] - setViewPortSize: Viewport is set to new size with width = 2000 and height = 1500

2017-10-30 17:59:08 - [MESSAGE][PASSED] - Viewport is set to new size with width = 2000 and height = 1500

2017-10-30 17:59:08 - [TEST_STEP][PASSED] - click: Object: 'Object Repository/LSC_objects/Page_Optide Dev Server home/a_SignIn' is clicked on

2017-10-30 17:59:11 - [MESSAGE][PASSED] - Object: 'Object Repository/LSC_objects/Page_Optide Dev Server home/a_SignIn' is clicked on

2017-10-30 17:59:11 - [TEST_STEP][PASSED] - setText: Text 'hramos@fhcrc.org' is set on object 'Object Repository/LSC_objects/Page_Sign In/input_email'

2017-10-30 17:59:15 - [MESSAGE][PASSED] - Text 'hramos@fhcrc.org' is set on object 'Object Repository/LSC_objects/Page_Sign In/input_email'

2017-10-30 17:59:15 - [TEST_STEP][PASSED] - setText: Text 'One1Two2' is set on object 'Object Repository/LSC_objects/Page_Sign In/input_password'

2017-10-30 17:59:20 - [MESSAGE][PASSED] - Text 'One1Two2' is set on object 'Object Repository/LSC_objects/Page_Sign In/input_password'

2017-10-30 17:59:20 - [TEST_STEP][PASSED] - click: Object: 'Object Repository/LSC_objects/Page_Sign In/span_Sign In' is clicked on

2017-10-30 17:59:22 - [MESSAGE][PASSED] - Object: 'Object Repository/LSC_objects/Page_Sign In/span_Sign In' is clicked on

2017-10-30 17:59:22 - [TEST_STEP][PASSED] - click: Object: 'Object Repository/LSC_objects/Page_Optide Dev Server home/span_Optides' is clicked on

2017-10-30 17:59:33 - [MESSAGE][PASSED] - Object: 'Object Repository/LSC_objects/Page_Optide Dev Server home/span_Optides' is clicked on

2017-10-30 17:59:33 - [MESSAGE][PASSED] - Call Test Case 'Test Cases/OpenAndLogIn' successfully

2017-10-30 17:59:33 - [TEST_STEP][PASSED] - mouseOver: Object: 'Object Repository/Page_Start Page Optides/a_CompoundsRegistry' is hovered

2017-10-30 17:59:36 - [MESSAGE][PASSED] - Object: 'Object Repository/Page_Start Page Optides/a_CompoundsRegistry' is hovered

2017-10-30 17:59:36 - [TEST_STEP][PASSED] - waitForElementVisible: Object 'Object Repository/Page_Start Page Optides/a_Samples_CompReg' is visible

2017-10-30 17:59:36 - [MESSAGE][WARNING] - Timeout '0' is invalid. Using default page load timeout: '30'

2017-10-30 17:59:38 - [MESSAGE][PASSED] - Object 'Object Repository/Page_Start Page Optides/a_Samples_CompReg' is visible

2017-10-30 17:59:38 - [TEST_STEP][PASSED] - click: Object: 'Object Repository/Page_Start Page Optides/a_Samples_CompReg' is clicked on

2017-10-30 17:59:42 - [MESSAGE][PASSED] - Object: 'Object Repository/Page_Start Page Optides/a_Samples_CompReg' is clicked on

2017-10-30 17:59:42 - [TEST_STEP][PASSED] - click: Object: 'Object Repository/Page_Assay Dashboard OptidesCompoun/a_Files' is clicked on

2017-10-30 17:59:47 - [MESSAGE][PASSED] - Object: 'Object Repository/Page_Assay Dashboard OptidesCompoun/a_Files' is clicked on

2017-10-30 17:59:47 - [TEST_STEP][PASSED] - delay: Delayed 2 second(s)

2017-10-30 17:59:49 - [MESSAGE][PASSED] - Delayed 2 second(s)

2017-10-30 17:59:49 - [TEST_STEP][PASSED] - click: Object: 'Object Repository/Page_Assay Dashboard OptidesCompoun/file_newChemProducts_input.xlsx' is clicked on

2017-10-30 17:59:51 - [MESSAGE][PASSED] - Object: 'Object Repository/Page_Assay Dashboard OptidesCompoun/file_newChemProducts_input.xlsx' is clicked on

2017-10-30 17:59:51 - [TEST_STEP][PASSED] - click: Object: 'Object Repository/Page_Assay Dashboard OptidesCompoun/span_Import Data' is clicked on

2017-10-30 17:59:54 - [MESSAGE][PASSED] - Object: 'Object Repository/Page_Assay Dashboard OptidesCompoun/span_Import Data' is clicked on

2017-10-30 17:59:54 - [TEST_STEP][PASSED] - click: Object: 'Object Repository/Page_Assay Dashboard OptidesCompoun/radioBtn_InsertNewCHEMProducts' is clicked on

2017-10-30 17:59:56 - [MESSAGE][PASSED] - Object: 'Object Repository/Page_Assay Dashboard OptidesCompoun/radioBtn_InsertNewCHEMProducts' is clicked on

2017-10-30 17:59:56 - [TEST_STEP][PASSED] - click: Object: 'Object Repository/Page_Assay Dashboard OptidesCompoun/button_Import' is clicked on

2017-10-30 18:00:00 - [MESSAGE][PASSED] - Object: 'Object Repository/Page_Assay Dashboard OptidesCompoun/button_Import' is clicked on

2017-10-30 18:00:00 - [TEST_STEP][PASSED] - waitForElementVisible: Object 'Object Repository/Page_Upload_HT_Delivery_Info/a_submitButton' is visible

2017-10-30 18:00:00 - [MESSAGE][WARNING] - Timeout '0' is invalid. Using default page load timeout: '30'

2017-10-30 18:00:02 - [MESSAGE][PASSED] - Object 'Object Repository/Page_Upload_HT_Delivery_Info/a_submitButton' is visible

2017-10-30 18:00:02 - [TEST_STEP][PASSED] - click: Object: 'Object Repository/Page_Upload_HT_Delivery_Info/a_submitButton' is clicked on

2017-10-30 18:00:04 - [MESSAGE][PASSED] - Object: 'Object Repository/Page_Upload_HT_Delivery_Info/a_submitButton' is clicked on

2017-10-30 18:00:04 - [TEST_STEP][PASSED] - delay: Delayed 2 second(s)

2017-10-30 18:00:06 - [MESSAGE][PASSED] - Delayed 2 second(s)

2017-10-30 18:00:07 - [TEST_STEP][PASSED] - click: Object: 'Object Repository/Page_Assay Dashboard OptidesCompoun/a_Pipeline' is clicked on

2017-10-30 18:00:09 - [MESSAGE][PASSED] - Object: 'Object Repository/Page_Assay Dashboard OptidesCompoun/a_Pipeline' is clicked on

2017-10-30 18:00:09 - [TEST_STEP][PASSED] - click: Object: 'Object Repository/Page_Data Pipeline - CompoundsRegistry/a_All' is clicked on

2017-10-30 18:00:13 - [MESSAGE][PASSED] - Object: 'Object Repository/Page_Data Pipeline - CompoundsRegistry/a_All' is clicked on

2017-10-30 18:00:13 - [TEST_STEP][PASSED] - Statement - pipelineStatus = com.kms.katalon.core.webui.keyword.WebUiBuiltInKeywords.getAttribute(com.kms.katalon.core.testobject.ObjectRepository.findTestObject(Page_Data Pipeline - CompoundsRegistry/a_PipelineStatus), "text"): Attribute 'text' of object 'Object Repository/Page_Data Pipeline - CompoundsRegistry/a_PipelineStatus' is: 'ERROR'

2017-10-30 18:00:15 - [MESSAGE][PASSED] - Attribute 'text' of object 'Object Repository/Page_Data Pipeline - CompoundsRegistry/a_PipelineStatus' is: 'ERROR'

2017-10-30 18:00:15 - [TEST_STEP][PASSED] - Statement - While (pipelineStatus == "insert_chemical_product RUNNING" || pipelineStatus == "insert_chemical_product WAITING"): null

2017-10-30 18:00:15 - [TEST_STEP][PASSED] - Statement - assert pipelineStatus == "COMPLETE": null]]></system-out>
         <system-err><![CDATA[2017-10-30 17:58:54 - [TEST_CASE][FAILED] - Test Cases/Insert CHEMProducts via pipeline: Test Cases/Insert CHEMProducts via pipeline FAILED because (of) org.codehaus.groovy.runtime.powerassert.PowerAssertionError: assert pipelineStatus == 'COMPLETE'
       |              |
       ERROR          false]]></system-err>
      </testcase>
      <testcase name="Test Cases/postTest-RemoveTestConstructs" classname="Test Cases/postTest-RemoveTestConstructs" status="FAILED">
         <failure type="FAILED" message="Unable to click on object 'Object Repository/Page_Confirm Deletion OptidesCompou/span_Confirm Delete' (Root cause: com.kms.katalon.core.webui.exception.WebElementNotFoundException: Web element with id: 'Object Repository/Page_Confirm Deletion OptidesCompou/span_Confirm Delete' located by 'By.xpath: //span[count(. | //*[contains(.,'Confirm Delete')]) = count(//*[contains(.,'Confirm Delete')])]' not found)"/>
         <system-out><![CDATA[2017-10-30 18:00:15 - [TEST_CASE][FAILED] - Test Cases/postTest-RemoveTestConstructs: Test Cases/postTest-RemoveTestConstructs FAILED because (of) Unable to click on object 'Object Repository/Page_Confirm Deletion OptidesCompou/span_Confirm Delete' (Root cause: com.kms.katalon.core.webui.exception.WebElementNotFoundException: Web element with id: 'Object Repository/Page_Confirm Deletion OptidesCompou/span_Confirm Delete' located by 'By.xpath: //span[count(. | //*[contains(.,'Confirm Delete')]) = count(//*[contains(.,'Confirm Delete')])]' not found)

2017-10-30 18:00:15 - [TEST_STEP][PASSED] - callTestCase: Call Test Case 'Test Cases/OpenAndLogIn' successfully

2017-10-30 18:00:15 - [TEST_CASE][PASSED] - Test Cases/OpenAndLogIn: Test Cases/OpenAndLogIn

2017-10-30 18:00:15 - [TEST_STEP][PASSED] - openBrowser: Browser is opened with url: 'https://optides-stage.fhcrc.org'

2017-10-30 18:00:15 - [MESSAGE][WARNING] - A browser is already opened. Closing browser and opening a new one

2017-10-30 18:00:29 - [MESSAGE][PASSED] - Browser is opened with url: 'https://optides-stage.fhcrc.org'

2017-10-30 18:00:29 - [TEST_STEP][PASSED] - setViewPortSize: Viewport is set to new size with width = 2000 and height = 1500

2017-10-30 18:00:31 - [MESSAGE][PASSED] - Viewport is set to new size with width = 2000 and height = 1500

2017-10-30 18:00:31 - [TEST_STEP][PASSED] - click: Object: 'Object Repository/LSC_objects/Page_Optide Dev Server home/a_SignIn' is clicked on

2017-10-30 18:00:34 - [MESSAGE][PASSED] - Object: 'Object Repository/LSC_objects/Page_Optide Dev Server home/a_SignIn' is clicked on

2017-10-30 18:00:34 - [TEST_STEP][PASSED] - setText: Text 'hramos@fhcrc.org' is set on object 'Object Repository/LSC_objects/Page_Sign In/input_email'

2017-10-30 18:00:38 - [MESSAGE][PASSED] - Text 'hramos@fhcrc.org' is set on object 'Object Repository/LSC_objects/Page_Sign In/input_email'

2017-10-30 18:00:38 - [TEST_STEP][PASSED] - setText: Text 'One1Two2' is set on object 'Object Repository/LSC_objects/Page_Sign In/input_password'

2017-10-30 18:00:43 - [MESSAGE][PASSED] - Text 'One1Two2' is set on object 'Object Repository/LSC_objects/Page_Sign In/input_password'

2017-10-30 18:00:43 - [TEST_STEP][PASSED] - click: Object: 'Object Repository/LSC_objects/Page_Sign In/span_Sign In' is clicked on

2017-10-30 18:00:45 - [MESSAGE][PASSED] - Object: 'Object Repository/LSC_objects/Page_Sign In/span_Sign In' is clicked on

2017-10-30 18:00:45 - [TEST_STEP][PASSED] - click: Object: 'Object Repository/LSC_objects/Page_Optide Dev Server home/span_Optides' is clicked on

2017-10-30 18:00:52 - [MESSAGE][PASSED] - Object: 'Object Repository/LSC_objects/Page_Optide Dev Server home/span_Optides' is clicked on

2017-10-30 18:00:52 - [MESSAGE][PASSED] - Call Test Case 'Test Cases/OpenAndLogIn' successfully

2017-10-30 18:00:52 - [TEST_STEP][PASSED] - mouseOver: Object: 'Object Repository/Page_Start Page Optides/a_CompoundsRegistry' is hovered

2017-10-30 18:00:54 - [MESSAGE][PASSED] - Object: 'Object Repository/Page_Start Page Optides/a_CompoundsRegistry' is hovered

2017-10-30 18:00:54 - [TEST_STEP][PASSED] - waitForElementVisible: Object 'Object Repository/Page_Start Page Optides/a_Samples_CompReg' is visible

2017-10-30 18:00:54 - [MESSAGE][WARNING] - Timeout '0' is invalid. Using default page load timeout: '30'

2017-10-30 18:00:57 - [MESSAGE][PASSED] - Object 'Object Repository/Page_Start Page Optides/a_Samples_CompReg' is visible

2017-10-30 18:00:57 - [TEST_STEP][PASSED] - click: Object: 'Object Repository/Page_Start Page Optides/a_Samples_CompReg' is clicked on

2017-10-30 18:01:00 - [MESSAGE][PASSED] - Object: 'Object Repository/Page_Start Page Optides/a_Samples_CompReg' is clicked on

2017-10-30 18:01:00 - [TEST_STEP][PASSED] - click: Object: 'Object Repository/Page_Assay Dashboard OptidesCompoun/a_HT_DNA' is clicked on

2017-10-30 18:01:05 - [MESSAGE][PASSED] - Object: 'Object Repository/Page_Assay Dashboard OptidesCompoun/a_HT_DNA' is clicked on

2017-10-30 18:01:05 - [TEST_STEP][PASSED] - click: Object: 'Object Repository/Page_Sample Set HT_DNA OptidesCo/div_ConstructID' is clicked on

2017-10-30 18:01:07 - [MESSAGE][PASSED] - Object: 'Object Repository/Page_Sample Set HT_DNA OptidesCo/div_ConstructID' is clicked on

2017-10-30 18:01:07 - [TEST_STEP][PASSED] - click: Object: 'Object Repository/Page_Sample Set Construct OptidesCo/span_Filter...' is clicked on

2017-10-30 18:01:11 - [MESSAGE][PASSED] - Object: 'Object Repository/Page_Sample Set Construct OptidesCo/span_Filter...' is clicked on

2017-10-30 18:01:11 - [TEST_STEP][PASSED] - setText: Text 'TST' is set on object 'Object Repository/Page_Sample Set Construct OptidesCo/input_value_1'

2017-10-30 18:01:17 - [MESSAGE][PASSED] - Text 'TST' is set on object 'Object Repository/Page_Sample Set Construct OptidesCo/input_value_1'

2017-10-30 18:01:17 - [TEST_STEP][PASSED] - click: Object: 'Object Repository/Page_Sample Set Construct OptidesCo/button_OK' is clicked on

2017-10-30 18:01:21 - [MESSAGE][PASSED] - Object: 'Object Repository/Page_Sample Set Construct OptidesCo/button_OK' is clicked on

2017-10-30 18:01:21 - [TEST_STEP][PASSED] - click: Object: 'Object Repository/Page_Sample Set Construct OptidesCo/input_.toggle' is clicked on

2017-10-30 18:01:23 - [MESSAGE][PASSED] - Object: 'Object Repository/Page_Sample Set Construct OptidesCo/input_.toggle' is clicked on

2017-10-30 18:01:23 - [TEST_STEP][PASSED] - click: Object: 'Object Repository/Page_Sample Set Construct OptidesCo/span_Delete' is clicked on

2017-10-30 18:01:27 - [MESSAGE][PASSED] - Object: 'Object Repository/Page_Sample Set Construct OptidesCo/span_Delete' is clicked on

2017-10-30 18:01:27 - [TEST_STEP][PASSED] - click: Object: 'Object Repository/Page_Confirm Deletion OptidesCompou/span_Confirm Delete' is clicked on

2017-10-30 18:01:54 - [MESSAGE][PASSED] - Object: 'Object Repository/Page_Confirm Deletion OptidesCompou/span_Confirm Delete' is clicked on

2017-10-30 18:01:54 - [TEST_STEP][PASSED] - waitForElementVisible: Object 'Object Repository/Page_Start Page Optides/a_Samples_CompReg' is visible

2017-10-30 18:01:54 - [MESSAGE][WARNING] - Timeout '0' is invalid. Using default page load timeout: '30'

2017-10-30 18:01:56 - [MESSAGE][PASSED] - Object 'Object Repository/Page_Start Page Optides/a_Samples_CompReg' is visible

2017-10-30 18:01:56 - [TEST_STEP][PASSED] - click: Object: 'Object Repository/Page_Start Page Optides/a_Samples_CompReg' is clicked on

2017-10-30 18:01:59 - [MESSAGE][PASSED] - Object: 'Object Repository/Page_Start Page Optides/a_Samples_CompReg' is clicked on

2017-10-30 18:01:59 - [TEST_STEP][PASSED] - click: Object: 'Object Repository/Page_Assay Dashboard OptidesCompoun/a_Construct' is clicked on

2017-10-30 18:02:03 - [MESSAGE][PASSED] - Object: 'Object Repository/Page_Assay Dashboard OptidesCompoun/a_Construct' is clicked on

2017-10-30 18:02:03 - [TEST_STEP][PASSED] - click: Object: 'Object Repository/Page_Sample Set Construct OptidesCo/div_ID' is clicked on

2017-10-30 18:02:06 - [MESSAGE][PASSED] - Object: 'Object Repository/Page_Sample Set Construct OptidesCo/div_ID' is clicked on

2017-10-30 18:02:06 - [TEST_STEP][PASSED] - click: Object: 'Object Repository/Page_Sample Set Construct OptidesCo/span_Filter...' is clicked on

2017-10-30 18:02:09 - [MESSAGE][PASSED] - Object: 'Object Repository/Page_Sample Set Construct OptidesCo/span_Filter...' is clicked on

2017-10-30 18:02:09 - [TEST_STEP][PASSED] - setText: Text 'TST' is set on object 'Object Repository/Page_Sample Set Construct OptidesCo/input_value_1'

2017-10-30 18:02:15 - [MESSAGE][PASSED] - Text 'TST' is set on object 'Object Repository/Page_Sample Set Construct OptidesCo/input_value_1'

2017-10-30 18:02:15 - [TEST_STEP][PASSED] - click: Object: 'Object Repository/Page_Sample Set Construct OptidesCo/button_OK' is clicked on

2017-10-30 18:02:20 - [MESSAGE][PASSED] - Object: 'Object Repository/Page_Sample Set Construct OptidesCo/button_OK' is clicked on

2017-10-30 18:02:20 - [TEST_STEP][PASSED] - click: Object: 'Object Repository/Page_Sample Set Construct OptidesCo/input_.toggle' is clicked on

2017-10-30 18:02:22 - [MESSAGE][PASSED] - Object: 'Object Repository/Page_Sample Set Construct OptidesCo/input_.toggle' is clicked on

2017-10-30 18:02:22 - [TEST_STEP][PASSED] - click: Object: 'Object Repository/Page_Sample Set Construct OptidesCo/span_Delete' is clicked on

2017-10-30 18:02:25 - [MESSAGE][PASSED] - Object: 'Object Repository/Page_Sample Set Construct OptidesCo/span_Delete' is clicked on

2017-10-30 18:02:25 - [TEST_STEP][PASSED] - click: Object: 'Object Repository/Page_Confirm Deletion OptidesCompou/span_Confirm Delete' is clicked on

2017-10-30 18:02:54 - [MESSAGE][PASSED] - Object: 'Object Repository/Page_Confirm Deletion OptidesCompou/span_Confirm Delete' is clicked on

2017-10-30 18:02:54 - [TEST_STEP][PASSED] - mouseOver: Object: 'Object Repository/Page_Start Page Optides/a_CompoundsRegistry' is hovered

2017-10-30 18:02:56 - [MESSAGE][PASSED] - Object: 'Object Repository/Page_Start Page Optides/a_CompoundsRegistry' is hovered

2017-10-30 18:02:56 - [TEST_STEP][PASSED] - waitForElementVisible: Object 'Object Repository/Page_Start Page Optides/a_Samples_CompReg' is visible

2017-10-30 18:02:56 - [MESSAGE][WARNING] - Timeout '0' is invalid. Using default page load timeout: '30'

2017-10-30 18:02:59 - [MESSAGE][PASSED] - Object 'Object Repository/Page_Start Page Optides/a_Samples_CompReg' is visible

2017-10-30 18:02:59 - [TEST_STEP][PASSED] - click: Object: 'Object Repository/Page_Start Page Optides/a_Samples_CompReg' is clicked on

2017-10-30 18:03:02 - [MESSAGE][PASSED] - Object: 'Object Repository/Page_Start Page Optides/a_Samples_CompReg' is clicked on

2017-10-30 18:03:02 - [TEST_STEP][PASSED] - click: Object: 'Object Repository/Page_Assay Dashboard OptidesCompoun/a_Construct' is clicked on

2017-10-30 18:03:06 - [MESSAGE][PASSED] - Object: 'Object Repository/Page_Assay Dashboard OptidesCompoun/a_Construct' is clicked on

2017-10-30 18:03:06 - [TEST_STEP][PASSED] - click: Object: 'Object Repository/Page_Sample Set Construct OptidesCo/div_AASeq' is clicked on

2017-10-30 18:03:08 - [MESSAGE][PASSED] - Object: 'Object Repository/Page_Sample Set Construct OptidesCo/div_AASeq' is clicked on

2017-10-30 18:03:08 - [TEST_STEP][PASSED] - click: Object: 'Object Repository/Page_Sample Set Construct OptidesCo/span_Filter...' is clicked on

2017-10-30 18:03:12 - [MESSAGE][PASSED] - Object: 'Object Repository/Page_Sample Set Construct OptidesCo/span_Filter...' is clicked on

2017-10-30 18:03:12 - [TEST_STEP][PASSED] - setText: Text 'TTEESSTT' is set on object 'Object Repository/Page_Sample Set Construct OptidesCo/input_value_1'

2017-10-30 18:03:17 - [MESSAGE][PASSED] - Text 'TTEESSTT' is set on object 'Object Repository/Page_Sample Set Construct OptidesCo/input_value_1'

2017-10-30 18:03:17 - [TEST_STEP][PASSED] - click: Object: 'Object Repository/Page_Sample Set Construct OptidesCo/button_OK' is clicked on

2017-10-30 18:03:20 - [MESSAGE][PASSED] - Object: 'Object Repository/Page_Sample Set Construct OptidesCo/button_OK' is clicked on

2017-10-30 18:03:20 - [TEST_STEP][PASSED] - click: Object: 'Object Repository/Page_Sample Set Construct OptidesCo/input_.toggle' is clicked on

2017-10-30 18:03:22 - [MESSAGE][PASSED] - Object: 'Object Repository/Page_Sample Set Construct OptidesCo/input_.toggle' is clicked on

2017-10-30 18:03:22 - [TEST_STEP][PASSED] - click: Object: 'Object Repository/Page_Sample Set Construct OptidesCo/span_Delete' is clicked on

2017-10-30 18:03:24 - [MESSAGE][PASSED] - Object: 'Object Repository/Page_Sample Set Construct OptidesCo/span_Delete' is clicked on

2017-10-30 18:03:24 - [TEST_STEP][FAILED] - click: Unable to click on object 'Object Repository/Page_Confirm Deletion OptidesCompou/span_Confirm Delete' (Root cause: com.kms.katalon.core.webui.exception.WebElementNotFoundException: Web element with id: 'Object Repository/Page_Confirm Deletion OptidesCompou/span_Confirm Delete' located by 'By.xpath: //span[count(. | //*[contains(.,'Confirm Delete')]) = count(//*[contains(.,'Confirm Delete')])]' not found)

2017-10-30 18:04:10 - [MESSAGE][FAILED] - Unable to click on object 'Object Repository/Page_Confirm Deletion OptidesCompou/span_Confirm Delete' (Root cause: com.kms.katalon.core.webui.exception.WebElementNotFoundException: Web element with id: 'Object Repository/Page_Confirm Deletion OptidesCompou/span_Confirm Delete' located by 'By.xpath: //span[count(. | //*[contains(.,'Confirm Delete')]) = count(//*[contains(.,'Confirm Delete')])]' not found)
[[ATTACHMENT|C:\\Users\\Hector\\Documents\\HRInternetConsulting\\Clients\\FHCRC\\Tachyon\\src\\RegressionTests\\Katalon\\OptidesTests\\Reports\\OptidesLabkeyTests\\20171030_175033\\1509411849047.png]]]]></system-out>
         <system-err><![CDATA[2017-10-30 18:00:15 - [TEST_CASE][FAILED] - Test Cases/postTest-RemoveTestConstructs: Test Cases/postTest-RemoveTestConstructs FAILED because (of) Unable to click on object 'Object Repository/Page_Confirm Deletion OptidesCompou/span_Confirm Delete' (Root cause: com.kms.katalon.core.webui.exception.WebElementNotFoundException: Web element with id: 'Object Repository/Page_Confirm Deletion OptidesCompou/span_Confirm Delete' located by 'By.xpath: //span[count(. | //*[contains(.,'Confirm Delete')]) = count(//*[contains(.,'Confirm Delete')])]' not found)]]></system-err>
      </testcase>
      <testcase name="Test Cases/HT_DNA Delivery.R" classname="Test Cases/HT_DNA Delivery.R" status="FAILED">
         <failure type="FAILED" message="Unable to click on object 'Object Repository/Page_Assay Dashboard OptidesCompoun/a_Pipeline' (Root cause: org.openqa.selenium.UnhandledAlertException: unexpected alert open: {Alert text : Protocol name is required.}
  (Session info: chrome=61.0.3163.100)
  (Driver info: chromedriver=2.33.506120 (e3e53437346286c0bc2d2dc9aa4915ba81d9023f),platform=Windows NT 6.3.9600 x86_64) (WARNING: The server did not provide any stacktrace information)
Command duration or timeout: 2 milliseconds: null
Build info: version: '2.53.0', revision: '35ae25b', time: '2016-03-15 17:00:58'
System info: host: 'HRPC03', ip: '140.107.11.113', os.name: 'Windows 8.1', os.arch: 'amd64', os.version: '6.3', java.version: '1.8.0_102'
Driver info: com.kms.katalon.selenium.driver.CChromeDriver
Capabilities [{applicationCacheEnabled=false, rotatable=false, mobileEmulationEnabled=false, networkConnectionEnabled=false, chrome={chromedriverVersion=2.33.506120 (e3e53437346286c0bc2d2dc9aa4915ba81d9023f), userDataDir=C:\Users\Hector\AppData\Local\Temp\scoped_dir2548_12214}, takesHeapSnapshot=true, pageLoadStrategy=normal, databaseEnabled=false, handlesAlerts=true, hasTouchScreen=false, version=61.0.3163.100, platform=WIN8_1, browserConnectionEnabled=false, nativeEvents=true, acceptSslCerts=true, locationContextEnabled=true, webStorageEnabled=true, browserName=chrome, takesScreenshot=true, javascriptEnabled=true, cssSelectorsEnabled=true, setWindowRect=true, unexpectedAlertBehaviour=}]
Session ID: 62e8051d20dd9cd56a95da6a3e2a05a4
*** Element info: {Using=xpath, value=id(&quot;PipelineTab&quot;)})"/>
         <system-out><![CDATA[2017-10-30 18:04:10 - [TEST_CASE][FAILED] - Test Cases/HT_DNA Delivery.R: Test Cases/HT_DNA Delivery.R FAILED because (of) Unable to click on object 'Object Repository/Page_Assay Dashboard OptidesCompoun/a_Pipeline' (Root cause: org.openqa.selenium.UnhandledAlertException: unexpected alert open: {Alert text : Protocol name is required.}
  (Session info: chrome=61.0.3163.100)
  (Driver info: chromedriver=2.33.506120 (e3e53437346286c0bc2d2dc9aa4915ba81d9023f),platform=Windows NT 6.3.9600 x86_64) (WARNING: The server did not provide any stacktrace information)
Command duration or timeout: 2 milliseconds: null
Build info: version: '2.53.0', revision: '35ae25b', time: '2016-03-15 17:00:58'
System info: host: 'HRPC03', ip: '140.107.11.113', os.name: 'Windows 8.1', os.arch: 'amd64', os.version: '6.3', java.version: '1.8.0_102'
Driver info: com.kms.katalon.selenium.driver.CChromeDriver
Capabilities [{applicationCacheEnabled=false, rotatable=false, mobileEmulationEnabled=false, networkConnectionEnabled=false, chrome={chromedriverVersion=2.33.506120 (e3e53437346286c0bc2d2dc9aa4915ba81d9023f), userDataDir=C:\Users\Hector\AppData\Local\Temp\scoped_dir2548_12214}, takesHeapSnapshot=true, pageLoadStrategy=normal, databaseEnabled=false, handlesAlerts=true, hasTouchScreen=false, version=61.0.3163.100, platform=WIN8_1, browserConnectionEnabled=false, nativeEvents=true, acceptSslCerts=true, locationContextEnabled=true, webStorageEnabled=true, browserName=chrome, takesScreenshot=true, javascriptEnabled=true, cssSelectorsEnabled=true, setWindowRect=true, unexpectedAlertBehaviour=}]
Session ID: 62e8051d20dd9cd56a95da6a3e2a05a4
*** Element info: {Using=xpath, value=id("PipelineTab")})

2017-10-30 18:04:10 - [TEST_STEP][PASSED] - callTestCase: Call Test Case 'Test Cases/OpenAndLogIn' successfully

2017-10-30 18:04:10 - [TEST_CASE][PASSED] - Test Cases/OpenAndLogIn: Test Cases/OpenAndLogIn

2017-10-30 18:04:10 - [TEST_STEP][PASSED] - openBrowser: Browser is opened with url: 'https://optides-stage.fhcrc.org'

2017-10-30 18:04:10 - [MESSAGE][WARNING] - A browser is already opened. Closing browser and opening a new one

2017-10-30 18:04:21 - [MESSAGE][PASSED] - Browser is opened with url: 'https://optides-stage.fhcrc.org'

2017-10-30 18:04:21 - [TEST_STEP][PASSED] - setViewPortSize: Viewport is set to new size with width = 2000 and height = 1500

2017-10-30 18:04:24 - [MESSAGE][PASSED] - Viewport is set to new size with width = 2000 and height = 1500

2017-10-30 18:04:24 - [TEST_STEP][PASSED] - click: Object: 'Object Repository/LSC_objects/Page_Optide Dev Server home/a_SignIn' is clicked on

2017-10-30 18:04:27 - [MESSAGE][PASSED] - Object: 'Object Repository/LSC_objects/Page_Optide Dev Server home/a_SignIn' is clicked on

2017-10-30 18:04:27 - [TEST_STEP][PASSED] - setText: Text 'hramos@fhcrc.org' is set on object 'Object Repository/LSC_objects/Page_Sign In/input_email'

2017-10-30 18:04:31 - [MESSAGE][PASSED] - Text 'hramos@fhcrc.org' is set on object 'Object Repository/LSC_objects/Page_Sign In/input_email'

2017-10-30 18:04:31 - [TEST_STEP][PASSED] - setText: Text 'One1Two2' is set on object 'Object Repository/LSC_objects/Page_Sign In/input_password'

2017-10-30 18:04:35 - [MESSAGE][PASSED] - Text 'One1Two2' is set on object 'Object Repository/LSC_objects/Page_Sign In/input_password'

2017-10-30 18:04:35 - [TEST_STEP][PASSED] - click: Object: 'Object Repository/LSC_objects/Page_Sign In/span_Sign In' is clicked on

2017-10-30 18:04:37 - [MESSAGE][PASSED] - Object: 'Object Repository/LSC_objects/Page_Sign In/span_Sign In' is clicked on

2017-10-30 18:04:37 - [TEST_STEP][PASSED] - click: Object: 'Object Repository/LSC_objects/Page_Optide Dev Server home/span_Optides' is clicked on

2017-10-30 18:04:42 - [MESSAGE][PASSED] - Object: 'Object Repository/LSC_objects/Page_Optide Dev Server home/span_Optides' is clicked on

2017-10-30 18:04:42 - [MESSAGE][PASSED] - Call Test Case 'Test Cases/OpenAndLogIn' successfully

2017-10-30 18:04:42 - [TEST_STEP][PASSED] - mouseOver: Object: 'Object Repository/Page_Start Page Optides/a_CompoundsRegistry' is hovered

2017-10-30 18:04:44 - [MESSAGE][PASSED] - Object: 'Object Repository/Page_Start Page Optides/a_CompoundsRegistry' is hovered

2017-10-30 18:04:44 - [TEST_STEP][PASSED] - waitForElementVisible: Object 'Object Repository/Page_Start Page Optides/a_Samples_CompReg' is visible

2017-10-30 18:04:44 - [MESSAGE][WARNING] - Timeout '0' is invalid. Using default page load timeout: '30'

2017-10-30 18:04:46 - [MESSAGE][PASSED] - Object 'Object Repository/Page_Start Page Optides/a_Samples_CompReg' is visible

2017-10-30 18:04:46 - [TEST_STEP][PASSED] - click: Object: 'Object Repository/Page_Start Page Optides/a_Samples_CompReg' is clicked on

2017-10-30 18:04:50 - [MESSAGE][PASSED] - Object: 'Object Repository/Page_Start Page Optides/a_Samples_CompReg' is clicked on

2017-10-30 18:04:50 - [TEST_STEP][PASSED] - click: Object: 'Object Repository/Page_Assay Dashboard OptidesCompoun/span_test_GenScript_HT_DNA_DeliveryFile.xlsx' is clicked on

2017-10-30 18:04:56 - [MESSAGE][PASSED] - Object: 'Object Repository/Page_Assay Dashboard OptidesCompoun/span_test_GenScript_HT_DNA_DeliveryFile.xlsx' is clicked on

2017-10-30 18:04:56 - [TEST_STEP][PASSED] - click: Object: 'Object Repository/Page_Assay Dashboard OptidesCompoun/span_Import Data' is clicked on

2017-10-30 18:04:59 - [MESSAGE][PASSED] - Object: 'Object Repository/Page_Assay Dashboard OptidesCompoun/span_Import Data' is clicked on

2017-10-30 18:04:59 - [TEST_STEP][PASSED] - click: Object: 'Object Repository/Page_Assay Dashboard OptidesCompoun/radioBtn_Upload_HT_Delivery' is clicked on

2017-10-30 18:05:01 - [MESSAGE][PASSED] - Object: 'Object Repository/Page_Assay Dashboard OptidesCompoun/radioBtn_Upload_HT_Delivery' is clicked on

2017-10-30 18:05:01 - [TEST_STEP][PASSED] - click: Object: 'Object Repository/Page_Assay Dashboard OptidesCompoun/button_Import' is clicked on

2017-10-30 18:05:05 - [MESSAGE][PASSED] - Object: 'Object Repository/Page_Assay Dashboard OptidesCompoun/button_Import' is clicked on

2017-10-30 18:05:05 - [TEST_STEP][PASSED] - waitForElementVisible: Object 'Object Repository/Page_Upload_HT_Delivery_Info/a_submitButton' is visible

2017-10-30 18:05:05 - [MESSAGE][WARNING] - Timeout '0' is invalid. Using default page load timeout: '30'

2017-10-30 18:05:07 - [MESSAGE][PASSED] - Object 'Object Repository/Page_Upload_HT_Delivery_Info/a_submitButton' is visible

2017-10-30 18:05:07 - [TEST_STEP][PASSED] - click: Object: 'Object Repository/Page_Upload_HT_Delivery_Info/a_submitButton' is clicked on

2017-10-30 18:05:09 - [MESSAGE][PASSED] - Object: 'Object Repository/Page_Upload_HT_Delivery_Info/a_submitButton' is clicked on

2017-10-30 18:05:09 - [TEST_STEP][PASSED] - delay: Delayed 2 second(s)

2017-10-30 18:05:11 - [MESSAGE][PASSED] - Delayed 2 second(s)

2017-10-30 18:05:11 - [TEST_STEP][FAILED] - click: Unable to click on object 'Object Repository/Page_Assay Dashboard OptidesCompoun/a_Pipeline' (Root cause: org.openqa.selenium.UnhandledAlertException: unexpected alert open: {Alert text : Protocol name is required.}
  (Session info: chrome=61.0.3163.100)
  (Driver info: chromedriver=2.33.506120 (e3e53437346286c0bc2d2dc9aa4915ba81d9023f),platform=Windows NT 6.3.9600 x86_64) (WARNING: The server did not provide any stacktrace information)
Command duration or timeout: 2 milliseconds: null
Build info: version: '2.53.0', revision: '35ae25b', time: '2016-03-15 17:00:58'
System info: host: 'HRPC03', ip: '140.107.11.113', os.name: 'Windows 8.1', os.arch: 'amd64', os.version: '6.3', java.version: '1.8.0_102'
Driver info: com.kms.katalon.selenium.driver.CChromeDriver
Capabilities [{applicationCacheEnabled=false, rotatable=false, mobileEmulationEnabled=false, networkConnectionEnabled=false, chrome={chromedriverVersion=2.33.506120 (e3e53437346286c0bc2d2dc9aa4915ba81d9023f), userDataDir=C:\Users\Hector\AppData\Local\Temp\scoped_dir2548_12214}, takesHeapSnapshot=true, pageLoadStrategy=normal, databaseEnabled=false, handlesAlerts=true, hasTouchScreen=false, version=61.0.3163.100, platform=WIN8_1, browserConnectionEnabled=false, nativeEvents=true, acceptSslCerts=true, locationContextEnabled=true, webStorageEnabled=true, browserName=chrome, takesScreenshot=true, javascriptEnabled=true, cssSelectorsEnabled=true, setWindowRect=true, unexpectedAlertBehaviour=}]
Session ID: 62e8051d20dd9cd56a95da6a3e2a05a4
*** Element info: {Using=xpath, value=id("PipelineTab")})

2017-10-30 18:05:13 - [MESSAGE][WARNING] - Cannot take screenshot

2017-10-30 18:05:13 - [MESSAGE][FAILED] - Unable to click on object 'Object Repository/Page_Assay Dashboard OptidesCompoun/a_Pipeline' (Root cause: org.openqa.selenium.UnhandledAlertException: unexpected alert open: {Alert text : Protocol name is required.}
  (Session info: chrome=61.0.3163.100)
  (Driver info: chromedriver=2.33.506120 (e3e53437346286c0bc2d2dc9aa4915ba81d9023f),platform=Windows NT 6.3.9600 x86_64) (WARNING: The server did not provide any stacktrace information)
Command duration or timeout: 2 milliseconds: null
Build info: version: '2.53.0', revision: '35ae25b', time: '2016-03-15 17:00:58'
System info: host: 'HRPC03', ip: '140.107.11.113', os.name: 'Windows 8.1', os.arch: 'amd64', os.version: '6.3', java.version: '1.8.0_102'
Driver info: com.kms.katalon.selenium.driver.CChromeDriver
Capabilities [{applicationCacheEnabled=false, rotatable=false, mobileEmulationEnabled=false, networkConnectionEnabled=false, chrome={chromedriverVersion=2.33.506120 (e3e53437346286c0bc2d2dc9aa4915ba81d9023f), userDataDir=C:\Users\Hector\AppData\Local\Temp\scoped_dir2548_12214}, takesHeapSnapshot=true, pageLoadStrategy=normal, databaseEnabled=false, handlesAlerts=true, hasTouchScreen=false, version=61.0.3163.100, platform=WIN8_1, browserConnectionEnabled=false, nativeEvents=true, acceptSslCerts=true, locationContextEnabled=true, webStorageEnabled=true, browserName=chrome, takesScreenshot=true, javascriptEnabled=true, cssSelectorsEnabled=true, setWindowRect=true, unexpectedAlertBehaviour=}]
Session ID: 62e8051d20dd9cd56a95da6a3e2a05a4
*** Element info: {Using=xpath, value=id("PipelineTab")})]]></system-out>
         <system-err><![CDATA[2017-10-30 18:04:10 - [TEST_CASE][FAILED] - Test Cases/HT_DNA Delivery.R: Test Cases/HT_DNA Delivery.R FAILED because (of) Unable to click on object 'Object Repository/Page_Assay Dashboard OptidesCompoun/a_Pipeline' (Root cause: org.openqa.selenium.UnhandledAlertException: unexpected alert open: {Alert text : Protocol name is required.}
  (Session info: chrome=61.0.3163.100)
  (Driver info: chromedriver=2.33.506120 (e3e53437346286c0bc2d2dc9aa4915ba81d9023f),platform=Windows NT 6.3.9600 x86_64) (WARNING: The server did not provide any stacktrace information)
Command duration or timeout: 2 milliseconds: null
Build info: version: '2.53.0', revision: '35ae25b', time: '2016-03-15 17:00:58'
System info: host: 'HRPC03', ip: '140.107.11.113', os.name: 'Windows 8.1', os.arch: 'amd64', os.version: '6.3', java.version: '1.8.0_102'
Driver info: com.kms.katalon.selenium.driver.CChromeDriver
Capabilities [{applicationCacheEnabled=false, rotatable=false, mobileEmulationEnabled=false, networkConnectionEnabled=false, chrome={chromedriverVersion=2.33.506120 (e3e53437346286c0bc2d2dc9aa4915ba81d9023f), userDataDir=C:\Users\Hector\AppData\Local\Temp\scoped_dir2548_12214}, takesHeapSnapshot=true, pageLoadStrategy=normal, databaseEnabled=false, handlesAlerts=true, hasTouchScreen=false, version=61.0.3163.100, platform=WIN8_1, browserConnectionEnabled=false, nativeEvents=true, acceptSslCerts=true, locationContextEnabled=true, webStorageEnabled=true, browserName=chrome, takesScreenshot=true, javascriptEnabled=true, cssSelectorsEnabled=true, setWindowRect=true, unexpectedAlertBehaviour=}]
Session ID: 62e8051d20dd9cd56a95da6a3e2a05a4
*** Element info: {Using=xpath, value=id("PipelineTab")})]]></system-err>
      </testcase>
      <system-out><![CDATA[2017-10-30 17:50:35 - [TEST_SUITE][FAILED] - OptidesLabkeyTests: Test Cases/LSCActivityCalcTest FAILED because (of) Unable to set text 'TEST0001' of object 'Object Repository/LSC_objects/Page_Data Import Run Properties and/input_name' (Root cause: com.kms.katalon.core.webui.exception.WebElementNotFoundException: Web element with id: 'Object Repository/LSC_objects/Page_Data Import Run Properties and/input_name' located by 'By.xpath: //input[count(. | //*[@name = 'name']) = count(//*[@name = 'name'])][count(. | //*[@type = 'text']) = count(//*[@type = 'text'])]' not found)]]></system-out>
      <system-err><![CDATA[2017-10-30 17:50:35 - [TEST_SUITE][FAILED] - OptidesLabkeyTests: Test Cases/LSCActivityCalcTest FAILED because (of) Unable to set text 'TEST0001' of object 'Object Repository/LSC_objects/Page_Data Import Run Properties and/input_name' (Root cause: com.kms.katalon.core.webui.exception.WebElementNotFoundException: Web element with id: 'Object Repository/LSC_objects/Page_Data Import Run Properties and/input_name' located by 'By.xpath: //input[count(. | //*[@name = 'name']) = count(//*[@name = 'name'])][count(. | //*[@type = 'text']) = count(//*[@type = 'text'])]' not found)]]></system-err>
   </testsuite>
</testsuites>
