<?xml version="1.0" encoding="UTF-8"?>
<testsuites name="OptidesLabkeyTests" time="33" tests="0" failures="1" errors="0">
   <testsuite name="OptidesLabkeyTests" tests="0" failures="1" errors="0" time="33" timestamp="2018-03-05 10:11:31" hostname="Hector - 140.107.11.32" id="Test Suites/OptidesLabkeyTests">
      <properties>
         <property name="deviceName" value=""/>
         <property name="devicePlatform" value=""/>
         <property name="logFolder" value="C:\\Users\\Hector\\Documents\\HRInternetConsulting\\Clients\\FHCRC\\Tachyon\\src\\RegressionTests\\Katalon\\OptidesTests\\Reports\\OptidesLabkeyTests\\20180305_101130"/>
         <property name="logFiles" value="C:\\Users\\Hector\\Documents\\HRInternetConsulting\\Clients\\FHCRC\\Tachyon\\src\\RegressionTests\\Katalon\\OptidesTests\\Reports\\OptidesLabkeyTests\\20180305_101130\\execution0.log"/>
         <property name="attachments" value="C:\\Users\\Hector\\Documents\\HRInternetConsulting\\Clients\\FHCRC\\Tachyon\\src\\RegressionTests\\Katalon\\OptidesTests\\Reports\\OptidesLabkeyTests\\20180305_101130\\1520273523705.png"/>
         <property name="hostName" value="Hector - 140.107.11.32"/>
         <property name="os" value="Windows 8.1 64bit"/>
         <property name="katalonVersion" value="5.1.0.2"/>
         <property name="browser" value="Chrome 64.0.3282.186"/>
         <property name="hostAddress" value="140.107.11.32"/>
         <property name="sessionId" value="a121920f10206633753940be9fa4c8d6"/>
         <property name="seleniumVersion" value="3.7.1"/>
         <property name="proxyInformation" value="ProxyInformation{proxyOption=NO_PROXY, proxyServerType=HTTP, password=, proxyServerAddress=, proxyServerPort=0}"/>
         <property name="platform" value="Windows 8.1"/>
      </properties>
      <testcase name="Test Cases/postTest-RemoveTestConstructs" classname="Test Cases/postTest-RemoveTestConstructs" status="FAILED">
         <failure type="FAILED" message="Unable to click on object 'Object Repository/Page_Sample Set Construct OptidesCo/span_Delete' (Root cause: org.openqa.selenium.WebDriverException: unknown error: Element &lt;a class=&quot;labkey-button primary icon-only labkey-disabled-button&quot; onclick=&quot;if(this.className.indexOf(&amp;quot;labkey-disabled-button&amp;quot;) != -1){return false;}this.form=document.getElementById(&amp;quot;3adbe15b-02c8-1036-9881-54d229f9a614&amp;quot;).form;if(isTrueOrUndefined(function(){return verifySelected(this.form, &amp;quot;/experiment/Optides/CompoundsRegistry/Samples/deleteMaterialByRowId.view?returnUrl=%2Fexperiment%2FOptides%2FCompoundsRegistry%2FSamples%2FshowMaterialSource.view%3FrowId%3D100%26Material.ConstructID%257Econtains%3DTST&amp;quot;, &amp;quot;post&amp;quot;, &amp;quot;rows&amp;quot;)}.call(this))){submitForm(document.getElementById(&amp;quot;3adbe15b-02c8-1036-9881-54d229f9a614&amp;quot;).form);return false;}&quot; labkey-requires-selection=&quot;Material&quot; data-tt=&quot;tooltip&quot; data-placement=&quot;top&quot; title=&quot;&quot; data-original-title=&quot;Delete&quot;>...&lt;/a> is not clickable at point (253, 503). Other element would receive the click: &lt;div id=&quot;lk-region-3258-ctxbar&quot; class=&quot;lk-region-bar lk-region-context-bar&quot;>...&lt;/div>
  (Session info: chrome=64.0.3282.186)
  (Driver info: chromedriver=2.33.506120 (e3e53437346286c0bc2d2dc9aa4915ba81d9023f),platform=Windows NT 6.3.9600 x86_64) (WARNING: The server did not provide any stacktrace information)
Command duration or timeout: 0 milliseconds
Build info: version: '3.7.1', revision: '8a0099a', time: '2017-11-06T21:07:36.161Z'
System info: host: 'HRPC03', ip: '140.107.11.32', os.name: 'Windows 8.1', os.arch: 'amd64', os.version: '6.3', java.version: '1.8.0_102'
Driver info: com.kms.katalon.selenium.driver.CChromeDriver
Capabilities {acceptSslCerts: true, applicationCacheEnabled: false, browserConnectionEnabled: false, browserName: chrome, chrome: {chromedriverVersion: 2.33.506120 (e3e53437346286..., userDataDir: C:\Users\Hector\AppData\Loc...}, cssSelectorsEnabled: true, databaseEnabled: false, handlesAlerts: true, hasTouchScreen: false, javascriptEnabled: true, locationContextEnabled: true, mobileEmulationEnabled: false, nativeEvents: true, networkConnectionEnabled: false, pageLoadStrategy: normal, platform: XP, platformName: XP, rotatable: false, setWindowRect: true, takesHeapSnapshot: true, takesScreenshot: true, unexpectedAlertBehaviour: , unhandledPromptBehavior: , version: 64.0.3282.186, webStorageEnabled: true}
Session ID: a121920f10206633753940be9fa4c8d6)"/>
         <system-out><![CDATA[2018-03-05 10:11:32 - [TEST_CASE][FAILED] - Test Cases/postTest-RemoveTestConstructs: Test Cases/postTest-RemoveTestConstructs FAILED because (of) Unable to click on object 'Object Repository/Page_Sample Set Construct OptidesCo/span_Delete' (Root cause: org.openqa.selenium.WebDriverException: unknown error: Element <a class="labkey-button primary icon-only labkey-disabled-button" onclick="if(this.className.indexOf(&quot;labkey-disabled-button&quot;) != -1){return false;}this.form=document.getElementById(&quot;3adbe15b-02c8-1036-9881-54d229f9a614&quot;).form;if(isTrueOrUndefined(function(){return verifySelected(this.form, &quot;/experiment/Optides/CompoundsRegistry/Samples/deleteMaterialByRowId.view?returnUrl=%2Fexperiment%2FOptides%2FCompoundsRegistry%2FSamples%2FshowMaterialSource.view%3FrowId%3D100%26Material.ConstructID%257Econtains%3DTST&quot;, &quot;post&quot;, &quot;rows&quot;)}.call(this))){submitForm(document.getElementById(&quot;3adbe15b-02c8-1036-9881-54d229f9a614&quot;).form);return false;}" labkey-requires-selection="Material" data-tt="tooltip" data-placement="top" title="" data-original-title="Delete">...</a> is not clickable at point (253, 503). Other element would receive the click: <div id="lk-region-3258-ctxbar" class="lk-region-bar lk-region-context-bar">...</div>
  (Session info: chrome=64.0.3282.186)
  (Driver info: chromedriver=2.33.506120 (e3e53437346286c0bc2d2dc9aa4915ba81d9023f),platform=Windows NT 6.3.9600 x86_64) (WARNING: The server did not provide any stacktrace information)
Command duration or timeout: 0 milliseconds
Build info: version: '3.7.1', revision: '8a0099a', time: '2017-11-06T21:07:36.161Z'
System info: host: 'HRPC03', ip: '140.107.11.32', os.name: 'Windows 8.1', os.arch: 'amd64', os.version: '6.3', java.version: '1.8.0_102'
Driver info: com.kms.katalon.selenium.driver.CChromeDriver
Capabilities {acceptSslCerts: true, applicationCacheEnabled: false, browserConnectionEnabled: false, browserName: chrome, chrome: {chromedriverVersion: 2.33.506120 (e3e53437346286..., userDataDir: C:\Users\Hector\AppData\Loc...}, cssSelectorsEnabled: true, databaseEnabled: false, handlesAlerts: true, hasTouchScreen: false, javascriptEnabled: true, locationContextEnabled: true, mobileEmulationEnabled: false, nativeEvents: true, networkConnectionEnabled: false, pageLoadStrategy: normal, platform: XP, platformName: XP, rotatable: false, setWindowRect: true, takesHeapSnapshot: true, takesScreenshot: true, unexpectedAlertBehaviour: , unhandledPromptBehavior: , version: 64.0.3282.186, webStorageEnabled: true}
Session ID: a121920f10206633753940be9fa4c8d6)

2018-03-05 10:11:33 - [TEST_STEP][PASSED] - callTestCase: Call Test Case 'Test Cases/OpenAndLogIn' successfully

2018-03-05 10:11:33 - [TEST_CASE][PASSED] - Test Cases/OpenAndLogIn: Test Cases/OpenAndLogIn

2018-03-05 10:11:33 - [TEST_STEP][PASSED] - openBrowser: Browser is opened with url: 'https://optides-dev-lk1.fhcrc.org'

2018-03-05 10:11:41 - [MESSAGE][PASSED] - Browser is opened with url: 'https://optides-dev-lk1.fhcrc.org'

2018-03-05 10:11:41 - [TEST_STEP][PASSED] - setViewPortSize: Viewport is set to new size with width = 2000 and height = 1500

2018-03-05 10:11:42 - [MESSAGE][PASSED] - Viewport is set to new size with width = 2000 and height = 1500

2018-03-05 10:11:42 - [TEST_STEP][PASSED] - click: Object: 'Object Repository/LSC_objects/Page_Optide Dev Server home/a_SignIn' is clicked on

2018-03-05 10:11:44 - [MESSAGE][PASSED] - Object: 'Object Repository/LSC_objects/Page_Optide Dev Server home/a_SignIn' is clicked on

2018-03-05 10:11:44 - [TEST_STEP][PASSED] - setText: Text 'hramos@fhcrc.org' is set on object 'Object Repository/LSC_objects/Page_Sign In/input_email'

2018-03-05 10:11:44 - [MESSAGE][PASSED] - Text 'hramos@fhcrc.org' is set on object 'Object Repository/LSC_objects/Page_Sign In/input_email'

2018-03-05 10:11:44 - [TEST_STEP][PASSED] - setText: Text 'One1Two2' is set on object 'Object Repository/LSC_objects/Page_Sign In/input_password'

2018-03-05 10:11:44 - [MESSAGE][PASSED] - Text 'One1Two2' is set on object 'Object Repository/LSC_objects/Page_Sign In/input_password'

2018-03-05 10:11:44 - [TEST_STEP][PASSED] - click: Object: 'Object Repository/LSC_objects/Page_Sign In/span_Sign In' is clicked on

2018-03-05 10:11:45 - [MESSAGE][PASSED] - Object: 'Object Repository/LSC_objects/Page_Sign In/span_Sign In' is clicked on

2018-03-05 10:11:45 - [TEST_STEP][PASSED] - click: Object: 'Object Repository/LSC_objects/Page_Optide Dev Server home/span_Optides' is clicked on

2018-03-05 10:11:48 - [MESSAGE][PASSED] - Object: 'Object Repository/LSC_objects/Page_Optide Dev Server home/span_Optides' is clicked on

2018-03-05 10:11:48 - [MESSAGE][PASSED] - Call Test Case 'Test Cases/OpenAndLogIn' successfully

2018-03-05 10:11:48 - [TEST_STEP][PASSED] - mouseOver: Object: 'Object Repository/Page_Start Page Optides/a_CompoundsRegistry' is hovered

2018-03-05 10:11:50 - [MESSAGE][PASSED] - Object: 'Object Repository/Page_Start Page Optides/a_CompoundsRegistry' is hovered

2018-03-05 10:11:50 - [TEST_STEP][PASSED] - waitForElementVisible: Object 'Object Repository/Page_Start Page Optides/a_Samples_CompReg' is visible

2018-03-05 10:11:50 - [MESSAGE][WARNING] - Timeout '0' is invalid. Using default page load timeout: '30'

2018-03-05 10:11:52 - [MESSAGE][PASSED] - Object 'Object Repository/Page_Start Page Optides/a_Samples_CompReg' is visible

2018-03-05 10:11:52 - [TEST_STEP][PASSED] - click: Object: 'Object Repository/Page_Start Page Optides/a_Samples_CompReg' is clicked on

2018-03-05 10:11:55 - [MESSAGE][PASSED] - Object: 'Object Repository/Page_Start Page Optides/a_Samples_CompReg' is clicked on

2018-03-05 10:11:55 - [TEST_STEP][PASSED] - click: Object: 'Object Repository/Page_Assay Dashboard OptidesCompoun/a_HT_DNA' is clicked on

2018-03-05 10:11:57 - [MESSAGE][PASSED] - Object: 'Object Repository/Page_Assay Dashboard OptidesCompoun/a_HT_DNA' is clicked on

2018-03-05 10:11:57 - [TEST_STEP][PASSED] - executeJavaScript: Execute JavaScript 'LABKEY.DataRegions['Material']._openFilter('ConstructID')' successfully

2018-03-05 10:11:57 - [MESSAGE][PASSED] - Execute JavaScript 'LABKEY.DataRegions['Material']._openFilter('ConstructID')' successfully

2018-03-05 10:11:57 - [TEST_STEP][PASSED] - setText: Text 'TST' is set on object 'Object Repository/Page_Sample Set Construct OptidesCo/input_value_1'

2018-03-05 10:11:59 - [MESSAGE][PASSED] - Text 'TST' is set on object 'Object Repository/Page_Sample Set Construct OptidesCo/input_value_1'

2018-03-05 10:11:59 - [TEST_STEP][PASSED] - click: Object: 'Object Repository/Page_Sample Set Construct OptidesCo/button_OK' is clicked on

2018-03-05 10:12:00 - [MESSAGE][PASSED] - Object: 'Object Repository/Page_Sample Set Construct OptidesCo/button_OK' is clicked on

2018-03-05 10:12:00 - [TEST_STEP][PASSED] - click: Object: 'Object Repository/Page_Sample Set Construct OptidesCo/input_.toggle' is clicked on

2018-03-05 10:12:01 - [MESSAGE][PASSED] - Object: 'Object Repository/Page_Sample Set Construct OptidesCo/input_.toggle' is clicked on

2018-03-05 10:12:01 - [TEST_STEP][FAILED] - click: Unable to click on object 'Object Repository/Page_Sample Set Construct OptidesCo/span_Delete' (Root cause: org.openqa.selenium.WebDriverException: unknown error: Element <a class="labkey-button primary icon-only labkey-disabled-button" onclick="if(this.className.indexOf(&quot;labkey-disabled-button&quot;) != -1){return false;}this.form=document.getElementById(&quot;3adbe15b-02c8-1036-9881-54d229f9a614&quot;).form;if(isTrueOrUndefined(function(){return verifySelected(this.form, &quot;/experiment/Optides/CompoundsRegistry/Samples/deleteMaterialByRowId.view?returnUrl=%2Fexperiment%2FOptides%2FCompoundsRegistry%2FSamples%2FshowMaterialSource.view%3FrowId%3D100%26Material.ConstructID%257Econtains%3DTST&quot;, &quot;post&quot;, &quot;rows&quot;)}.call(this))){submitForm(document.getElementById(&quot;3adbe15b-02c8-1036-9881-54d229f9a614&quot;).form);return false;}" labkey-requires-selection="Material" data-tt="tooltip" data-placement="top" title="" data-original-title="Delete">...</a> is not clickable at point (253, 503). Other element would receive the click: <div id="lk-region-3258-ctxbar" class="lk-region-bar lk-region-context-bar">...</div>
  (Session info: chrome=64.0.3282.186)
  (Driver info: chromedriver=2.33.506120 (e3e53437346286c0bc2d2dc9aa4915ba81d9023f),platform=Windows NT 6.3.9600 x86_64) (WARNING: The server did not provide any stacktrace information)
Command duration or timeout: 0 milliseconds
Build info: version: '3.7.1', revision: '8a0099a', time: '2017-11-06T21:07:36.161Z'
System info: host: 'HRPC03', ip: '140.107.11.32', os.name: 'Windows 8.1', os.arch: 'amd64', os.version: '6.3', java.version: '1.8.0_102'
Driver info: com.kms.katalon.selenium.driver.CChromeDriver
Capabilities {acceptSslCerts: true, applicationCacheEnabled: false, browserConnectionEnabled: false, browserName: chrome, chrome: {chromedriverVersion: 2.33.506120 (e3e53437346286..., userDataDir: C:\Users\Hector\AppData\Loc...}, cssSelectorsEnabled: true, databaseEnabled: false, handlesAlerts: true, hasTouchScreen: false, javascriptEnabled: true, locationContextEnabled: true, mobileEmulationEnabled: false, nativeEvents: true, networkConnectionEnabled: false, pageLoadStrategy: normal, platform: XP, platformName: XP, rotatable: false, setWindowRect: true, takesHeapSnapshot: true, takesScreenshot: true, unexpectedAlertBehaviour: , unhandledPromptBehavior: , version: 64.0.3282.186, webStorageEnabled: true}
Session ID: a121920f10206633753940be9fa4c8d6)

2018-03-05 10:12:04 - [MESSAGE][FAILED] - Unable to click on object 'Object Repository/Page_Sample Set Construct OptidesCo/span_Delete' (Root cause: org.openqa.selenium.WebDriverException: unknown error: Element <a class="labkey-button primary icon-only labkey-disabled-button" onclick="if(this.className.indexOf(&quot;labkey-disabled-button&quot;) != -1){return false;}this.form=document.getElementById(&quot;3adbe15b-02c8-1036-9881-54d229f9a614&quot;).form;if(isTrueOrUndefined(function(){return verifySelected(this.form, &quot;/experiment/Optides/CompoundsRegistry/Samples/deleteMaterialByRowId.view?returnUrl=%2Fexperiment%2FOptides%2FCompoundsRegistry%2FSamples%2FshowMaterialSource.view%3FrowId%3D100%26Material.ConstructID%257Econtains%3DTST&quot;, &quot;post&quot;, &quot;rows&quot;)}.call(this))){submitForm(document.getElementById(&quot;3adbe15b-02c8-1036-9881-54d229f9a614&quot;).form);return false;}" labkey-requires-selection="Material" data-tt="tooltip" data-placement="top" title="" data-original-title="Delete">...</a> is not clickable at point (253, 503). Other element would receive the click: <div id="lk-region-3258-ctxbar" class="lk-region-bar lk-region-context-bar">...</div>
  (Session info: chrome=64.0.3282.186)
  (Driver info: chromedriver=2.33.506120 (e3e53437346286c0bc2d2dc9aa4915ba81d9023f),platform=Windows NT 6.3.9600 x86_64) (WARNING: The server did not provide any stacktrace information)
Command duration or timeout: 0 milliseconds
Build info: version: '3.7.1', revision: '8a0099a', time: '2017-11-06T21:07:36.161Z'
System info: host: 'HRPC03', ip: '140.107.11.32', os.name: 'Windows 8.1', os.arch: 'amd64', os.version: '6.3', java.version: '1.8.0_102'
Driver info: com.kms.katalon.selenium.driver.CChromeDriver
Capabilities {acceptSslCerts: true, applicationCacheEnabled: false, browserConnectionEnabled: false, browserName: chrome, chrome: {chromedriverVersion: 2.33.506120 (e3e53437346286..., userDataDir: C:\Users\Hector\AppData\Loc...}, cssSelectorsEnabled: true, databaseEnabled: false, handlesAlerts: true, hasTouchScreen: false, javascriptEnabled: true, locationContextEnabled: true, mobileEmulationEnabled: false, nativeEvents: true, networkConnectionEnabled: false, pageLoadStrategy: normal, platform: XP, platformName: XP, rotatable: false, setWindowRect: true, takesHeapSnapshot: true, takesScreenshot: true, unexpectedAlertBehaviour: , unhandledPromptBehavior: , version: 64.0.3282.186, webStorageEnabled: true}
Session ID: a121920f10206633753940be9fa4c8d6)
[[ATTACHMENT|C:\\Users\\Hector\\Documents\\HRInternetConsulting\\Clients\\FHCRC\\Tachyon\\src\\RegressionTests\\Katalon\\OptidesTests\\Reports\\OptidesLabkeyTests\\20180305_101130\\1520273523705.png]]]]></system-out>
         <system-err><![CDATA[2018-03-05 10:11:32 - [TEST_CASE][FAILED] - Test Cases/postTest-RemoveTestConstructs: Test Cases/postTest-RemoveTestConstructs FAILED because (of) Unable to click on object 'Object Repository/Page_Sample Set Construct OptidesCo/span_Delete' (Root cause: org.openqa.selenium.WebDriverException: unknown error: Element <a class="labkey-button primary icon-only labkey-disabled-button" onclick="if(this.className.indexOf(&quot;labkey-disabled-button&quot;) != -1){return false;}this.form=document.getElementById(&quot;3adbe15b-02c8-1036-9881-54d229f9a614&quot;).form;if(isTrueOrUndefined(function(){return verifySelected(this.form, &quot;/experiment/Optides/CompoundsRegistry/Samples/deleteMaterialByRowId.view?returnUrl=%2Fexperiment%2FOptides%2FCompoundsRegistry%2FSamples%2FshowMaterialSource.view%3FrowId%3D100%26Material.ConstructID%257Econtains%3DTST&quot;, &quot;post&quot;, &quot;rows&quot;)}.call(this))){submitForm(document.getElementById(&quot;3adbe15b-02c8-1036-9881-54d229f9a614&quot;).form);return false;}" labkey-requires-selection="Material" data-tt="tooltip" data-placement="top" title="" data-original-title="Delete">...</a> is not clickable at point (253, 503). Other element would receive the click: <div id="lk-region-3258-ctxbar" class="lk-region-bar lk-region-context-bar">...</div>
  (Session info: chrome=64.0.3282.186)
  (Driver info: chromedriver=2.33.506120 (e3e53437346286c0bc2d2dc9aa4915ba81d9023f),platform=Windows NT 6.3.9600 x86_64) (WARNING: The server did not provide any stacktrace information)
Command duration or timeout: 0 milliseconds
Build info: version: '3.7.1', revision: '8a0099a', time: '2017-11-06T21:07:36.161Z'
System info: host: 'HRPC03', ip: '140.107.11.32', os.name: 'Windows 8.1', os.arch: 'amd64', os.version: '6.3', java.version: '1.8.0_102'
Driver info: com.kms.katalon.selenium.driver.CChromeDriver
Capabilities {acceptSslCerts: true, applicationCacheEnabled: false, browserConnectionEnabled: false, browserName: chrome, chrome: {chromedriverVersion: 2.33.506120 (e3e53437346286..., userDataDir: C:\Users\Hector\AppData\Loc...}, cssSelectorsEnabled: true, databaseEnabled: false, handlesAlerts: true, hasTouchScreen: false, javascriptEnabled: true, locationContextEnabled: true, mobileEmulationEnabled: false, nativeEvents: true, networkConnectionEnabled: false, pageLoadStrategy: normal, platform: XP, platformName: XP, rotatable: false, setWindowRect: true, takesHeapSnapshot: true, takesScreenshot: true, unexpectedAlertBehaviour: , unhandledPromptBehavior: , version: 64.0.3282.186, webStorageEnabled: true}
Session ID: a121920f10206633753940be9fa4c8d6)]]></system-err>
      </testcase>
      <system-out><![CDATA[2018-03-05 10:11:31 - [TEST_SUITE][FAILED] - OptidesLabkeyTests: Test Cases/postTest-RemoveTestConstructs FAILED because (of) Unable to click on object 'Object Repository/Page_Sample Set Construct OptidesCo/span_Delete' (Root cause: org.openqa.selenium.WebDriverException: unknown error: Element <a class="labkey-button primary icon-only labkey-disabled-button" onclick="if(this.className.indexOf(&quot;labkey-disabled-button&quot;) != -1){return false;}this.form=document.getElementById(&quot;3adbe15b-02c8-1036-9881-54d229f9a614&quot;).form;if(isTrueOrUndefined(function(){return verifySelected(this.form, &quot;/experiment/Optides/CompoundsRegistry/Samples/deleteMaterialByRowId.view?returnUrl=%2Fexperiment%2FOptides%2FCompoundsRegistry%2FSamples%2FshowMaterialSource.view%3FrowId%3D100%26Material.ConstructID%257Econtains%3DTST&quot;, &quot;post&quot;, &quot;rows&quot;)}.call(this))){submitForm(document.getElementById(&quot;3adbe15b-02c8-1036-9881-54d229f9a614&quot;).form);return false;}" labkey-requires-selection="Material" data-tt="tooltip" data-placement="top" title="" data-original-title="Delete">...</a> is not clickable at point (253, 503). Other element would receive the click: <div id="lk-region-3258-ctxbar" class="lk-region-bar lk-region-context-bar">...</div>
  (Session info: chrome=64.0.3282.186)
  (Driver info: chromedriver=2.33.506120 (e3e53437346286c0bc2d2dc9aa4915ba81d9023f),platform=Windows NT 6.3.9600 x86_64) (WARNING: The server did not provide any stacktrace information)
Command duration or timeout: 0 milliseconds
Build info: version: '3.7.1', revision: '8a0099a', time: '2017-11-06T21:07:36.161Z'
System info: host: 'HRPC03', ip: '140.107.11.32', os.name: 'Windows 8.1', os.arch: 'amd64', os.version: '6.3', java.version: '1.8.0_102'
Driver info: com.kms.katalon.selenium.driver.CChromeDriver
Capabilities {acceptSslCerts: true, applicationCacheEnabled: false, browserConnectionEnabled: false, browserName: chrome, chrome: {chromedriverVersion: 2.33.506120 (e3e53437346286..., userDataDir: C:\Users\Hector\AppData\Loc...}, cssSelectorsEnabled: true, databaseEnabled: false, handlesAlerts: true, hasTouchScreen: false, javascriptEnabled: true, locationContextEnabled: true, mobileEmulationEnabled: false, nativeEvents: true, networkConnectionEnabled: false, pageLoadStrategy: normal, platform: XP, platformName: XP, rotatable: false, setWindowRect: true, takesHeapSnapshot: true, takesScreenshot: true, unexpectedAlertBehaviour: , unhandledPromptBehavior: , version: 64.0.3282.186, webStorageEnabled: true}
Session ID: a121920f10206633753940be9fa4c8d6)]]></system-out>
      <system-err><![CDATA[2018-03-05 10:11:31 - [TEST_SUITE][FAILED] - OptidesLabkeyTests: Test Cases/postTest-RemoveTestConstructs FAILED because (of) Unable to click on object 'Object Repository/Page_Sample Set Construct OptidesCo/span_Delete' (Root cause: org.openqa.selenium.WebDriverException: unknown error: Element <a class="labkey-button primary icon-only labkey-disabled-button" onclick="if(this.className.indexOf(&quot;labkey-disabled-button&quot;) != -1){return false;}this.form=document.getElementById(&quot;3adbe15b-02c8-1036-9881-54d229f9a614&quot;).form;if(isTrueOrUndefined(function(){return verifySelected(this.form, &quot;/experiment/Optides/CompoundsRegistry/Samples/deleteMaterialByRowId.view?returnUrl=%2Fexperiment%2FOptides%2FCompoundsRegistry%2FSamples%2FshowMaterialSource.view%3FrowId%3D100%26Material.ConstructID%257Econtains%3DTST&quot;, &quot;post&quot;, &quot;rows&quot;)}.call(this))){submitForm(document.getElementById(&quot;3adbe15b-02c8-1036-9881-54d229f9a614&quot;).form);return false;}" labkey-requires-selection="Material" data-tt="tooltip" data-placement="top" title="" data-original-title="Delete">...</a> is not clickable at point (253, 503). Other element would receive the click: <div id="lk-region-3258-ctxbar" class="lk-region-bar lk-region-context-bar">...</div>
  (Session info: chrome=64.0.3282.186)
  (Driver info: chromedriver=2.33.506120 (e3e53437346286c0bc2d2dc9aa4915ba81d9023f),platform=Windows NT 6.3.9600 x86_64) (WARNING: The server did not provide any stacktrace information)
Command duration or timeout: 0 milliseconds
Build info: version: '3.7.1', revision: '8a0099a', time: '2017-11-06T21:07:36.161Z'
System info: host: 'HRPC03', ip: '140.107.11.32', os.name: 'Windows 8.1', os.arch: 'amd64', os.version: '6.3', java.version: '1.8.0_102'
Driver info: com.kms.katalon.selenium.driver.CChromeDriver
Capabilities {acceptSslCerts: true, applicationCacheEnabled: false, browserConnectionEnabled: false, browserName: chrome, chrome: {chromedriverVersion: 2.33.506120 (e3e53437346286..., userDataDir: C:\Users\Hector\AppData\Loc...}, cssSelectorsEnabled: true, databaseEnabled: false, handlesAlerts: true, hasTouchScreen: false, javascriptEnabled: true, locationContextEnabled: true, mobileEmulationEnabled: false, nativeEvents: true, networkConnectionEnabled: false, pageLoadStrategy: normal, platform: XP, platformName: XP, rotatable: false, setWindowRect: true, takesHeapSnapshot: true, takesScreenshot: true, unexpectedAlertBehaviour: , unhandledPromptBehavior: , version: 64.0.3282.186, webStorageEnabled: true}
Session ID: a121920f10206633753940be9fa4c8d6)]]></system-err>
   </testsuite>
</testsuites>
